<?xml version="1.0" encoding="UTF-8"?>
<coverage generated="1774862276585" clover="3.2.0">
  <project timestamp="1774862276586" name="All files">
    <metrics statements="1690" coveredstatements="961" conditionals="1808" coveredconditionals="795" methods="198" coveredmethods="121" elements="3696" coveredelements="1877" complexity="0" loc="1690" ncloc="1690" packages="10" files="24" classes="24"/>
    <package name="backend">
      <metrics statements="392" coveredstatements="229" conditionals="282" coveredconditionals="101" methods="67" coveredmethods="43"/>
      <file name="server.js" path="C:\Users\Daksh\OneDrive\carterA++\backend\server.js">
        <metrics statements="392" coveredstatements="229" conditionals="282" coveredconditionals="101" methods="67" coveredmethods="43"/>
        <line num="1" count="11" type="stmt"/>
        <line num="2" count="11" type="stmt"/>
        <line num="3" count="11" type="stmt"/>
        <line num="4" count="11" type="stmt"/>
        <line num="5" count="11" type="stmt"/>
        <line num="6" count="11" type="stmt"/>
        <line num="7" count="11" type="stmt"/>
        <line num="9" count="11" type="stmt"/>
        <line num="10" count="11" type="stmt"/>
        <line num="11" count="11" type="stmt"/>
        <line num="19" count="11" type="stmt"/>
        <line num="21" count="11" type="cond" truecount="0" falsecount="1"/>
        <line num="22" count="1" type="stmt"/>
        <line num="24" count="1" type="stmt"/>
        <line num="25" count="1" type="stmt"/>
        <line num="26" count="3" type="cond" truecount="2" falsecount="0"/>
        <line num="27" count="1" type="stmt"/>
        <line num="28" count="2" type="cond" truecount="3" falsecount="1"/>
        <line num="29" count="0" type="cond" truecount="0" falsecount="5"/>
        <line num="31" count="2" type="stmt"/>
        <line num="36" count="1" type="cond" truecount="1" falsecount="1"/>
        <line num="37" count="1" type="stmt"/>
        <line num="40" count="1" type="stmt"/>
        <line num="41" count="3" type="cond" truecount="1" falsecount="1"/>
        <line num="43" count="3" type="stmt"/>
        <line num="46" count="11" type="cond" truecount="0" falsecount="2"/>
        <line num="47" count="2" type="stmt"/>
        <line num="51" count="4" type="cond" truecount="1" falsecount="1"/>
        <line num="53" count="4" type="stmt"/>
        <line num="55" count="2" type="stmt"/>
        <line num="60" count="2" type="stmt"/>
        <line num="65" count="2" type="stmt"/>
        <line num="69" count="11" type="cond" truecount="0" falsecount="1"/>
        <line num="70" count="3" type="stmt"/>
        <line num="73" count="2" type="stmt"/>
        <line num="77" count="4" type="cond" truecount="1" falsecount="1"/>
        <line num="82" count="3" type="stmt"/>
        <line num="83" count="3" type="cond" truecount="4" falsecount="0"/>
        <line num="84" count="2" type="stmt"/>
        <line num="85" count="2" type="stmt"/>
        <line num="86" count="0" type="cond" truecount="0" falsecount="2"/>
        <line num="90" count="3" type="stmt"/>
        <line num="94" count="11" type="stmt"/>
        <line num="95" count="11" type="stmt"/>
        <line num="96" count="11" type="stmt"/>
        <line num="97" count="11" type="stmt"/>
        <line num="99" count="11" type="stmt"/>
        <line num="100" count="11" type="stmt"/>
        <line num="101" count="11" type="cond" truecount="1" falsecount="1"/>
        <line num="102" count="11" type="stmt"/>
        <line num="103" count="11" type="stmt"/>
        <line num="104" count="11" type="stmt"/>
        <line num="105" count="11" type="cond" truecount="2" falsecount="0"/>
        <line num="106" count="11" type="stmt"/>
        <line num="107" count="11" type="cond" truecount="2" falsecount="0"/>
        <line num="108" count="11" type="cond" truecount="2" falsecount="0"/>
        <line num="110" count="11" type="stmt"/>
        <line num="119" count="11" type="cond" truecount="1" falsecount="0"/>
        <line num="120" count="268" type="stmt"/>
        <line num="121" count="268" type="cond" truecount="1" falsecount="1"/>
        <line num="122" count="0" type="stmt"/>
        <line num="126" count="11" type="cond" truecount="0" falsecount="2"/>
        <line num="127" count="15" type="cond" truecount="4" falsecount="0"/>
        <line num="128" count="1" type="stmt"/>
        <line num="130" count="29" type="stmt"/>
        <line num="131" count="14" type="stmt"/>
        <line num="132" count="14" type="stmt"/>
        <line num="135" count="11" type="stmt"/>
        <line num="136" count="5" type="cond" truecount="1" falsecount="1"/>
        <line num="137" count="5" type="stmt"/>
        <line num="140" count="0" type="cond" truecount="0" falsecount="2"/>
        <line num="141" count="0" type="cond" truecount="0" falsecount="2"/>
        <line num="142" count="0" type="stmt"/>
        <line num="148" count="0" type="stmt"/>
        <line num="149" count="0" type="cond" truecount="0" falsecount="4"/>
        <line num="150" count="0" type="stmt"/>
        <line num="156" count="0" type="stmt"/>
        <line num="160" count="11" type="stmt"/>
        <line num="163" count="11" type="stmt"/>
        <line num="170" count="11" type="stmt"/>
        <line num="171" count="11" type="stmt"/>
        <line num="174" count="11" type="cond" truecount="1" falsecount="1"/>
        <line num="175" count="0" type="stmt"/>
        <line num="179" count="11" type="stmt"/>
        <line num="180" count="134" type="cond" truecount="2" falsecount="0"/>
        <line num="181" count="134" type="cond" truecount="2" falsecount="0"/>
        <line num="182" count="134" type="stmt"/>
        <line num="184" count="134" type="stmt"/>
        <line num="185" count="134" type="stmt"/>
        <line num="186" count="134" type="stmt"/>
        <line num="187" count="134" type="cond" truecount="1" falsecount="2"/>
        <line num="188" count="134" type="stmt"/>
        <line num="189" count="134" type="cond" truecount="1" falsecount="1"/>
        <line num="190" count="134" type="stmt"/>
        <line num="191" count="134" type="stmt"/>
        <line num="193" count="134" type="stmt"/>
        <line num="194" count="134" type="cond" truecount="2" falsecount="0"/>
        <line num="195" count="134" type="cond" truecount="2" falsecount="0"/>
        <line num="196" count="134" type="stmt"/>
        <line num="198" count="134" type="cond" truecount="2" falsecount="0"/>
        <line num="204" count="134" type="stmt"/>
        <line num="205" count="134" type="cond" truecount="2" falsecount="0"/>
        <line num="206" count="134" type="cond" truecount="2" falsecount="0"/>
        <line num="207" count="134" type="stmt"/>
        <line num="208" count="134" type="stmt"/>
        <line num="210" count="134" type="stmt"/>
        <line num="220" count="134" type="stmt"/>
        <line num="223" count="134" type="stmt"/>
        <line num="227" count="11" type="stmt"/>
        <line num="228" count="4" type="stmt"/>
        <line num="231" count="11" type="stmt"/>
        <line num="232" count="2" type="stmt"/>
        <line num="233" count="2" type="stmt"/>
        <line num="241" count="2" type="stmt"/>
        <line num="250" count="11" type="stmt"/>
        <line num="251" count="4" type="stmt"/>
        <line num="252" count="7" type="stmt"/>
        <line num="259" count="10" type="stmt"/>
        <line num="262" count="6" type="stmt"/>
        <line num="265" count="4" type="stmt"/>
        <line num="266" count="4" type="cond" truecount="2" falsecount="0"/>
        <line num="269" count="4" type="cond" truecount="2" falsecount="0"/>
        <line num="273" count="4" type="stmt"/>
        <line num="295" count="11" type="stmt"/>
        <line num="296" count="1" type="stmt"/>
        <line num="297" count="1" type="stmt"/>
        <line num="298" count="1" type="stmt"/>
        <line num="300" count="1" type="stmt"/>
        <line num="301" count="1" type="stmt"/>
        <line num="302" count="1" type="stmt"/>
        <line num="304" count="1" type="stmt"/>
        <line num="305" count="1" type="stmt"/>
        <line num="306" count="1" type="stmt"/>
        <line num="308" count="1" type="stmt"/>
        <line num="309" count="1" type="stmt"/>
        <line num="310" count="1" type="stmt"/>
        <line num="312" count="1" type="stmt"/>
        <line num="313" count="1" type="stmt"/>
        <line num="314" count="1" type="stmt"/>
        <line num="316" count="1" type="stmt"/>
        <line num="317" count="1" type="stmt"/>
        <line num="318" count="1" type="stmt"/>
        <line num="319" count="3" type="stmt"/>
        <line num="322" count="1" type="stmt"/>
        <line num="323" count="1" type="stmt"/>
        <line num="324" count="1" type="stmt"/>
        <line num="325" count="3" type="stmt"/>
        <line num="328" count="1" type="stmt"/>
        <line num="329" count="1" type="stmt"/>
        <line num="330" count="1" type="stmt"/>
        <line num="331" count="3" type="stmt"/>
        <line num="334" count="1" type="stmt"/>
        <line num="335" count="1" type="stmt"/>
        <line num="339" count="11" type="stmt"/>
        <line num="340" count="11" type="stmt"/>
        <line num="341" count="11" type="stmt"/>
        <line num="342" count="11" type="stmt"/>
        <line num="343" count="11" type="stmt"/>
        <line num="346" count="11" type="stmt"/>
        <line num="347" count="0" type="stmt"/>
        <line num="351" count="11" type="stmt"/>
        <line num="352" count="1" type="stmt"/>
        <line num="353" count="1" type="stmt"/>
        <line num="354" count="1" type="cond" truecount="1" falsecount="1"/>
        <line num="355" count="1" type="stmt"/>
        <line num="356" count="1" type="cond" truecount="1" falsecount="1"/>
        <line num="357" count="1" type="cond" truecount="1" falsecount="1"/>
        <line num="358" count="1" type="stmt"/>
        <line num="359" count="1" type="stmt"/>
        <line num="361" count="0" type="stmt"/>
        <line num="365" count="11" type="stmt"/>
        <line num="366" count="1" type="stmt"/>
        <line num="367" count="1" type="cond" truecount="1" falsecount="1"/>
        <line num="368" count="1" type="stmt"/>
        <line num="369" count="1" type="cond" truecount="1" falsecount="1"/>
        <line num="370" count="1" type="stmt"/>
        <line num="371" count="1" type="stmt"/>
        <line num="372" count="0" type="stmt"/>
        <line num="374" count="1" type="stmt"/>
        <line num="378" count="11" type="stmt"/>
        <line num="379" count="0" type="stmt"/>
        <line num="380" count="0" type="cond" truecount="0" falsecount="2"/>
        <line num="381" count="0" type="stmt"/>
        <line num="389" count="0" type="stmt"/>
        <line num="390" count="0" type="stmt"/>
        <line num="395" count="0" type="stmt"/>
        <line num="397" count="0" type="stmt"/>
        <line num="402" count="11" type="stmt"/>
        <line num="403" count="0" type="stmt"/>
        <line num="404" count="0" type="stmt"/>
        <line num="405" count="0" type="cond" truecount="0" falsecount="2"/>
        <line num="406" count="0" type="stmt"/>
        <line num="407" count="0" type="cond" truecount="0" falsecount="2"/>
        <line num="408" count="0" type="stmt"/>
        <line num="409" count="0" type="stmt"/>
        <line num="411" count="0" type="stmt"/>
        <line num="415" count="11" type="stmt"/>
        <line num="416" count="0" type="stmt"/>
        <line num="417" count="0" type="stmt"/>
        <line num="418" count="0" type="cond" truecount="0" falsecount="2"/>
        <line num="419" count="0" type="stmt"/>
        <line num="420" count="0" type="stmt"/>
        <line num="421" count="0" type="stmt"/>
        <line num="423" count="0" type="stmt"/>
        <line num="427" count="11" type="stmt"/>
        <line num="428" count="1" type="stmt"/>
        <line num="429" count="1" type="cond" truecount="1" falsecount="1"/>
        <line num="430" count="1" type="stmt"/>
        <line num="431" count="1" type="cond" truecount="3" falsecount="1"/>
        <line num="432" count="0" type="stmt"/>
        <line num="433" count="0" type="stmt"/>
        <line num="434" count="0" type="stmt"/>
        <line num="436" count="0" type="stmt"/>
        <line num="441" count="11" type="stmt"/>
        <line num="442" count="3" type="stmt"/>
        <line num="443" count="3" type="cond" truecount="1" falsecount="1"/>
        <line num="444" count="3" type="cond" truecount="3" falsecount="0"/>
        <line num="445" count="3" type="cond" truecount="2" falsecount="0"/>
        <line num="448" count="3" type="stmt"/>
        <line num="449" count="3" type="stmt"/>
        <line num="450" count="3" type="stmt"/>
        <line num="452" count="0" type="stmt"/>
        <line num="457" count="11" type="stmt"/>
        <line num="458" count="0" type="stmt"/>
        <line num="459" count="0" type="stmt"/>
        <line num="462" count="11" type="stmt"/>
        <line num="463" count="0" type="stmt"/>
        <line num="464" count="0" type="cond" truecount="0" falsecount="2"/>
        <line num="466" count="0" type="cond" truecount="0" falsecount="3"/>
        <line num="467" count="0" type="cond" truecount="0" falsecount="2"/>
        <line num="470" count="0" type="stmt"/>
        <line num="471" count="0" type="stmt"/>
        <line num="473" count="0" type="stmt"/>
        <line num="481" count="0" type="stmt"/>
        <line num="486" count="11" type="stmt"/>
        <line num="487" count="0" type="stmt"/>
        <line num="488" count="0" type="cond" truecount="0" falsecount="2"/>
        <line num="489" count="0" type="stmt"/>
        <line num="499" count="0" type="stmt"/>
        <line num="528" count="0" type="stmt"/>
        <line num="529" count="0" type="stmt"/>
        <line num="538" count="0" type="stmt"/>
        <line num="548" count="11" type="stmt"/>
        <line num="549" count="1" type="stmt"/>
        <line num="550" count="1" type="cond" truecount="1" falsecount="1"/>
        <line num="551" count="1" type="cond" truecount="1" falsecount="1"/>
        <line num="552" count="1" type="cond" truecount="2" falsecount="0"/>
        <line num="553" count="1" type="cond" truecount="1" falsecount="1"/>
        <line num="554" count="1" type="stmt"/>
        <line num="556" count="1" type="cond" truecount="3" falsecount="2"/>
        <line num="557" count="1" type="stmt"/>
        <line num="560" count="0" type="stmt"/>
        <line num="561" count="0" type="cond" truecount="0" falsecount="2"/>
        <line num="562" count="0" type="stmt"/>
        <line num="563" count="0" type="cond" truecount="0" falsecount="2"/>
        <line num="564" count="0" type="stmt"/>
        <line num="565" count="0" type="stmt"/>
        <line num="566" count="0" type="stmt"/>
        <line num="568" count="0" type="cond" truecount="0" falsecount="2"/>
        <line num="569" count="0" type="stmt"/>
        <line num="571" count="0" type="cond" truecount="0" falsecount="2"/>
        <line num="575" count="0" type="stmt"/>
        <line num="576" count="0" type="cond" truecount="0" falsecount="2"/>
        <line num="577" count="0" type="stmt"/>
        <line num="578" count="0" type="stmt"/>
        <line num="583" count="0" type="stmt"/>
        <line num="586" count="0" type="stmt"/>
        <line num="595" count="0" type="stmt"/>
        <line num="596" count="0" type="stmt"/>
        <line num="598" count="0" type="cond" truecount="0" falsecount="2"/>
        <line num="599" count="0" type="stmt"/>
        <line num="600" count="0" type="cond" truecount="0" falsecount="2"/>
        <line num="601" count="0" type="cond" truecount="0" falsecount="2"/>
        <line num="602" count="0" type="cond" truecount="0" falsecount="2"/>
        <line num="603" count="0" type="stmt"/>
        <line num="604" count="0" type="stmt"/>
        <line num="605" count="0" type="cond" truecount="0" falsecount="2"/>
        <line num="606" count="0" type="cond" truecount="0" falsecount="2"/>
        <line num="607" count="0" type="stmt"/>
        <line num="609" count="0" type="cond" truecount="0" falsecount="4"/>
        <line num="613" count="0" type="cond" truecount="0" falsecount="2"/>
        <line num="614" count="0" type="stmt"/>
        <line num="615" count="0" type="stmt"/>
        <line num="617" count="0" type="stmt"/>
        <line num="618" count="0" type="stmt"/>
        <line num="621" count="0" type="stmt"/>
        <line num="625" count="0" type="stmt"/>
        <line num="629" count="11" type="stmt"/>
        <line num="630" count="1" type="stmt"/>
        <line num="631" count="1" type="cond" truecount="1" falsecount="1"/>
        <line num="633" count="1" type="cond" truecount="1" falsecount="1"/>
        <line num="634" count="1" type="cond" truecount="3" falsecount="0"/>
        <line num="636" count="1" type="cond" truecount="3" falsecount="1"/>
        <line num="637" count="1" type="stmt"/>
        <line num="643" count="0" type="stmt"/>
        <line num="656" count="0" type="stmt"/>
        <line num="669" count="0" type="cond" truecount="0" falsecount="2"/>
        <line num="670" count="0" type="stmt"/>
        <line num="673" count="0" type="stmt"/>
        <line num="674" count="0" type="stmt"/>
        <line num="675" count="0" type="stmt"/>
        <line num="677" count="0" type="stmt"/>
        <line num="678" count="0" type="stmt"/>
        <line num="683" count="0" type="cond" truecount="0" falsecount="2"/>
        <line num="684" count="0" type="stmt"/>
        <line num="685" count="0" type="stmt"/>
        <line num="689" count="0" type="stmt"/>
        <line num="701" count="1" type="stmt"/>
        <line num="705" count="11" type="stmt"/>
        <line num="706" count="1" type="stmt"/>
        <line num="707" count="1" type="cond" truecount="1" falsecount="1"/>
        <line num="708" count="0" type="stmt"/>
        <line num="711" count="1" type="stmt"/>
        <line num="712" count="1" type="cond" truecount="1" falsecount="1"/>
        <line num="713" count="1" type="stmt"/>
        <line num="716" count="0" type="stmt"/>
        <line num="718" count="0" type="cond" truecount="0" falsecount="2"/>
        <line num="719" count="0" type="cond" truecount="0" falsecount="2"/>
        <line num="720" count="0" type="cond" truecount="0" falsecount="2"/>
        <line num="721" count="0" type="stmt"/>
        <line num="723" count="0" type="stmt"/>
        <line num="724" count="0" type="stmt"/>
        <line num="727" count="0" type="cond" truecount="0" falsecount="2"/>
        <line num="728" count="0" type="stmt"/>
        <line num="729" count="0" type="cond" truecount="0" falsecount="4"/>
        <line num="730" count="0" type="stmt"/>
        <line num="732" count="0" type="stmt"/>
        <line num="735" count="0" type="cond" truecount="0" falsecount="2"/>
        <line num="736" count="0" type="stmt"/>
        <line num="737" count="0" type="cond" truecount="0" falsecount="4"/>
        <line num="738" count="0" type="stmt"/>
        <line num="740" count="0" type="stmt"/>
        <line num="743" count="0" type="cond" truecount="0" falsecount="2"/>
        <line num="744" count="0" type="cond" truecount="0" falsecount="2"/>
        <line num="747" count="0" type="cond" truecount="0" falsecount="4"/>
        <line num="752" count="0" type="cond" truecount="0" falsecount="2"/>
        <line num="753" count="0" type="stmt"/>
        <line num="754" count="0" type="cond" truecount="0" falsecount="2"/>
        <line num="755" count="0" type="stmt"/>
        <line num="757" count="0" type="stmt"/>
        <line num="758" count="0" type="stmt"/>
        <line num="761" count="0" type="cond" truecount="0" falsecount="2"/>
        <line num="762" count="0" type="stmt"/>
        <line num="765" count="0" type="stmt"/>
        <line num="766" count="0" type="stmt"/>
        <line num="767" count="0" type="stmt"/>
        <line num="773" count="0" type="stmt"/>
        <line num="779" count="0" type="cond" truecount="0" falsecount="2"/>
        <line num="780" count="0" type="stmt"/>
        <line num="782" count="0" type="stmt"/>
        <line num="786" count="11" type="stmt"/>
        <line num="787" count="1" type="stmt"/>
        <line num="788" count="1" type="cond" truecount="1" falsecount="1"/>
        <line num="789" count="1" type="stmt"/>
        <line num="797" count="1" type="stmt"/>
        <line num="798" count="1" type="stmt"/>
        <line num="803" count="1" type="stmt"/>
        <line num="805" count="0" type="stmt"/>
        <line num="810" count="11" type="stmt"/>
        <line num="811" count="2" type="stmt"/>
        <line num="812" count="2" type="cond" truecount="1" falsecount="1"/>
        <line num="813" count="2" type="stmt"/>
        <line num="814" count="2" type="cond" truecount="2" falsecount="0"/>
        <line num="815" count="1" type="stmt"/>
        <line num="820" count="2" type="stmt"/>
        <line num="821" count="2" type="stmt"/>
        <line num="823" count="0" type="stmt"/>
        <line num="828" count="11" type="cond" truecount="1" falsecount="1"/>
        <line num="829" count="0" type="stmt"/>
        <line num="830" count="0" type="cond" truecount="0" falsecount="4"/>
        <line num="831" count="0" type="stmt"/>
        <line num="832" count="0" type="cond" truecount="0" falsecount="2"/>
        <line num="833" count="0" type="stmt"/>
        <line num="837" count="0" type="stmt"/>
        <line num="840" count="11" type="stmt"/>
        <line num="841" count="0" type="cond" truecount="0" falsecount="4"/>
        <line num="842" count="0" type="stmt"/>
        <line num="847" count="0" type="stmt"/>
        <line num="852" count="11" type="stmt"/>
        <line num="853" count="0" type="stmt"/>
        <line num="857" count="11" type="stmt"/>
        <line num="858" count="11" type="stmt"/>
        <line num="861" count="11" type="cond" truecount="1" falsecount="1"/>
        <line num="862" count="0" type="stmt"/>
        <line num="863" count="0" type="stmt"/>
        <line num="864" count="0" type="stmt"/>
        <line num="865" count="0" type="stmt"/>
        <line num="868" count="0" type="stmt"/>
        <line num="869" count="0" type="cond" truecount="0" falsecount="2"/>
        <line num="870" count="0" type="stmt"/>
        <line num="871" count="0" type="stmt"/>
        <line num="876" count="11" type="stmt"/>
      </file>
    </package>
    <package name="backend.config">
      <metrics statements="24" coveredstatements="18" conditionals="4" coveredconditionals="3" methods="2" coveredmethods="2"/>
      <file name="db.js" path="C:\Users\Daksh\OneDrive\carterA++\backend\config\db.js">
        <metrics statements="24" coveredstatements="18" conditionals="4" coveredconditionals="3" methods="2" coveredmethods="2"/>
        <line num="1" count="7" type="stmt"/>
        <line num="2" count="7" type="stmt"/>
        <line num="3" count="7" type="stmt"/>
        <line num="5" count="7" type="stmt"/>
        <line num="6" count="7" type="stmt"/>
        <line num="7" count="7" type="stmt"/>
        <line num="8" count="7" type="stmt"/>
        <line num="10" count="7" type="stmt"/>
        <line num="15" count="7" type="stmt"/>
        <line num="17" count="0" type="stmt"/>
        <line num="21" count="7" type="stmt"/>
        <line num="22" count="7" type="cond" truecount="2" falsecount="0"/>
        <line num="24" count="7" type="cond" truecount="1" falsecount="1"/>
        <line num="25" count="0" type="stmt"/>
        <line num="26" count="0" type="stmt"/>
        <line num="29" count="7" type="stmt"/>
        <line num="30" count="7" type="stmt"/>
        <line num="31" count="7" type="stmt"/>
        <line num="32" count="7" type="stmt"/>
        <line num="33" count="7" type="stmt"/>
        <line num="35" count="0" type="stmt"/>
        <line num="36" count="0" type="stmt"/>
        <line num="37" count="0" type="stmt"/>
        <line num="41" count="7" type="stmt"/>
      </file>
    </package>
    <package name="backend.models">
      <metrics statements="4" coveredstatements="4" conditionals="0" coveredconditionals="0" methods="0" coveredmethods="0"/>
      <file name="SparePart.js" path="C:\Users\Daksh\OneDrive\carterA++\backend\models\SparePart.js">
        <metrics statements="1" coveredstatements="1" conditionals="0" coveredconditionals="0" methods="0" coveredmethods="0"/>
        <line num="2" count="2" type="stmt"/>
      </file>
      <file name="Store.js" path="C:\Users\Daksh\OneDrive\carterA++\backend\models\Store.js">
        <metrics statements="3" coveredstatements="3" conditionals="0" coveredconditionals="0" methods="0" coveredmethods="0"/>
        <line num="1" count="12" type="stmt"/>
        <line num="3" count="12" type="stmt"/>
        <line num="15" count="12" type="stmt"/>
      </file>
    </package>
    <package name="backend.src">
      <metrics statements="1" coveredstatements="1" conditionals="8" coveredconditionals="7" methods="0" coveredmethods="0"/>
      <file name="config.js" path="C:\Users\Daksh\OneDrive\carterA++\backend\src\config.js">
        <metrics statements="1" coveredstatements="1" conditionals="8" coveredconditionals="7" methods="0" coveredmethods="0"/>
        <line num="6" count="11" type="stmt"/>
      </file>
    </package>
    <package name="backend.src.controllers">
      <metrics statements="934" coveredstatements="490" conditionals="1267" coveredconditionals="596" methods="93" coveredmethods="56"/>
      <file name="purchaseOrdersController.js" path="C:\Users\Daksh\OneDrive\carterA++\backend\src\controllers\purchaseOrdersController.js">
        <metrics statements="181" coveredstatements="65" conditionals="172" coveredconditionals="54" methods="15" coveredmethods="7"/>
        <line num="1" count="11" type="stmt"/>
        <line num="2" count="11" type="stmt"/>
        <line num="3" count="11" type="stmt"/>
        <line num="4" count="11" type="stmt"/>
        <line num="6" count="11" type="stmt"/>
        <line num="8" count="11" type="stmt"/>
        <line num="9" count="0" type="cond" truecount="0" falsecount="2"/>
        <line num="10" count="0" type="cond" truecount="0" falsecount="3"/>
        <line num="15" count="11" type="cond" truecount="1" falsecount="1"/>
        <line num="17" count="11" type="stmt"/>
        <line num="18" count="0" type="cond" truecount="0" falsecount="2"/>
        <line num="19" count="0" type="cond" truecount="0" falsecount="2"/>
        <line num="20" count="0" type="stmt"/>
        <line num="23" count="11" type="cond" truecount="0" falsecount="1"/>
        <line num="24" count="0" type="stmt"/>
        <line num="25" count="0" type="stmt"/>
        <line num="27" count="0" type="stmt"/>
        <line num="28" count="0" type="cond" truecount="0" falsecount="2"/>
        <line num="29" count="0" type="stmt"/>
        <line num="33" count="0" type="cond" truecount="0" falsecount="2"/>
        <line num="34" count="0" type="stmt"/>
        <line num="37" count="0" type="stmt"/>
        <line num="42" count="11" type="cond" truecount="0" falsecount="1"/>
        <line num="43" count="0" type="stmt"/>
        <line num="44" count="0" type="cond" truecount="0" falsecount="2"/>
        <line num="45" count="0" type="stmt"/>
        <line num="48" count="0" type="cond" truecount="0" falsecount="2"/>
        <line num="49" count="0" type="stmt"/>
        <line num="50" count="0" type="stmt"/>
        <line num="51" count="0" type="cond" truecount="0" falsecount="2"/>
        <line num="52" count="0" type="cond" truecount="0" falsecount="2"/>
        <line num="53" count="0" type="cond" truecount="0" falsecount="2"/>
        <line num="55" count="0" type="cond" truecount="0" falsecount="2"/>
        <line num="56" count="0" type="stmt"/>
        <line num="59" count="0" type="cond" truecount="0" falsecount="2"/>
        <line num="60" count="0" type="stmt"/>
        <line num="61" count="0" type="cond" truecount="0" falsecount="2"/>
        <line num="62" count="0" type="stmt"/>
        <line num="65" count="0" type="cond" truecount="0" falsecount="2"/>
        <line num="66" count="0" type="stmt"/>
        <line num="69" count="0" type="stmt"/>
        <line num="70" count="0" type="stmt"/>
        <line num="71" count="0" type="cond" truecount="0" falsecount="2"/>
        <line num="72" count="0" type="cond" truecount="0" falsecount="2"/>
        <line num="73" count="0" type="stmt"/>
        <line num="75" count="0" type="stmt"/>
        <line num="78" count="0" type="stmt"/>
        <line num="85" count="0" type="cond" truecount="0" falsecount="2"/>
        <line num="86" count="0" type="cond" truecount="0" falsecount="2"/>
        <line num="87" count="0" type="cond" truecount="0" falsecount="2"/>
        <line num="88" count="0" type="stmt"/>
        <line num="89" count="0" type="stmt"/>
        <line num="92" count="0" type="stmt"/>
        <line num="93" count="0" type="stmt"/>
        <line num="104" count="0" type="stmt"/>
        <line num="106" count="0" type="cond" truecount="0" falsecount="2"/>
        <line num="107" count="0" type="stmt"/>
        <line num="112" count="0" type="cond" truecount="0" falsecount="2"/>
        <line num="113" count="0" type="cond" truecount="0" falsecount="2"/>
        <line num="114" count="0" type="stmt"/>
        <line num="115" count="0" type="stmt"/>
        <line num="118" count="0" type="stmt"/>
        <line num="122" count="11" type="cond" truecount="0" falsecount="1"/>
        <line num="123" count="0" type="stmt"/>
        <line num="124" count="0" type="stmt"/>
        <line num="125" count="0" type="stmt"/>
        <line num="126" count="0" type="cond" truecount="0" falsecount="2"/>
        <line num="127" count="0" type="stmt"/>
        <line num="128" count="0" type="stmt"/>
        <line num="135" count="0" type="stmt"/>
        <line num="138" count="11" type="stmt"/>
        <line num="139" count="0" type="stmt"/>
        <line num="140" count="0" type="stmt"/>
        <line num="142" count="0" type="stmt"/>
        <line num="143" count="0" type="stmt"/>
        <line num="144" count="0" type="stmt"/>
        <line num="146" count="0" type="stmt"/>
        <line num="147" count="0" type="stmt"/>
        <line num="148" count="0" type="stmt"/>
        <line num="152" count="11" type="stmt"/>
        <line num="169" count="11" type="stmt"/>
        <line num="170" count="1" type="stmt"/>
        <line num="171" count="1" type="stmt"/>
        <line num="183" count="1" type="stmt"/>
        <line num="185" count="1" type="cond" truecount="1" falsecount="2"/>
        <line num="186" count="1" type="cond" truecount="1" falsecount="1"/>
        <line num="187" count="1" type="cond" truecount="3" falsecount="0"/>
        <line num="189" count="1" type="stmt"/>
        <line num="190" count="1" type="cond" truecount="1" falsecount="1"/>
        <line num="191" count="1" type="cond" truecount="1" falsecount="1"/>
        <line num="192" count="1" type="cond" truecount="1" falsecount="1"/>
        <line num="193" count="1" type="cond" truecount="3" falsecount="1"/>
        <line num="194" count="1" type="cond" truecount="4" falsecount="1"/>
        <line num="196" count="1" type="stmt"/>
        <line num="197" count="1" type="cond" truecount="3" falsecount="1"/>
        <line num="198" count="0" type="stmt"/>
        <line num="199" count="0" type="stmt"/>
        <line num="202" count="1" type="cond" truecount="1" falsecount="1"/>
        <line num="203" count="1" type="cond" truecount="1" falsecount="1"/>
        <line num="204" count="1" type="cond" truecount="3" falsecount="1"/>
        <line num="205" count="1" type="cond" truecount="5" falsecount="1"/>
        <line num="206" count="1" type="cond" truecount="5" falsecount="1"/>
        <line num="208" count="1" type="stmt"/>
        <line num="209" count="1" type="cond" truecount="3" falsecount="1"/>
        <line num="210" count="0" type="stmt"/>
        <line num="214" count="1" type="cond" truecount="1" falsecount="1"/>
        <line num="216" count="1" type="cond" truecount="1" falsecount="1"/>
        <line num="217" count="1" type="stmt"/>
        <line num="221" count="0" type="stmt"/>
        <line num="222" count="0" type="cond" truecount="0" falsecount="2"/>
        <line num="223" count="0" type="stmt"/>
        <line num="226" count="0" type="stmt"/>
        <line num="232" count="0" type="stmt"/>
        <line num="250" count="0" type="stmt"/>
        <line num="251" count="0" type="stmt"/>
        <line num="253" count="0" type="cond" truecount="0" falsecount="2"/>
        <line num="254" count="0" type="stmt"/>
        <line num="255" count="0" type="stmt"/>
        <line num="256" count="0" type="stmt"/>
        <line num="257" count="0" type="stmt"/>
        <line num="258" count="0" type="stmt"/>
        <line num="259" count="0" type="stmt"/>
        <line num="260" count="0" type="stmt"/>
        <line num="261" count="0" type="stmt"/>
        <line num="263" count="0" type="cond" truecount="0" falsecount="4"/>
        <line num="264" count="0" type="stmt"/>
        <line num="267" count="0" type="cond" truecount="0" falsecount="2"/>
        <line num="268" count="0" type="stmt"/>
        <line num="271" count="0" type="stmt"/>
        <line num="272" count="0" type="stmt"/>
        <line num="274" count="0" type="cond" truecount="0" falsecount="2"/>
        <line num="277" count="0" type="stmt"/>
        <line num="280" count="0" type="stmt"/>
        <line num="282" count="0" type="stmt"/>
        <line num="288" count="1" type="cond" truecount="2" falsecount="3"/>
        <line num="289" count="1" type="stmt"/>
        <line num="296" count="0" type="stmt"/>
        <line num="297" count="0" type="stmt"/>
        <line num="305" count="11" type="stmt"/>
        <line num="306" count="1" type="stmt"/>
        <line num="307" count="1" type="cond" truecount="1" falsecount="1"/>
        <line num="308" count="0" type="stmt"/>
        <line num="314" count="1" type="stmt"/>
        <line num="315" count="1" type="stmt"/>
        <line num="316" count="1" type="cond" truecount="1" falsecount="1"/>
        <line num="317" count="1" type="stmt"/>
        <line num="322" count="1" type="cond" truecount="1" falsecount="1"/>
        <line num="323" count="1" type="cond" truecount="3" falsecount="1"/>
        <line num="324" count="0" type="stmt"/>
        <line num="325" count="0" type="cond" truecount="0" falsecount="2"/>
        <line num="326" count="0" type="cond" truecount="0" falsecount="2"/>
        <line num="327" count="0" type="stmt"/>
        <line num="328" count="0" type="stmt"/>
        <line num="329" count="0" type="stmt"/>
        <line num="332" count="1" type="cond" truecount="1" falsecount="1"/>
        <line num="333" count="0" type="stmt"/>
        <line num="336" count="1" type="stmt"/>
        <line num="337" count="1" type="stmt"/>
        <line num="339" count="1" type="stmt"/>
        <line num="345" count="0" type="stmt"/>
        <line num="353" count="11" type="stmt"/>
        <line num="354" count="1" type="stmt"/>
        <line num="355" count="1" type="stmt"/>
        <line num="356" count="1" type="stmt"/>
        <line num="365" count="0" type="cond" truecount="0" falsecount="2"/>
        <line num="366" count="0" type="stmt"/>
        <line num="369" count="0" type="stmt"/>
        <line num="375" count="0" type="stmt"/>
        <line num="381" count="1" type="stmt"/>
        <line num="389" count="11" type="stmt"/>
        <line num="390" count="1" type="stmt"/>
        <line num="391" count="1" type="stmt"/>
        <line num="392" count="1" type="stmt"/>
        <line num="394" count="1" type="cond" truecount="1" falsecount="1"/>
        <line num="395" count="0" type="stmt"/>
        <line num="401" count="1" type="stmt"/>
        <line num="406" count="0" type="cond" truecount="0" falsecount="2"/>
        <line num="407" count="0" type="stmt"/>
        <line num="410" count="0" type="stmt"/>
        <line num="417" count="0" type="stmt"/>
        <line num="423" count="1" type="stmt"/>
      </file>
      <file name="storeController.js" path="C:\Users\Daksh\OneDrive\carterA++\backend\src\controllers\storeController.js">
        <metrics statements="57" coveredstatements="23" conditionals="61" coveredconditionals="12" methods="7" coveredmethods="3"/>
        <line num="1" count="11" type="stmt"/>
        <line num="3" count="11" type="cond" truecount="0" falsecount="1"/>
        <line num="4" count="2" type="cond" truecount="1" falsecount="2"/>
        <line num="5" count="2" type="cond" truecount="1" falsecount="3"/>
        <line num="6" count="2" type="cond" truecount="1" falsecount="3"/>
        <line num="8" count="2" type="stmt"/>
        <line num="20" count="11" type="stmt"/>
        <line num="21" count="0" type="cond" truecount="0" falsecount="2"/>
        <line num="22" count="0" type="stmt"/>
        <line num="34" count="11" type="stmt"/>
        <line num="35" count="2" type="stmt"/>
        <line num="36" count="2" type="cond" truecount="1" falsecount="1"/>
        <line num="37" count="0" type="stmt"/>
        <line num="39" count="2" type="stmt"/>
        <line num="40" count="2" type="cond" truecount="4" falsecount="1"/>
        <line num="41" count="0" type="stmt"/>
        <line num="47" count="2" type="stmt"/>
        <line num="48" count="2" type="stmt"/>
        <line num="50" count="0" type="stmt"/>
        <line num="56" count="2" type="stmt"/>
        <line num="64" count="11" type="stmt"/>
        <line num="65" count="0" type="stmt"/>
        <line num="66" count="0" type="cond" truecount="0" falsecount="2"/>
        <line num="67" count="0" type="stmt"/>
        <line num="69" count="0" type="stmt"/>
        <line num="70" count="0" type="stmt"/>
        <line num="76" count="0" type="stmt"/>
        <line num="84" count="11" type="stmt"/>
        <line num="85" count="0" type="stmt"/>
        <line num="86" count="0" type="cond" truecount="0" falsecount="2"/>
        <line num="87" count="0" type="stmt"/>
        <line num="89" count="0" type="stmt"/>
        <line num="90" count="0" type="cond" truecount="0" falsecount="2"/>
        <line num="91" count="0" type="stmt"/>
        <line num="94" count="0" type="stmt"/>
        <line num="99" count="0" type="stmt"/>
        <line num="107" count="11" type="stmt"/>
        <line num="108" count="0" type="stmt"/>
        <line num="109" count="0" type="cond" truecount="0" falsecount="2"/>
        <line num="110" count="0" type="stmt"/>
        <line num="112" count="0" type="stmt"/>
        <line num="113" count="0" type="cond" truecount="0" falsecount="5"/>
        <line num="114" count="0" type="stmt"/>
        <line num="120" count="0" type="stmt"/>
        <line num="125" count="0" type="cond" truecount="0" falsecount="2"/>
        <line num="126" count="0" type="stmt"/>
        <line num="129" count="0" type="stmt"/>
        <line num="135" count="0" type="stmt"/>
        <line num="143" count="11" type="stmt"/>
        <line num="144" count="2" type="stmt"/>
        <line num="145" count="2" type="cond" truecount="1" falsecount="1"/>
        <line num="146" count="0" type="stmt"/>
        <line num="148" count="2" type="stmt"/>
        <line num="149" count="0" type="cond" truecount="0" falsecount="2"/>
        <line num="150" count="0" type="stmt"/>
        <line num="153" count="0" type="stmt"/>
        <line num="159" count="2" type="stmt"/>
      </file>
      <file name="storeOrdersController.js" path="C:\Users\Daksh\OneDrive\carterA++\backend\src\controllers\storeOrdersController.js">
        <metrics statements="112" coveredstatements="15" conditionals="138" coveredconditionals="0" methods="17" coveredmethods="0"/>
        <line num="1" count="11" type="stmt"/>
        <line num="2" count="11" type="stmt"/>
        <line num="3" count="11" type="stmt"/>
        <line num="5" count="11" type="stmt"/>
        <line num="6" count="0" type="cond" truecount="0" falsecount="2"/>
        <line num="7" count="0" type="cond" truecount="0" falsecount="3"/>
        <line num="12" count="11" type="cond" truecount="0" falsecount="2"/>
        <line num="13" count="11" type="cond" truecount="0" falsecount="2"/>
        <line num="15" count="11" type="cond" truecount="0" falsecount="1"/>
        <line num="23" count="11" type="stmt"/>
        <line num="40" count="11" type="cond" truecount="0" falsecount="1"/>
        <line num="41" count="0" type="stmt"/>
        <line num="42" count="0" type="cond" truecount="0" falsecount="3"/>
        <line num="43" count="0" type="stmt"/>
        <line num="44" count="0" type="cond" truecount="0" falsecount="2"/>
        <line num="46" count="0" type="cond" truecount="0" falsecount="2"/>
        <line num="47" count="0" type="stmt"/>
        <line num="50" count="0" type="cond" truecount="0" falsecount="2"/>
        <line num="51" count="0" type="stmt"/>
        <line num="54" count="0" type="cond" truecount="0" falsecount="2"/>
        <line num="55" count="0" type="stmt"/>
        <line num="58" count="0" type="stmt"/>
        <line num="59" count="0" type="cond" truecount="0" falsecount="2"/>
        <line num="60" count="0" type="stmt"/>
        <line num="63" count="0" type="cond" truecount="0" falsecount="4"/>
        <line num="64" count="0" type="stmt"/>
        <line num="68" count="0" type="stmt"/>
        <line num="83" count="11" type="cond" truecount="0" falsecount="1"/>
        <line num="84" count="0" type="stmt"/>
        <line num="85" count="0" type="cond" truecount="0" falsecount="2"/>
        <line num="86" count="0" type="cond" truecount="0" falsecount="2"/>
        <line num="88" count="0" type="cond" truecount="0" falsecount="2"/>
        <line num="89" count="0" type="stmt"/>
        <line num="95" count="0" type="cond" truecount="0" falsecount="2"/>
        <line num="96" count="0" type="stmt"/>
        <line num="102" count="0" type="stmt"/>
        <line num="103" count="0" type="cond" truecount="0" falsecount="2"/>
        <line num="104" count="0" type="cond" truecount="0" falsecount="2"/>
        <line num="105" count="0" type="stmt"/>
        <line num="112" count="0" type="stmt"/>
        <line num="114" count="0" type="stmt"/>
        <line num="121" count="0" type="stmt"/>
        <line num="125" count="0" type="stmt"/>
        <line num="126" count="0" type="stmt"/>
        <line num="128" count="0" type="cond" truecount="0" falsecount="2"/>
        <line num="129" count="0" type="stmt"/>
        <line num="135" count="0" type="stmt"/>
        <line num="142" count="0" type="cond" truecount="0" falsecount="2"/>
        <line num="143" count="0" type="stmt"/>
        <line num="146" count="11" type="stmt"/>
        <line num="147" count="0" type="stmt"/>
        <line num="148" count="0" type="cond" truecount="0" falsecount="3"/>
        <line num="149" count="0" type="stmt"/>
        <line num="150" count="0" type="stmt"/>
        <line num="151" count="0" type="cond" truecount="0" falsecount="2"/>
        <line num="153" count="0" type="stmt"/>
        <line num="154" count="0" type="cond" truecount="0" falsecount="2"/>
        <line num="155" count="0" type="stmt"/>
        <line num="157" count="0" type="cond" truecount="0" falsecount="2"/>
        <line num="158" count="0" type="stmt"/>
        <line num="160" count="0" type="cond" truecount="0" falsecount="2"/>
        <line num="161" count="0" type="stmt"/>
        <line num="163" count="0" type="cond" truecount="0" falsecount="2"/>
        <line num="164" count="0" type="stmt"/>
        <line num="172" count="0" type="stmt"/>
        <line num="173" count="0" type="stmt"/>
        <line num="175" count="0" type="stmt"/>
        <line num="176" count="0" type="stmt"/>
        <line num="177" count="0" type="stmt"/>
        <line num="180" count="0" type="stmt"/>
        <line num="188" count="0" type="stmt"/>
        <line num="195" count="11" type="stmt"/>
        <line num="196" count="0" type="stmt"/>
        <line num="197" count="0" type="stmt"/>
        <line num="198" count="0" type="cond" truecount="0" falsecount="2"/>
        <line num="199" count="0" type="stmt"/>
        <line num="202" count="0" type="stmt"/>
        <line num="203" count="0" type="stmt"/>
        <line num="209" count="0" type="stmt"/>
        <line num="216" count="11" type="stmt"/>
        <line num="217" count="0" type="cond" truecount="0" falsecount="2"/>
        <line num="218" count="0" type="cond" truecount="0" falsecount="2"/>
        <line num="219" count="0" type="stmt"/>
        <line num="222" count="0" type="cond" truecount="0" falsecount="2"/>
        <line num="223" count="0" type="stmt"/>
        <line num="232" count="0" type="stmt"/>
        <line num="233" count="0" type="stmt"/>
        <line num="234" count="0" type="stmt"/>
        <line num="235" count="0" type="stmt"/>
        <line num="237" count="0" type="stmt"/>
        <line num="238" count="0" type="stmt"/>
        <line num="244" count="0" type="cond" truecount="0" falsecount="2"/>
        <line num="245" count="0" type="stmt"/>
        <line num="248" count="0" type="stmt"/>
        <line num="255" count="0" type="stmt"/>
        <line num="258" count="0" type="stmt"/>
        <line num="260" count="0" type="stmt"/>
        <line num="266" count="0" type="cond" truecount="0" falsecount="2"/>
        <line num="267" count="0" type="stmt"/>
        <line num="270" count="0" type="cond" truecount="0" falsecount="2"/>
        <line num="271" count="0" type="stmt"/>
        <line num="272" count="0" type="stmt"/>
        <line num="273" count="0" type="cond" truecount="0" falsecount="2"/>
        <line num="274" count="0" type="stmt"/>
        <line num="277" count="0" type="stmt"/>
        <line num="285" count="0" type="stmt"/>
        <line num="291" count="0" type="cond" truecount="0" falsecount="2"/>
        <line num="292" count="0" type="stmt"/>
        <line num="299" count="0" type="cond" truecount="0" falsecount="2"/>
        <line num="300" count="0" type="stmt"/>
        <line num="307" count="11" type="stmt"/>
        <line num="308" count="11" type="stmt"/>
      </file>
      <file name="transferController.js" path="C:\Users\Daksh\OneDrive\carterA++\backend\src\controllers\transferController.js">
        <metrics statements="584" coveredstatements="387" conditionals="896" coveredconditionals="530" methods="54" coveredmethods="46"/>
        <line num="1" count="11" type="stmt"/>
        <line num="2" count="11" type="stmt"/>
        <line num="3" count="11" type="stmt"/>
        <line num="5" count="11" type="stmt"/>
        <line num="6" count="52" type="cond" truecount="1" falsecount="1"/>
        <line num="7" count="52" type="stmt"/>
        <line num="10" count="11" type="stmt"/>
        <line num="11" count="120" type="cond" truecount="2" falsecount="0"/>
        <line num="12" count="70" type="stmt"/>
        <line num="15" count="50" type="cond" truecount="3" falsecount="1"/>
        <line num="16" count="50" type="stmt"/>
        <line num="19" count="0" type="stmt"/>
        <line num="22" count="11" type="stmt"/>
        <line num="23" count="11" type="stmt"/>
        <line num="25" count="11" type="stmt"/>
        <line num="26" count="50" type="cond" truecount="1" falsecount="1"/>
        <line num="27" count="50" type="cond" truecount="2" falsecount="0"/>
        <line num="30" count="50" type="stmt"/>
        <line num="31" count="50" type="stmt"/>
        <line num="34" count="50" type="stmt"/>
        <line num="36" count="50" type="stmt"/>
        <line num="37" count="50" type="stmt"/>
        <line num="38" count="50" type="stmt"/>
        <line num="40" count="50" type="stmt"/>
        <line num="41" count="50" type="cond" truecount="1" falsecount="1"/>
        <line num="42" count="0" type="stmt"/>
        <line num="47" count="11" type="stmt"/>
        <line num="48" count="44" type="cond" truecount="2" falsecount="0"/>
        <line num="49" count="2" type="stmt"/>
        <line num="52" count="42" type="stmt"/>
        <line num="53" count="42" type="cond" truecount="1" falsecount="1"/>
        <line num="54" count="0" type="stmt"/>
        <line num="57" count="42" type="stmt"/>
        <line num="60" count="11" type="stmt"/>
        <line num="61" count="47" type="cond" truecount="1" falsecount="1"/>
        <line num="62" count="47" type="cond" truecount="2" falsecount="0"/>
        <line num="65" count="11" type="stmt"/>
        <line num="66" count="0" type="stmt"/>
        <line num="69" count="11" type="stmt"/>
        <line num="70" count="136" type="cond" truecount="1" falsecount="1"/>
        <line num="71" count="0" type="stmt"/>
        <line num="74" count="136" type="cond" truecount="2" falsecount="0"/>
        <line num="75" count="89" type="stmt"/>
        <line num="78" count="47" type="cond" truecount="1" falsecount="1"/>
        <line num="79" count="47" type="cond" truecount="1" falsecount="1"/>
        <line num="80" count="47" type="stmt"/>
        <line num="82" count="0" type="cond" truecount="0" falsecount="2"/>
        <line num="83" count="0" type="stmt"/>
        <line num="87" count="0" type="stmt"/>
        <line num="90" count="11" type="cond" truecount="0" falsecount="1"/>
        <line num="91" count="89" type="stmt"/>
        <line num="99" count="11" type="cond" truecount="0" falsecount="2"/>
        <line num="100" count="55" type="stmt"/>
        <line num="101" count="8" type="cond" truecount="1" falsecount="1"/>
        <line num="102" count="8" type="stmt"/>
        <line num="104" count="55" type="cond" truecount="2" falsecount="0"/>
        <line num="105" count="47" type="stmt"/>
        <line num="108" count="8" type="stmt"/>
        <line num="113" count="4" type="stmt"/>
        <line num="119" count="11" type="cond" truecount="1" falsecount="1"/>
        <line num="120" count="47" type="stmt"/>
        <line num="121" count="47" type="stmt"/>
        <line num="122" count="47" type="cond" truecount="1" falsecount="1"/>
        <line num="123" count="47" type="cond" truecount="2" falsecount="4"/>
        <line num="124" count="0" type="stmt"/>
        <line num="125" count="0" type="cond" truecount="0" falsecount="2"/>
        <line num="126" count="0" type="stmt"/>
        <line num="132" count="47" type="stmt"/>
        <line num="133" count="47" type="cond" truecount="1" falsecount="1"/>
        <line num="134" count="47" type="stmt"/>
        <line num="137" count="0" type="stmt"/>
        <line num="140" count="0" type="cond" truecount="0" falsecount="4"/>
        <line num="141" count="0" type="cond" truecount="0" falsecount="2"/>
        <line num="142" count="0" type="stmt"/>
        <line num="145" count="0" type="stmt"/>
        <line num="146" count="0" type="stmt"/>
        <line num="147" count="0" type="cond" truecount="0" falsecount="4"/>
        <line num="149" count="0" type="stmt"/>
        <line num="160" count="11" type="cond" truecount="0" falsecount="3"/>
        <line num="161" count="15" type="stmt"/>
        <line num="162" count="19" type="stmt"/>
        <line num="168" count="19" type="cond" truecount="2" falsecount="0"/>
        <line num="170" count="15" type="cond" truecount="2" falsecount="0"/>
        <line num="171" count="7" type="stmt"/>
        <line num="174" count="8" type="cond" truecount="2" falsecount="2"/>
        <line num="175" count="8" type="stmt"/>
        <line num="185" count="0" type="stmt"/>
        <line num="188" count="11" type="cond" truecount="0" falsecount="2"/>
        <line num="189" count="15" type="cond" truecount="1" falsecount="1"/>
        <line num="190" count="15" type="stmt"/>
        <line num="191" count="15" type="stmt"/>
        <line num="192" count="15" type="stmt"/>
        <line num="193" count="15" type="cond" truecount="2" falsecount="0"/>
        <line num="194" count="8" type="stmt"/>
        <line num="197" count="7" type="stmt"/>
        <line num="198" count="7" type="stmt"/>
        <line num="199" count="7" type="cond" truecount="2" falsecount="0"/>
        <line num="200" count="2" type="stmt"/>
        <line num="203" count="5" type="cond" truecount="1" falsecount="1"/>
        <line num="204" count="5" type="cond" truecount="1" falsecount="1"/>
        <line num="205" count="5" type="stmt"/>
        <line num="208" count="15" type="stmt"/>
        <line num="209" count="15" type="stmt"/>
        <line num="210" count="27" type="cond" truecount="2" falsecount="0"/>
        <line num="211" count="5" type="stmt"/>
        <line num="214" count="22" type="cond" truecount="1" falsecount="1"/>
        <line num="215" count="22" type="cond" truecount="1" falsecount="1"/>
        <line num="216" count="0" type="stmt"/>
        <line num="219" count="22" type="stmt"/>
        <line num="220" count="22" type="stmt"/>
        <line num="221" count="22" type="stmt"/>
        <line num="229" count="15" type="stmt"/>
        <line num="235" count="11" type="cond" truecount="0" falsecount="1"/>
        <line num="236" count="4" type="cond" truecount="1" falsecount="1"/>
        <line num="237" count="4" type="cond" truecount="1" falsecount="1"/>
        <line num="238" count="0" type="stmt"/>
        <line num="241" count="4" type="stmt"/>
        <line num="242" count="3" type="cond" truecount="1" falsecount="1"/>
        <line num="245" count="4" type="cond" truecount="2" falsecount="0"/>
        <line num="246" count="1" type="cond" truecount="2" falsecount="2"/>
        <line num="247" count="1" type="cond" truecount="3" falsecount="1"/>
        <line num="248" count="0" type="stmt"/>
        <line num="250" count="1" type="stmt"/>
        <line num="253" count="3" type="stmt"/>
        <line num="259" count="3" type="stmt"/>
        <line num="262" count="45" type="cond" truecount="2" falsecount="0"/>
        <line num="264" count="11" type="cond" truecount="0" falsecount="1"/>
        <line num="265" count="45" type="cond" truecount="1" falsecount="1"/>
        <line num="266" count="45" type="stmt"/>
        <line num="268" count="0" type="stmt"/>
        <line num="271" count="11" type="cond" truecount="1" falsecount="0"/>
        <line num="272" count="17" type="stmt"/>
        <line num="273" count="17" type="cond" truecount="1" falsecount="1"/>
        <line num="274" count="17" type="cond" truecount="2" falsecount="5"/>
        <line num="276" count="17" type="cond" truecount="1" falsecount="1"/>
        <line num="277" count="17" type="cond" truecount="3" falsecount="1"/>
        <line num="280" count="17" type="cond" truecount="1" falsecount="1"/>
        <line num="283" count="17" type="cond" truecount="2" falsecount="0"/>
        <line num="284" count="5" type="stmt"/>
        <line num="289" count="5" type="stmt"/>
        <line num="317" count="12" type="stmt"/>
        <line num="320" count="16" type="cond" truecount="1" falsecount="1"/>
        <line num="324" count="12" type="stmt"/>
        <line num="332" count="12" type="stmt"/>
        <line num="333" count="12" type="stmt"/>
        <line num="335" count="12" type="cond" truecount="4" falsecount="0"/>
        <line num="337" count="7" type="stmt"/>
        <line num="347" count="12" type="stmt"/>
        <line num="348" count="16" type="cond" truecount="1" falsecount="1"/>
        <line num="349" count="16" type="cond" truecount="1" falsecount="1"/>
        <line num="350" count="16" type="cond" truecount="2" falsecount="0"/>
        <line num="352" count="16" type="cond" truecount="3" falsecount="1"/>
        <line num="353" count="0" type="stmt"/>
        <line num="357" count="0" type="stmt"/>
        <line num="361" count="16" type="stmt"/>
        <line num="363" count="16" type="cond" truecount="2" falsecount="0"/>
        <line num="365" count="3" type="stmt"/>
        <line num="366" count="3" type="stmt"/>
        <line num="373" count="13" type="stmt"/>
        <line num="379" count="13" type="stmt"/>
        <line num="380" count="13" type="stmt"/>
        <line num="389" count="20" type="cond" truecount="2" falsecount="0"/>
        <line num="390" count="12" type="stmt"/>
        <line num="396" count="12" type="stmt"/>
        <line num="426" count="11" type="stmt"/>
        <line num="427" count="47" type="cond" truecount="1" falsecount="1"/>
        <line num="429" count="47" type="stmt"/>
        <line num="447" count="47" type="cond" truecount="3" falsecount="1"/>
        <line num="448" count="47" type="cond" truecount="2" falsecount="0"/>
        <line num="449" count="47" type="stmt"/>
        <line num="450" count="47" type="cond" truecount="1" falsecount="4"/>
        <line num="451" count="47" type="cond" truecount="1" falsecount="3"/>
        <line num="453" count="47" type="stmt"/>
        <line num="469" count="48" type="cond" truecount="1" falsecount="1"/>
        <line num="524" count="11" type="cond" truecount="1" falsecount="1"/>
        <line num="525" count="71" type="cond" truecount="4" falsecount="0"/>
        <line num="526" count="23" type="cond" truecount="3" falsecount="0"/>
        <line num="527" count="23" type="stmt"/>
        <line num="530" count="48" type="stmt"/>
        <line num="531" count="48" type="stmt"/>
        <line num="532" count="48" type="cond" truecount="2" falsecount="0"/>
        <line num="533" count="25" type="stmt"/>
        <line num="534" count="24" type="stmt"/>
        <line num="575" count="47" type="stmt"/>
        <line num="577" count="47" type="cond" truecount="2" falsecount="0"/>
        <line num="578" count="47" type="stmt"/>
        <line num="579" count="47" type="stmt"/>
        <line num="580" count="47" type="stmt"/>
        <line num="581" count="47" type="cond" truecount="3" falsecount="1"/>
        <line num="583" count="47" type="cond" truecount="2" falsecount="0"/>
        <line num="587" count="47" type="cond" truecount="3" falsecount="0"/>
        <line num="588" count="47" type="cond" truecount="3" falsecount="0"/>
        <line num="589" count="47" type="cond" truecount="1" falsecount="2"/>
        <line num="590" count="47" type="cond" truecount="3" falsecount="0"/>
        <line num="591" count="47" type="cond" truecount="4" falsecount="0"/>
        <line num="592" count="47" type="cond" truecount="4" falsecount="0"/>
        <line num="593" count="47" type="cond" truecount="5" falsecount="0"/>
        <line num="594" count="47" type="cond" truecount="3" falsecount="0"/>
        <line num="596" count="47" type="cond" truecount="2" falsecount="0"/>
        <line num="597" count="47" type="cond" truecount="2" falsecount="0"/>
        <line num="598" count="47" type="cond" truecount="3" falsecount="0"/>
        <line num="599" count="47" type="cond" truecount="3" falsecount="0"/>
        <line num="600" count="47" type="cond" truecount="3" falsecount="0"/>
        <line num="601" count="47" type="cond" truecount="3" falsecount="0"/>
        <line num="602" count="47" type="cond" truecount="3" falsecount="0"/>
        <line num="603" count="47" type="cond" truecount="3" falsecount="0"/>
        <line num="604" count="47" type="cond" truecount="2" falsecount="0"/>
        <line num="605" count="47" type="cond" truecount="3" falsecount="0"/>
        <line num="606" count="47" type="cond" truecount="3" falsecount="0"/>
        <line num="607" count="47" type="stmt"/>
        <line num="608" count="47" type="cond" truecount="2" falsecount="0"/>
        <line num="609" count="47" type="cond" truecount="2" falsecount="0"/>
        <line num="610" count="47" type="cond" truecount="4" falsecount="0"/>
        <line num="613" count="47" type="stmt"/>
        <line num="614" count="47" type="cond" truecount="4" falsecount="0"/>
        <line num="615" count="39" type="cond" truecount="3" falsecount="1"/>
        <line num="616" count="0" type="stmt"/>
        <line num="619" count="47" type="cond" truecount="2" falsecount="0"/>
        <line num="620" count="11" type="cond" truecount="3" falsecount="1"/>
        <line num="621" count="0" type="stmt"/>
        <line num="623" count="11" type="cond" truecount="4" falsecount="0"/>
        <line num="624" count="1" type="stmt"/>
        <line num="627" count="47" type="cond" truecount="2" falsecount="0"/>
        <line num="628" count="28" type="cond" truecount="2" falsecount="2"/>
        <line num="629" count="0" type="stmt"/>
        <line num="632" count="47" type="cond" truecount="2" falsecount="0"/>
        <line num="633" count="8" type="cond" truecount="3" falsecount="1"/>
        <line num="634" count="0" type="stmt"/>
        <line num="636" count="8" type="cond" truecount="2" falsecount="2"/>
        <line num="639" count="0" type="stmt"/>
        <line num="642" count="47" type="cond" truecount="4" falsecount="1"/>
        <line num="643" count="0" type="stmt"/>
        <line num="647" count="47" type="cond" truecount="4" falsecount="0"/>
        <line num="648" count="36" type="cond" truecount="4" falsecount="1"/>
        <line num="649" count="0" type="stmt"/>
        <line num="651" count="36" type="cond" truecount="1" falsecount="1"/>
        <line num="652" count="0" type="stmt"/>
        <line num="654" count="36" type="cond" truecount="3" falsecount="1"/>
        <line num="655" count="0" type="stmt"/>
        <line num="657" count="36" type="cond" truecount="1" falsecount="1"/>
        <line num="663" count="0" type="stmt"/>
        <line num="667" count="47" type="cond" truecount="2" falsecount="0"/>
        <line num="668" count="1" type="cond" truecount="1" falsecount="1"/>
        <line num="669" count="1" type="stmt"/>
        <line num="671" count="1" type="stmt"/>
        <line num="679" count="46" type="stmt"/>
        <line num="680" count="46" type="cond" truecount="2" falsecount="0"/>
        <line num="681" count="38" type="stmt"/>
        <line num="682" count="38" type="stmt"/>
        <line num="683" count="38" type="cond" truecount="1" falsecount="1"/>
        <line num="685" count="38" type="cond" truecount="3" falsecount="1"/>
        <line num="686" count="0" type="stmt"/>
        <line num="687" count="0" type="stmt"/>
        <line num="690" count="38" type="cond" truecount="4" falsecount="1"/>
        <line num="691" count="0" type="stmt"/>
        <line num="692" count="0" type="stmt"/>
        <line num="696" count="38" type="stmt"/>
        <line num="701" count="19" type="cond" truecount="1" falsecount="1"/>
        <line num="702" count="0" type="stmt"/>
        <line num="703" count="0" type="stmt"/>
        <line num="706" count="19" type="cond" truecount="2" falsecount="0"/>
        <line num="707" count="4" type="stmt"/>
        <line num="708" count="4" type="stmt"/>
        <line num="711" count="15" type="stmt"/>
        <line num="716" count="15" type="stmt"/>
        <line num="717" count="15" type="cond" truecount="1" falsecount="1"/>
        <line num="718" count="0" type="stmt"/>
        <line num="719" count="0" type="stmt"/>
        <line num="722" count="15" type="stmt"/>
        <line num="737" count="8" type="stmt"/>
        <line num="738" count="8" type="stmt"/>
        <line num="740" count="8" type="stmt"/>
        <line num="742" count="4" type="stmt"/>
        <line num="743" count="4" type="stmt"/>
        <line num="744" count="4" type="cond" truecount="1" falsecount="3"/>
        <line num="746" count="4" type="cond" truecount="3" falsecount="1"/>
        <line num="747" count="0" type="stmt"/>
        <line num="748" count="0" type="stmt"/>
        <line num="751" count="4" type="cond" truecount="4" falsecount="1"/>
        <line num="752" count="0" type="stmt"/>
        <line num="753" count="0" type="stmt"/>
        <line num="756" count="4" type="cond" truecount="2" falsecount="2"/>
        <line num="757" count="4" type="cond" truecount="5" falsecount="1"/>
        <line num="758" count="4" type="cond" truecount="1" falsecount="2"/>
        <line num="760" count="4" type="stmt"/>
        <line num="775" count="23" type="cond" truecount="2" falsecount="0"/>
        <line num="776" count="4" type="cond" truecount="1" falsecount="1"/>
        <line num="777" count="0" type="stmt"/>
        <line num="779" count="4" type="stmt"/>
        <line num="787" count="19" type="cond" truecount="2" falsecount="0"/>
        <line num="788" count="15" type="stmt"/>
        <line num="790" count="15" type="stmt"/>
        <line num="795" count="15" type="cond" truecount="1" falsecount="1"/>
        <line num="796" count="0" type="stmt"/>
        <line num="799" count="15" type="cond" truecount="2" falsecount="0"/>
        <line num="800" count="15" type="cond" truecount="2" falsecount="0"/>
        <line num="801" count="7" type="cond" truecount="1" falsecount="1"/>
        <line num="802" count="14" type="cond" truecount="1" falsecount="1"/>
        <line num="803" count="26" type="cond" truecount="2" falsecount="2"/>
        <line num="806" count="14" type="cond" truecount="1" falsecount="2"/>
        <line num="807" count="14" type="cond" truecount="4" falsecount="2"/>
        <line num="808" count="0" type="stmt"/>
        <line num="811" count="14" type="cond" truecount="1" falsecount="1"/>
        <line num="814" count="7" type="cond" truecount="1" falsecount="1"/>
        <line num="815" count="19" type="cond" truecount="1" falsecount="2"/>
        <line num="817" count="7" type="stmt"/>
        <line num="818" count="11" type="cond" truecount="1" falsecount="2"/>
        <line num="821" count="8" type="cond" truecount="2" falsecount="2"/>
        <line num="824" count="15" type="stmt"/>
        <line num="827" count="15" type="cond" truecount="4" falsecount="0"/>
        <line num="828" count="3" type="stmt"/>
        <line num="833" count="3" type="cond" truecount="2" falsecount="0"/>
        <line num="834" count="1" type="stmt"/>
        <line num="843" count="1" type="stmt"/>
        <line num="846" count="3" type="cond" truecount="7" falsecount="0"/>
        <line num="847" count="2" type="stmt"/>
        <line num="855" count="3" type="cond" truecount="1" falsecount="1"/>
        <line num="856" count="3" type="cond" truecount="1" falsecount="1"/>
        <line num="857" count="4" type="stmt"/>
        <line num="860" count="3" type="stmt"/>
        <line num="861" count="5" type="cond" truecount="1" falsecount="1"/>
        <line num="863" count="3" type="stmt"/>
        <line num="869" count="19" type="stmt"/>
        <line num="903" count="19" type="cond" truecount="1" falsecount="1"/>
        <line num="905" count="19" type="cond" truecount="1" falsecount="1"/>
        <line num="906" count="0" type="stmt"/>
        <line num="909" count="19" type="stmt"/>
        <line num="911" count="19" type="stmt"/>
        <line num="922" count="24" type="cond" truecount="2" falsecount="0"/>
        <line num="923" count="23" type="stmt"/>
        <line num="924" count="23" type="stmt"/>
        <line num="930" count="24" type="cond" truecount="4" falsecount="0"/>
        <line num="931" count="23" type="stmt"/>
        <line num="934" count="1" type="stmt"/>
        <line num="935" count="1" type="stmt"/>
        <line num="941" count="48" type="cond" truecount="2" falsecount="0"/>
        <line num="942" count="24" type="stmt"/>
        <line num="947" count="25" type="stmt"/>
        <line num="949" count="11" type="stmt"/>
        <line num="950" count="1" type="stmt"/>
        <line num="951" count="1" type="stmt"/>
        <line num="952" count="1" type="cond" truecount="1" falsecount="1"/>
        <line num="954" count="1" type="cond" truecount="1" falsecount="1"/>
        <line num="955" count="0" type="stmt"/>
        <line num="958" count="1" type="stmt"/>
        <line num="959" count="0" type="cond" truecount="0" falsecount="2"/>
        <line num="960" count="0" type="stmt"/>
        <line num="963" count="0" type="cond" truecount="0" falsecount="3"/>
        <line num="964" count="0" type="cond" truecount="0" falsecount="2"/>
        <line num="965" count="0" type="stmt"/>
        <line num="968" count="0" type="cond" truecount="0" falsecount="3"/>
        <line num="969" count="0" type="stmt"/>
        <line num="970" count="0" type="stmt"/>
        <line num="971" count="0" type="cond" truecount="0" falsecount="2"/>
        <line num="973" count="0" type="cond" truecount="0" falsecount="2"/>
        <line num="974" count="0" type="cond" truecount="0" falsecount="4"/>
        <line num="975" count="0" type="cond" truecount="0" falsecount="4"/>
        <line num="977" count="0" type="cond" truecount="0" falsecount="2"/>
        <line num="978" count="0" type="cond" truecount="0" falsecount="2"/>
        <line num="979" count="0" type="cond" truecount="0" falsecount="4"/>
        <line num="980" count="0" type="stmt"/>
        <line num="982" count="0" type="stmt"/>
        <line num="983" count="0" type="stmt"/>
        <line num="984" count="0" type="stmt"/>
        <line num="991" count="0" type="stmt"/>
        <line num="993" count="0" type="cond" truecount="0" falsecount="4"/>
        <line num="994" count="0" type="stmt"/>
        <line num="999" count="0" type="stmt"/>
        <line num="1002" count="0" type="stmt"/>
        <line num="1007" count="1" type="stmt"/>
        <line num="1015" count="11" type="cond" truecount="0" falsecount="1"/>
        <line num="1016" count="55" type="stmt"/>
        <line num="1017" count="55" type="stmt"/>
        <line num="1018" count="55" type="stmt"/>
        <line num="1020" count="55" type="cond" truecount="1" falsecount="1"/>
        <line num="1021" count="0" type="stmt"/>
        <line num="1024" count="55" type="cond" truecount="2" falsecount="0"/>
        <line num="1025" count="28" type="stmt"/>
        <line num="1026" count="27" type="cond" truecount="1" falsecount="1"/>
        <line num="1027" count="0" type="stmt"/>
        <line num="1030" count="27" type="cond" truecount="1" falsecount="1"/>
        <line num="1031" count="27" type="stmt"/>
        <line num="1051" count="27" type="cond" truecount="1" falsecount="1"/>
        <line num="1053" count="27" type="stmt"/>
        <line num="1054" count="27" type="stmt"/>
        <line num="1056" count="27" type="stmt"/>
        <line num="1057" count="0" type="cond" truecount="0" falsecount="2"/>
        <line num="1058" count="0" type="stmt"/>
        <line num="1059" count="0" type="stmt"/>
        <line num="1062" count="0" type="cond" truecount="0" falsecount="2"/>
        <line num="1063" count="0" type="cond" truecount="0" falsecount="2"/>
        <line num="1064" count="0" type="stmt"/>
        <line num="1065" count="0" type="stmt"/>
        <line num="1068" count="0" type="cond" truecount="0" falsecount="4"/>
        <line num="1069" count="0" type="stmt"/>
        <line num="1070" count="0" type="stmt"/>
        <line num="1071" count="0" type="stmt"/>
        <line num="1078" count="0" type="cond" truecount="0" falsecount="4"/>
        <line num="1079" count="0" type="stmt"/>
        <line num="1080" count="0" type="stmt"/>
        <line num="1083" count="0" type="cond" truecount="0" falsecount="2"/>
        <line num="1084" count="0" type="cond" truecount="0" falsecount="2"/>
        <line num="1085" count="0" type="stmt"/>
        <line num="1086" count="0" type="stmt"/>
        <line num="1089" count="0" type="stmt"/>
        <line num="1101" count="0" type="cond" truecount="0" falsecount="2"/>
        <line num="1102" count="0" type="stmt"/>
        <line num="1103" count="0" type="stmt"/>
        <line num="1106" count="0" type="cond" truecount="0" falsecount="6"/>
        <line num="1112" count="0" type="cond" truecount="0" falsecount="2"/>
        <line num="1113" count="0" type="cond" truecount="0" falsecount="4"/>
        <line num="1114" count="0" type="stmt"/>
        <line num="1115" count="0" type="stmt"/>
        <line num="1118" count="0" type="cond" truecount="0" falsecount="4"/>
        <line num="1119" count="0" type="stmt"/>
        <line num="1120" count="0" type="stmt"/>
        <line num="1123" count="0" type="cond" truecount="0" falsecount="4"/>
        <line num="1124" count="0" type="cond" truecount="0" falsecount="2"/>
        <line num="1125" count="0" type="stmt"/>
        <line num="1126" count="0" type="stmt"/>
        <line num="1129" count="0" type="stmt"/>
        <line num="1130" count="0" type="stmt"/>
        <line num="1131" count="0" type="stmt"/>
        <line num="1134" count="0" type="cond" truecount="0" falsecount="2"/>
        <line num="1135" count="0" type="stmt"/>
        <line num="1138" count="0" type="stmt"/>
        <line num="1139" count="0" type="stmt"/>
        <line num="1140" count="0" type="stmt"/>
        <line num="1141" count="0" type="stmt"/>
        <line num="1142" count="0" type="cond" truecount="0" falsecount="2"/>
        <line num="1143" count="0" type="cond" truecount="0" falsecount="2"/>
        <line num="1144" count="0" type="cond" truecount="0" falsecount="4"/>
        <line num="1145" count="0" type="cond" truecount="0" falsecount="2"/>
        <line num="1149" count="0" type="stmt"/>
        <line num="1150" count="0" type="stmt"/>
        <line num="1152" count="0" type="stmt"/>
        <line num="1153" count="0" type="stmt"/>
        <line num="1155" count="0" type="stmt"/>
        <line num="1161" count="28" type="cond" truecount="2" falsecount="0"/>
        <line num="1162" count="27" type="stmt"/>
        <line num="1163" count="27" type="stmt"/>
        <line num="1169" count="28" type="cond" truecount="2" falsecount="0"/>
        <line num="1170" count="27" type="stmt"/>
        <line num="1171" count="27" type="stmt"/>
        <line num="1182" count="27" type="cond" truecount="1" falsecount="1"/>
        <line num="1183" count="0" type="stmt"/>
        <line num="1186" count="27" type="cond" truecount="5" falsecount="1"/>
        <line num="1192" count="27" type="cond" truecount="1" falsecount="1"/>
        <line num="1193" count="27" type="cond" truecount="3" falsecount="1"/>
        <line num="1194" count="0" type="stmt"/>
        <line num="1197" count="27" type="stmt"/>
        <line num="1198" count="27" type="cond" truecount="1" falsecount="1"/>
        <line num="1200" count="27" type="cond" truecount="1" falsecount="1"/>
        <line num="1201" count="27" type="cond" truecount="1" falsecount="1"/>
        <line num="1202" count="0" type="stmt"/>
        <line num="1205" count="27" type="cond" truecount="4" falsecount="0"/>
        <line num="1206" count="10" type="stmt"/>
        <line num="1207" count="10" type="stmt"/>
        <line num="1213" count="17" type="cond" truecount="1" falsecount="1"/>
        <line num="1214" count="17" type="cond" truecount="1" falsecount="1"/>
        <line num="1216" count="17" type="cond" truecount="3" falsecount="1"/>
        <line num="1217" count="0" type="stmt"/>
        <line num="1220" count="17" type="cond" truecount="3" falsecount="1"/>
        <line num="1221" count="17" type="cond" truecount="1" falsecount="1"/>
        <line num="1222" count="0" type="stmt"/>
        <line num="1225" count="17" type="stmt"/>
        <line num="1226" count="17" type="stmt"/>
        <line num="1227" count="17" type="stmt"/>
        <line num="1229" count="17" type="cond" truecount="1" falsecount="1"/>
        <line num="1230" count="17" type="stmt"/>
        <line num="1233" count="17" type="stmt"/>
        <line num="1234" count="17" type="stmt"/>
        <line num="1235" count="17" type="stmt"/>
        <line num="1236" count="17" type="stmt"/>
        <line num="1237" count="17" type="cond" truecount="2" falsecount="0"/>
        <line num="1238" count="17" type="cond" truecount="2" falsecount="0"/>
        <line num="1239" count="17" type="cond" truecount="3" falsecount="1"/>
        <line num="1240" count="0" type="cond" truecount="0" falsecount="2"/>
        <line num="1244" count="17" type="stmt"/>
        <line num="1245" count="17" type="stmt"/>
        <line num="1247" count="17" type="stmt"/>
        <line num="1249" count="17" type="stmt"/>
        <line num="1255" count="0" type="stmt"/>
        <line num="1263" count="1" type="stmt"/>
        <line num="1269" count="55" type="cond" truecount="2" falsecount="0"/>
        <line num="1270" count="27" type="stmt"/>
        <line num="1275" count="28" type="stmt"/>
        <line num="1278" count="11" type="stmt"/>
        <line num="1279" count="1" type="stmt"/>
        <line num="1280" count="1" type="cond" truecount="1" falsecount="1"/>
        <line num="1281" count="0" type="stmt"/>
        <line num="1303" count="1" type="stmt"/>
        <line num="1304" count="1" type="stmt"/>
        <line num="1306" count="1" type="cond" truecount="1" falsecount="1"/>
        <line num="1307" count="1" type="cond" truecount="1" falsecount="1"/>
        <line num="1308" count="0" type="stmt"/>
        <line num="1309" count="1" type="cond" truecount="1" falsecount="1"/>
        <line num="1310" count="0" type="stmt"/>
        <line num="1311" count="1" type="cond" truecount="1" falsecount="1"/>
        <line num="1312" count="0" type="stmt"/>
        <line num="1313" count="0" type="stmt"/>
        <line num="1314" count="1" type="cond" truecount="1" falsecount="1"/>
        <line num="1315" count="1" type="stmt"/>
        <line num="1316" count="1" type="stmt"/>
        <line num="1319" count="1" type="cond" truecount="2" falsecount="0"/>
        <line num="1320" count="1" type="cond" truecount="2" falsecount="0"/>
        <line num="1322" count="1" type="cond" truecount="1" falsecount="1"/>
        <line num="1323" count="0" type="stmt"/>
        <line num="1325" count="1" type="cond" truecount="1" falsecount="1"/>
        <line num="1326" count="0" type="stmt"/>
        <line num="1328" count="1" type="cond" truecount="1" falsecount="1"/>
        <line num="1329" count="0" type="stmt"/>
        <line num="1335" count="1" type="cond" truecount="1" falsecount="1"/>
        <line num="1336" count="0" type="stmt"/>
        <line num="1338" count="1" type="cond" truecount="1" falsecount="1"/>
        <line num="1339" count="0" type="stmt"/>
        <line num="1340" count="0" type="cond" truecount="0" falsecount="2"/>
        <line num="1341" count="0" type="stmt"/>
        <line num="1343" count="0" type="stmt"/>
        <line num="1347" count="1" type="cond" truecount="2" falsecount="0"/>
        <line num="1348" count="1" type="cond" truecount="2" falsecount="0"/>
        <line num="1349" count="1" type="cond" truecount="3" falsecount="1"/>
        <line num="1350" count="0" type="stmt"/>
        <line num="1351" count="0" type="cond" truecount="0" falsecount="2"/>
        <line num="1352" count="0" type="stmt"/>
        <line num="1354" count="0" type="cond" truecount="0" falsecount="2"/>
        <line num="1355" count="0" type="stmt"/>
        <line num="1359" count="1" type="stmt"/>
        <line num="1360" count="1" type="stmt"/>
        <line num="1366" count="1" type="cond" truecount="2" falsecount="0"/>
        <line num="1367" count="1" type="cond" truecount="1" falsecount="1"/>
        <line num="1368" count="0" type="stmt"/>
        <line num="1371" count="1" type="stmt"/>
        <line num="1372" count="1" type="stmt"/>
        <line num="1373" count="1" type="cond" truecount="1" falsecount="1"/>
        <line num="1374" count="1" type="cond" truecount="3" falsecount="1"/>
[...]
        <line num="3" count="12" type="stmt"/>
        <line num="14" count="12" type="stmt"/>
      </file>
      <file name="Order.js" path="C:\Users\Daksh\OneDrive\carterA++\backend\src\models\Order.js">
        <metrics statements="5" coveredstatements="5" conditionals="0" coveredconditionals="0" methods="1" coveredmethods="1"/>
        <line num="1" count="12" type="stmt"/>
        <line num="3" count="12" type="stmt"/>
        <line num="11" count="12" type="stmt"/>
        <line num="14" count="3" type="stmt"/>
        <line num="30" count="12" type="stmt"/>
      </file>
      <file name="PurchaseOrder.js" path="C:\Users\Daksh\OneDrive\carterA++\backend\src\models\PurchaseOrder.js">
        <metrics statements="5" coveredstatements="5" conditionals="0" coveredconditionals="0" methods="1" coveredmethods="1"/>
        <line num="1" count="12" type="stmt"/>
        <line num="3" count="12" type="stmt"/>
        <line num="19" count="12" type="stmt"/>
        <line num="28" count="2" type="stmt"/>
        <line num="45" count="12" type="stmt"/>
      </file>
      <file name="SparePart.js" path="C:\Users\Daksh\OneDrive\carterA++\backend\src\models\SparePart.js">
        <metrics statements="64" coveredstatements="56" conditionals="67" coveredconditionals="45" methods="6" coveredmethods="6"/>
        <line num="1" count="13" type="stmt"/>
        <line num="3" count="69" type="cond" truecount="2" falsecount="0"/>
        <line num="5" count="13" type="cond" truecount="0" falsecount="1"/>
        <line num="6" count="69" type="cond" truecount="1" falsecount="1"/>
        <line num="7" count="69" type="stmt"/>
        <line num="10" count="0" type="stmt"/>
        <line num="13" count="13" type="stmt"/>
        <line num="24" count="13" type="stmt"/>
        <line num="43" count="13" type="stmt"/>
        <line num="44" count="13" type="stmt"/>
        <line num="45" count="13" type="stmt"/>
        <line num="46" count="13" type="stmt"/>
        <line num="47" count="13" type="stmt"/>
        <line num="50" count="13" type="stmt"/>
        <line num="51" count="51" type="cond" truecount="1" falsecount="1"/>
        <line num="52" count="51" type="stmt"/>
        <line num="53" count="51" type="stmt"/>
        <line num="56" count="51" type="cond" truecount="1" falsecount="1"/>
        <line num="58" count="28" type="cond" truecount="2" falsecount="0"/>
        <line num="60" count="27" type="stmt"/>
        <line num="63" count="51" type="cond" truecount="4" falsecount="0"/>
        <line num="64" count="27" type="cond" truecount="1" falsecount="1"/>
        <line num="67" count="51" type="cond" truecount="1" falsecount="1"/>
        <line num="68" count="51" type="stmt"/>
        <line num="69" count="51" type="stmt"/>
        <line num="72" count="51" type="cond" truecount="1" falsecount="1"/>
        <line num="73" count="51" type="stmt"/>
        <line num="74" count="51" type="stmt"/>
        <line num="75" count="51" type="stmt"/>
        <line num="77" count="51" type="stmt"/>
        <line num="78" count="46" type="cond" truecount="3" falsecount="1"/>
        <line num="79" count="46" type="cond" truecount="3" falsecount="1"/>
        <line num="81" count="46" type="cond" truecount="1" falsecount="1"/>
        <line num="82" count="46" type="cond" truecount="1" falsecount="1"/>
        <line num="84" count="46" type="cond" truecount="1" falsecount="1"/>
        <line num="85" count="46" type="cond" truecount="1" falsecount="2"/>
        <line num="86" count="46" type="cond" truecount="2" falsecount="2"/>
        <line num="87" count="0" type="stmt"/>
        <line num="88" count="0" type="stmt"/>
        <line num="91" count="46" type="cond" truecount="1" falsecount="1"/>
        <line num="92" count="0" type="stmt"/>
        <line num="95" count="46" type="cond" truecount="1" falsecount="1"/>
        <line num="96" count="0" type="stmt"/>
        <line num="97" count="0" type="stmt"/>
        <line num="100" count="46" type="cond" truecount="2" falsecount="1"/>
        <line num="101" count="46" type="stmt"/>
        <line num="102" count="46" type="cond" truecount="1" falsecount="1"/>
        <line num="103" count="0" type="stmt"/>
        <line num="104" count="0" type="stmt"/>
        <line num="107" count="46" type="stmt"/>
        <line num="108" count="46" type="stmt"/>
        <line num="116" count="46" type="stmt"/>
        <line num="117" count="46" type="stmt"/>
        <line num="118" count="46" type="cond" truecount="2" falsecount="0"/>
        <line num="119" count="45" type="stmt"/>
        <line num="122" count="46" type="stmt"/>
        <line num="130" count="51" type="cond" truecount="2" falsecount="0"/>
        <line num="131" count="23" type="stmt"/>
        <line num="134" count="51" type="cond" truecount="2" falsecount="0"/>
        <line num="135" count="46" type="cond" truecount="2" falsecount="0"/>
        <line num="136" count="23" type="stmt"/>
        <line num="137" count="23" type="stmt"/>
        <line num="143" count="51" type="stmt"/>
        <line num="146" count="13" type="cond" truecount="2" falsecount="0"/>
      </file>
      <file name="StoreOrder.js" path="C:\Users\Daksh\OneDrive\carterA++\backend\src\models\StoreOrder.js">
        <metrics statements="13" coveredstatements="7" conditionals="8" coveredconditionals="2" methods="5" coveredmethods="0"/>
        <line num="1" count="12" type="stmt"/>
        <line num="3" count="12" type="stmt"/>
        <line num="14" count="12" type="stmt"/>
        <line num="23" count="12" type="stmt"/>
        <line num="45" count="0" type="cond" truecount="0" falsecount="2"/>
        <line num="50" count="0" type="stmt"/>
        <line num="51" count="0" type="stmt"/>
        <line num="57" count="12" type="stmt"/>
        <line num="58" count="0" type="cond" truecount="0" falsecount="2"/>
        <line num="59" count="0" type="cond" truecount="0" falsecount="2"/>
        <line num="60" count="0" type="stmt"/>
        <line num="63" count="12" type="stmt"/>
        <line num="65" count="12" type="cond" truecount="2" falsecount="0"/>
      </file>
      <file name="Transfer.js" path="C:\Users\Daksh\OneDrive\carterA++\backend\src\models\Transfer.js">
        <metrics statements="16" coveredstatements="16" conditionals="0" coveredconditionals="0" methods="0" coveredmethods="0"/>
        <line num="1" count="12" type="stmt"/>
        <line num="3" count="12" type="stmt"/>
        <line num="10" count="12" type="stmt"/>
        <line num="23" count="12" type="stmt"/>
        <line num="32" count="12" type="stmt"/>
        <line num="78" count="12" type="stmt"/>
        <line num="79" count="12" type="stmt"/>
        <line num="80" count="12" type="stmt"/>
        <line num="81" count="12" type="stmt"/>
        <line num="82" count="12" type="stmt"/>
        <line num="83" count="12" type="stmt"/>
        <line num="84" count="12" type="stmt"/>
        <line num="85" count="12" type="stmt"/>
        <line num="86" count="12" type="stmt"/>
        <line num="87" count="12" type="stmt"/>
        <line num="89" count="12" type="stmt"/>
      </file>
      <file name="index.js" path="C:\Users\Daksh\OneDrive\carterA++\backend\src\models\index.js">
        <metrics statements="25" coveredstatements="19" conditionals="6" coveredconditionals="6" methods="2" coveredmethods="2"/>
        <line num="1" count="12" type="stmt"/>
        <line num="3" count="12" type="stmt"/>
        <line num="4" count="12" type="stmt"/>
        <line num="7" count="12" type="stmt"/>
        <line num="8" count="12" type="stmt"/>
        <line num="9" count="12" type="stmt"/>
        <line num="11" count="0" type="stmt"/>
        <line num="12" count="0" type="stmt"/>
        <line num="16" count="84" type="cond" truecount="2" falsecount="0"/>
        <line num="17" count="12" type="stmt"/>
        <line num="18" count="72" type="cond" truecount="2" falsecount="0"/>
        <line num="19" count="60" type="stmt"/>
        <line num="20" count="60" type="stmt"/>
        <line num="21" count="60" type="stmt"/>
        <line num="22" count="60" type="stmt"/>
        <line num="24" count="0" type="stmt"/>
        <line num="25" count="0" type="stmt"/>
        <line num="30" count="12" type="stmt"/>
        <line num="31" count="36" type="cond" truecount="2" falsecount="0"/>
        <line num="32" count="12" type="stmt"/>
        <line num="33" count="12" type="stmt"/>
        <line num="34" count="12" type="stmt"/>
        <line num="36" count="0" type="stmt"/>
        <line num="37" count="0" type="stmt"/>
        <line num="42" count="12" type="stmt"/>
      </file>
    </package>
    <package name="backend.src.routes">
      <metrics statements="41" coveredstatements="41" conditionals="0" coveredconditionals="0" methods="0" coveredmethods="0"/>
      <file name="purchaseOrdersRoutes.js" path="C:\Users\Daksh\OneDrive\carterA++\backend\src\routes\purchaseOrdersRoutes.js">
        <metrics statements="9" coveredstatements="9" conditionals="0" coveredconditionals="0" methods="0" coveredmethods="0"/>
        <line num="1" count="11" type="stmt"/>
        <line num="2" count="11" type="stmt"/>
        <line num="3" count="11" type="stmt"/>
        <line num="4" count="11" type="stmt"/>
        <line num="7" count="11" type="stmt"/>
        <line num="10" count="11" type="stmt"/>
        <line num="13" count="11" type="stmt"/>
        <line num="16" count="11" type="stmt"/>
        <line num="18" count="11" type="stmt"/>
      </file>
      <file name="storeOrdersRoutes.js" path="C:\Users\Daksh\OneDrive\carterA++\backend\src\routes\storeOrdersRoutes.js">
        <metrics statements="9" coveredstatements="9" conditionals="0" coveredconditionals="0" methods="0" coveredmethods="0"/>
        <line num="1" count="11" type="stmt"/>
        <line num="2" count="11" type="stmt"/>
        <line num="3" count="11" type="stmt"/>
        <line num="4" count="11" type="stmt"/>
        <line num="7" count="11" type="stmt"/>
        <line num="10" count="11" type="stmt"/>
        <line num="13" count="11" type="stmt"/>
        <line num="16" count="11" type="stmt"/>
        <line num="18" count="11" type="stmt"/>
      </file>
      <file name="storeRoutes.js" path="C:\Users\Daksh\OneDrive\carterA++\backend\src\routes\storeRoutes.js">
        <metrics statements="10" coveredstatements="10" conditionals="0" coveredconditionals="0" methods="0" coveredmethods="0"/>
        <line num="1" count="11" type="stmt"/>
        <line num="2" count="11" type="stmt"/>
        <line num="3" count="11" type="stmt"/>
        <line num="4" count="11" type="stmt"/>
        <line num="9" count="11" type="stmt"/>
        <line num="11" count="11" type="stmt"/>
        <line num="13" count="11" type="stmt"/>
        <line num="15" count="11" type="stmt"/>
        <line num="17" count="11" type="stmt"/>
        <line num="19" count="11" type="stmt"/>
      </file>
      <file name="transferRoutes.js" path="C:\Users\Daksh\OneDrive\carterA++\backend\src\routes\transferRoutes.js">
        <metrics statements="13" coveredstatements="13" conditionals="0" coveredconditionals="0" methods="0" coveredmethods="0"/>
        <line num="1" count="11" type="stmt"/>
        <line num="2" count="11" type="stmt"/>
        <line num="3" count="11" type="stmt"/>
        <line num="4" count="11" type="stmt"/>
        <line num="7" count="11" type="stmt"/>
        <line num="10" count="11" type="stmt"/>
        <line num="13" count="11" type="stmt"/>
        <line num="16" count="11" type="stmt"/>
        <line num="18" count="11" type="stmt"/>
        <line num="20" count="11" type="stmt"/>
        <line num="23" count="11" type="stmt"/>
        <line num="26" count="11" type="stmt"/>
        <line num="28" count="11" type="stmt"/>
      </file>
    </package>
    <package name="backend.src.services">
      <metrics statements="60" coveredstatements="10" conditionals="53" coveredconditionals="0" methods="6" coveredmethods="0"/>
      <file name="inventoryService.js" path="C:\Users\Daksh\OneDrive\carterA++\backend\src\services\inventoryService.js">
        <metrics statements="60" coveredstatements="10" conditionals="53" coveredconditionals="0" methods="6" coveredmethods="0"/>
        <line num="1" count="11" type="stmt"/>
        <line num="2" count="11" type="stmt"/>
        <line num="3" count="11" type="stmt"/>
        <line num="5" count="11" type="cond" truecount="0" falsecount="2"/>
        <line num="7" count="11" type="stmt"/>
        <line num="8" count="0" type="cond" truecount="0" falsecount="2"/>
        <line num="9" count="0" type="cond" truecount="0" falsecount="4"/>
        <line num="10" count="0" type="stmt"/>
        <line num="12" count="0" type="stmt"/>
        <line num="15" count="11" type="stmt"/>
        <line num="16" count="0" type="stmt"/>
        <line num="17" count="0" type="cond" truecount="0" falsecount="2"/>
        <line num="18" count="0" type="stmt"/>
        <line num="21" count="0" type="cond" truecount="0" falsecount="4"/>
        <line num="22" count="0" type="stmt"/>
        <line num="25" count="0" type="stmt"/>
        <line num="26" count="0" type="cond" truecount="0" falsecount="2"/>
        <line num="27" count="0" type="stmt"/>
        <line num="30" count="0" type="stmt"/>
        <line num="33" count="11" type="cond" truecount="0" falsecount="1"/>
        <line num="34" count="0" type="stmt"/>
        <line num="35" count="0" type="cond" truecount="0" falsecount="2"/>
        <line num="36" count="0" type="stmt"/>
        <line num="39" count="0" type="stmt"/>
        <line num="50" count="11" type="cond" truecount="0" falsecount="4"/>
        <line num="51" count="0" type="stmt"/>
        <line num="52" count="0" type="cond" truecount="0" falsecount="2"/>
        <line num="53" count="0" type="stmt"/>
        <line num="56" count="0" type="cond" truecount="0" falsecount="2"/>
        <line num="57" count="0" type="stmt"/>
        <line num="58" count="0" type="stmt"/>
        <line num="60" count="0" type="cond" truecount="0" falsecount="2"/>
        <line num="61" count="0" type="stmt"/>
        <line num="67" count="0" type="stmt"/>
        <line num="70" count="0" type="stmt"/>
        <line num="77" count="0" type="stmt"/>
        <line num="78" count="0" type="stmt"/>
        <line num="79" count="0" type="stmt"/>
        <line num="81" count="0" type="cond" truecount="0" falsecount="2"/>
        <line num="82" count="0" type="stmt"/>
        <line num="85" count="0" type="stmt"/>
        <line num="86" count="0" type="cond" truecount="0" falsecount="2"/>
        <line num="87" count="0" type="stmt"/>
        <line num="90" count="0" type="stmt"/>
        <line num="96" count="0" type="stmt"/>
        <line num="100" count="11" type="cond" truecount="0" falsecount="3"/>
        <line num="101" count="0" type="stmt"/>
        <line num="102" count="0" type="cond" truecount="0" falsecount="2"/>
        <line num="103" count="0" type="stmt"/>
        <line num="106" count="0" type="cond" truecount="0" falsecount="2"/>
        <line num="107" count="0" type="stmt"/>
        <line num="108" count="0" type="stmt"/>
        <line num="110" count="0" type="cond" truecount="0" falsecount="2"/>
        <line num="111" count="0" type="cond" truecount="0" falsecount="2"/>
        <line num="114" count="0" type="cond" truecount="0" falsecount="2"/>
        <line num="115" count="0" type="cond" truecount="0" falsecount="2"/>
        <line num="116" count="0" type="stmt"/>
        <line num="122" count="0" type="stmt"/>
        <line num="128" count="0" type="stmt"/>
        <line num="131" count="11" type="stmt"/>
      </file>
    </package>
    <package name="backend.src.utils">
      <metrics statements="61" coveredstatements="17" conditionals="80" coveredconditionals="13" methods="8" coveredmethods="4"/>
      <file name="sparePartDedup.js" path="C:\Users\Daksh\OneDrive\carterA++\backend\src\utils\sparePartDedup.js">
        <metrics statements="61" coveredstatements="17" conditionals="80" coveredconditionals="13" methods="8" coveredmethods="4"/>
        <line num="1" count="12" type="cond" truecount="1" falsecount="1"/>
        <line num="3" count="12" type="cond" truecount="0" falsecount="2"/>
        <line num="4" count="1" type="stmt"/>
        <line num="6" count="8" type="cond" truecount="2" falsecount="0"/>
        <line num="11" count="12" type="cond" truecount="0" falsecount="2"/>
        <line num="12" count="0" type="cond" truecount="0" falsecount="2"/>
        <line num="14" count="0" type="cond" truecount="0" falsecount="2"/>
        <line num="15" count="0" type="cond" truecount="0" falsecount="2"/>
        <line num="16" count="0" type="cond" truecount="0" falsecount="2"/>
        <line num="17" count="0" type="stmt"/>
        <line num="20" count="0" type="stmt"/>
        <line num="21" count="0" type="cond" truecount="0" falsecount="2"/>
        <line num="24" count="0" type="cond" truecount="0" falsecount="2"/>
        <line num="25" count="0" type="cond" truecount="0" falsecount="4"/>
        <line num="26" count="0" type="cond" truecount="0" falsecount="4"/>
        <line num="27" count="0" type="stmt"/>
        <line num="29" count="0" type="cond" truecount="0" falsecount="4"/>
        <line num="30" count="0" type="stmt"/>
        <line num="32" count="0" type="stmt"/>
        <line num="35" count="0" type="stmt"/>
        <line num="43" count="0" type="stmt"/>
        <line num="46" count="12" type="cond" truecount="1" falsecount="0"/>
        <line num="47" count="1" type="cond" truecount="1" falsecount="1"/>
        <line num="48" count="0" type="stmt"/>
        <line num="58" count="1" type="stmt"/>
        <line num="59" count="1" type="cond" truecount="2" falsecount="0"/>
        <line num="60" count="1" type="stmt"/>
        <line num="61" count="1" type="cond" truecount="1" falsecount="1"/>
        <line num="63" count="1" type="cond" truecount="1" falsecount="1"/>
        <line num="64" count="1" type="stmt"/>
        <line num="65" count="1" type="cond" truecount="1" falsecount="1"/>
        <line num="66" count="0" type="stmt"/>
        <line num="68" count="1" type="cond" truecount="1" falsecount="1"/>
        <line num="69" count="0" type="stmt"/>
        <line num="72" count="1" type="stmt"/>
        <line num="76" count="0" type="cond" truecount="0" falsecount="2"/>
        <line num="77" count="0" type="stmt"/>
        <line num="87" count="0" type="stmt"/>
        <line num="88" count="0" type="stmt"/>
        <line num="90" count="0" type="stmt"/>
        <line num="92" count="0" type="stmt"/>
        <line num="93" count="0" type="stmt"/>
        <line num="94" count="0" type="stmt"/>
        <line num="96" count="0" type="cond" truecount="0" falsecount="4"/>
        <line num="97" count="0" type="cond" truecount="0" falsecount="4"/>
        <line num="98" count="0" type="cond" truecount="0" falsecount="3"/>
        <line num="99" count="0" type="stmt"/>
        <line num="101" count="0" type="stmt"/>
        <line num="106" count="0" type="cond" truecount="0" falsecount="2"/>
        <line num="107" count="0" type="stmt"/>
        <line num="108" count="0" type="stmt"/>
        <line num="111" count="0" type="cond" truecount="0" falsecount="4"/>
        <line num="112" count="0" type="stmt"/>
        <line num="113" count="0" type="cond" truecount="0" falsecount="2"/>
        <line num="114" count="0" type="cond" truecount="0" falsecount="2"/>
        <line num="120" count="0" type="stmt"/>
        <line num="122" count="0" type="cond" truecount="0" falsecount="2"/>
        <line num="123" count="0" type="stmt"/>
        <line num="124" count="0" type="stmt"/>
        <line num="127" count="0" type="stmt"/>
        <line num="137" count="12" type="stmt"/>
      </file>
    </package>
  </project>
</coverage>
