{"C:\\Users\\Daksh\\OneDrive\\carterA++\\backend\\server.js": {"path":"C:\\Users\\Daksh\\OneDrive\\carterA++\\backend\\server.js","statementMap":{"0":{"start":{"line":1,"column":16},"end":{"line":1,"column":34}},"1":{"start":{"line":2,"column":13},"end":{"line":2,"column":28}},"2":{"start":{"line":3,"column":15},"end":{"line":3,"column":32}},"3":{"start":{"line":4,"column":17},"end":{"line":4,"column":36}},"4":{"start":{"line":5,"column":18},"end":{"line":5,"column":40}},"5":{"start":{"line":6,"column":13},"end":{"line":6,"column":28}},"6":{"start":{"line":7,"column":23},"end":{"line":7,"column":40}},"7":{"start":{"line":9,"column":15},"end":{"line":9,"column":47}},"8":{"start":{"line":10,"column":37},"end":{"line":10,"column":74}},"9":{"start":{"line":11,"column":55},"end":{"line":11,"column":98}},"10":{"start":{"line":19,"column":4},"end":{"line":19,"column":10}},"11":{"start":{"line":21,"column":32},"end":{"line":44,"column":1}},"12":{"start":{"line":22,"column":14},"end":{"line":22,"column":16}},"13":{"start":{"line":24,"column":26},"end":{"line":24,"column":76}},"14":{"start":{"line":25,"column":2},"end":{"line":34,"column":5}},"15":{"start":{"line":26,"column":4},"end":{"line":26,"column":42}},"16":{"start":{"line":26,"column":35},"end":{"line":26,"column":42}},"17":{"start":{"line":27,"column":4},"end":{"line":33,"column":7}},"18":{"start":{"line":28,"column":6},"end":{"line":32,"column":7}},"19":{"start":{"line":29,"column":8},"end":{"line":29,"column":85}},"20":{"start":{"line":31,"column":8},"end":{"line":31,"column":24}},"21":{"start":{"line":36,"column":2},"end":{"line":38,"column":3}},"22":{"start":{"line":37,"column":4},"end":{"line":37,"column":30}},"23":{"start":{"line":40,"column":2},"end":{"line":43,"column":55}},"24":{"start":{"line":41,"column":17},"end":{"line":41,"column":40}},"25":{"start":{"line":43,"column":30},"end":{"line":43,"column":53}},"26":{"start":{"line":46,"column":28},"end":{"line":67,"column":1}},"27":{"start":{"line":47,"column":24},"end":{"line":53,"column":54}},"28":{"start":{"line":51,"column":17},"end":{"line":51,"column":40}},"29":{"start":{"line":53,"column":30},"end":{"line":53,"column":53}},"30":{"start":{"line":55,"column":19},"end":{"line":58,"column":5}},"31":{"start":{"line":55,"column":46},"end":{"line":58,"column":3}},"32":{"start":{"line":60,"column":2},"end":{"line":66,"column":4}},"33":{"start":{"line":65,"column":42},"end":{"line":65,"column":51}},"34":{"start":{"line":69,"column":37},"end":{"line":91,"column":1}},"35":{"start":{"line":70,"column":14},"end":{"line":80,"column":3}},"36":{"start":{"line":73,"column":27},"end":{"line":76,"column":9}},"37":{"start":{"line":77,"column":21},"end":{"line":77,"column":44}},"38":{"start":{"line":82,"column":26},"end":{"line":82,"column":35}},"39":{"start":{"line":83,"column":2},"end":{"line":88,"column":3}},"40":{"start":{"line":84,"column":24},"end":{"line":84,"column":116}},"41":{"start":{"line":84,"column":113},"end":{"line":84,"column":115}},"42":{"start":{"line":85,"column":4},"end":{"line":87,"column":7}},"43":{"start":{"line":86,"column":6},"end":{"line":86,"column":59}},"44":{"start":{"line":90,"column":2},"end":{"line":90,"column":73}},"45":{"start":{"line":90,"column":29},"end":{"line":90,"column":71}},"46":{"start":{"line":94,"column":20},"end":{"line":94,"column":55}},"47":{"start":{"line":95,"column":23},"end":{"line":95,"column":61}},"48":{"start":{"line":96,"column":29},"end":{"line":96,"column":73}},"49":{"start":{"line":97,"column":26},"end":{"line":97,"column":67}},"50":{"start":{"line":99,"column":0},"end":{"line":99,"column":16}},"51":{"start":{"line":100,"column":12},"end":{"line":100,"column":21}},"52":{"start":{"line":101,"column":13},"end":{"line":101,"column":37}},"53":{"start":{"line":102,"column":0},"end":{"line":102,"column":60}},"54":{"start":{"line":103,"column":21},"end":{"line":103,"column":58}},"55":{"start":{"line":104,"column":26},"end":{"line":104,"column":66}},"56":{"start":{"line":105,"column":25},"end":{"line":105,"column":68}},"57":{"start":{"line":106,"column":28},"end":{"line":106,"column":31}},"58":{"start":{"line":107,"column":29},"end":{"line":107,"column":109}},"59":{"start":{"line":108,"column":27},"end":{"line":108,"column":78}},"60":{"start":{"line":110,"column":22},"end":{"line":117,"column":1}},"61":{"start":{"line":119,"column":28},"end":{"line":124,"column":1}},"62":{"start":{"line":120,"column":2},"end":{"line":120,"column":18}},"63":{"start":{"line":121,"column":2},"end":{"line":123,"column":3}},"64":{"start":{"line":122,"column":4},"end":{"line":122,"column":16}},"65":{"start":{"line":126,"column":19},"end":{"line":133,"column":1}},"66":{"start":{"line":127,"column":2},"end":{"line":129,"column":3}},"67":{"start":{"line":128,"column":4},"end":{"line":128,"column":13}},"68":{"start":{"line":130,"column":17},"end":{"line":130,"column":50}},"69":{"start":{"line":130,"column":44},"end":{"line":130,"column":49}},"70":{"start":{"line":131,"column":15},"end":{"line":131,"column":97}},"71":{"start":{"line":132,"column":2},"end":{"line":132,"column":41}},"72":{"start":{"line":135,"column":29},"end":{"line":157,"column":1}},"73":{"start":{"line":136,"column":2},"end":{"line":138,"column":3}},"74":{"start":{"line":137,"column":4},"end":{"line":137,"column":18}},"75":{"start":{"line":140,"column":17},"end":{"line":140,"column":63}},"76":{"start":{"line":141,"column":2},"end":{"line":146,"column":3}},"77":{"start":{"line":142,"column":4},"end":{"line":145,"column":7}},"78":{"start":{"line":148,"column":16},"end":{"line":148,"column":38}},"79":{"start":{"line":149,"column":2},"end":{"line":154,"column":3}},"80":{"start":{"line":150,"column":4},"end":{"line":153,"column":7}},"81":{"start":{"line":156,"column":2},"end":{"line":156,"column":16}},"82":{"start":{"line":160,"column":0},"end":{"line":160,"column":12}},"83":{"start":{"line":163,"column":20},"end":{"line":168,"column":1}},"84":{"start":{"line":170,"column":0},"end":{"line":170,"column":27}},"85":{"start":{"line":171,"column":0},"end":{"line":171,"column":24}},"86":{"start":{"line":174,"column":0},"end":{"line":176,"column":1}},"87":{"start":{"line":175,"column":2},"end":{"line":175,"column":45}},"88":{"start":{"line":179,"column":0},"end":{"line":224,"column":3}},"89":{"start":{"line":180,"column":28},"end":{"line":180,"column":76}},"90":{"start":{"line":181,"column":2},"end":{"line":181,"column":52}},"91":{"start":{"line":182,"column":2},"end":{"line":182,"column":47}},"92":{"start":{"line":184,"column":16},"end":{"line":184,"column":39}},"93":{"start":{"line":185,"column":2},"end":{"line":221,"column":5}},"94":{"start":{"line":186,"column":23},"end":{"line":186,"column":68}},"95":{"start":{"line":187,"column":22},"end":{"line":187,"column":62}},"96":{"start":{"line":188,"column":21},"end":{"line":188,"column":49}},"97":{"start":{"line":189,"column":23},"end":{"line":189,"column":50}},"98":{"start":{"line":190,"column":20},"end":{"line":190,"column":37}},"99":{"start":{"line":191,"column":19},"end":{"line":191,"column":49}},"100":{"start":{"line":193,"column":4},"end":{"line":193,"column":37}},"101":{"start":{"line":194,"column":4},"end":{"line":194,"column":48}},"102":{"start":{"line":194,"column":17},"end":{"line":194,"column":48}},"103":{"start":{"line":195,"column":4},"end":{"line":195,"column":53}},"104":{"start":{"line":195,"column":16},"end":{"line":195,"column":53}},"105":{"start":{"line":196,"column":4},"end":{"line":196,"column":69}},"106":{"start":{"line":198,"column":23},"end":{"line":203,"column":5}},"107":{"start":{"line":204,"column":4},"end":{"line":204,"column":26}},"108":{"start":{"line":205,"column":4},"end":{"line":205,"column":40}},"109":{"start":{"line":205,"column":17},"end":{"line":205,"column":40}},"110":{"start":{"line":206,"column":4},"end":{"line":206,"column":37}},"111":{"start":{"line":206,"column":16},"end":{"line":206,"column":37}},"112":{"start":{"line":207,"column":4},"end":{"line":207,"column":65}},"113":{"start":{"line":208,"column":4},"end":{"line":208,"column":53}},"114":{"start":{"line":210,"column":23},"end":{"line":219,"column":5}},"115":{"start":{"line":220,"column":4},"end":{"line":220,"column":44}},"116":{"start":{"line":223,"column":2},"end":{"line":223,"column":9}},"117":{"start":{"line":227,"column":0},"end":{"line":229,"column":3}},"118":{"start":{"line":228,"column":2},"end":{"line":228,"column":69}},"119":{"start":{"line":231,"column":0},"end":{"line":248,"column":3}},"120":{"start":{"line":232,"column":22},"end":{"line":232,"column":58}},"121":{"start":{"line":233,"column":23},"end":{"line":240,"column":3}},"122":{"start":{"line":241,"column":2},"end":{"line":247,"column":5}},"123":{"start":{"line":250,"column":0},"end":{"line":293,"column":3}},"124":{"start":{"line":251,"column":21},"end":{"line":263,"column":17}},"125":{"start":{"line":252,"column":30},"end":{"line":261,"column":5}},"126":{"start":{"line":259,"column":59},"end":{"line":259,"column":70}},"127":{"start":{"line":262,"column":20},"end":{"line":262,"column":37}},"128":{"start":{"line":265,"column":24},"end":{"line":265,"column":51}},"129":{"start":{"line":266,"column":20},"end":{"line":268,"column":7}},"130":{"start":{"line":269,"column":19},"end":{"line":271,"column":7}},"131":{"start":{"line":273,"column":2},"end":{"line":292,"column":5}},"132":{"start":{"line":295,"column":0},"end":{"line":336,"column":3}},"133":{"start":{"line":296,"column":24},"end":{"line":296,"column":51}},"134":{"start":{"line":297,"column":21},"end":{"line":297,"column":65}},"135":{"start":{"line":298,"column":16},"end":{"line":298,"column":18}},"136":{"start":{"line":300,"column":2},"end":{"line":300,"column":87}},"137":{"start":{"line":301,"column":2},"end":{"line":301,"column":51}},"138":{"start":{"line":302,"column":2},"end":{"line":302,"column":53}},"139":{"start":{"line":304,"column":2},"end":{"line":304,"column":81}},"140":{"start":{"line":305,"column":2},"end":{"line":305,"column":49}},"141":{"start":{"line":306,"column":2},"end":{"line":306,"column":63}},"142":{"start":{"line":308,"column":2},"end":{"line":308,"column":102}},"143":{"start":{"line":309,"column":2},"end":{"line":309,"column":56}},"144":{"start":{"line":310,"column":2},"end":{"line":310,"column":76}},"145":{"start":{"line":312,"column":2},"end":{"line":312,"column":97}},"146":{"start":{"line":313,"column":2},"end":{"line":313,"column":58}},"147":{"start":{"line":314,"column":2},"end":{"line":314,"column":96}},"148":{"start":{"line":316,"column":2},"end":{"line":316,"column":95}},"149":{"start":{"line":317,"column":2},"end":{"line":317,"column":57}},"150":{"start":{"line":318,"column":2},"end":{"line":320,"column":5}},"151":{"start":{"line":319,"column":4},"end":{"line":319,"column":77}},"152":{"start":{"line":322,"column":2},"end":{"line":322,"column":85}},"153":{"start":{"line":323,"column":2},"end":{"line":323,"column":55}},"154":{"start":{"line":324,"column":2},"end":{"line":326,"column":5}},"155":{"start":{"line":325,"column":4},"end":{"line":325,"column":76}},"156":{"start":{"line":328,"column":2},"end":{"line":328,"column":88}},"157":{"start":{"line":329,"column":2},"end":{"line":329,"column":47}},"158":{"start":{"line":330,"column":2},"end":{"line":332,"column":5}},"159":{"start":{"line":331,"column":4},"end":{"line":331,"column":91}},"160":{"start":{"line":334,"column":2},"end":{"line":334,"column":76}},"161":{"start":{"line":335,"column":2},"end":{"line":335,"column":48}},"162":{"start":{"line":339,"column":0},"end":{"line":339,"column":36}},"163":{"start":{"line":340,"column":0},"end":{"line":340,"column":54}},"164":{"start":{"line":341,"column":0},"end":{"line":341,"column":48}},"165":{"start":{"line":342,"column":0},"end":{"line":342,"column":42}},"166":{"start":{"line":343,"column":0},"end":{"line":343,"column":42}},"167":{"start":{"line":346,"column":0},"end":{"line":348,"column":3}},"168":{"start":{"line":347,"column":2},"end":{"line":347,"column":75}},"169":{"start":{"line":351,"column":0},"end":{"line":363,"column":3}},"170":{"start":{"line":352,"column":2},"end":{"line":362,"column":3}},"171":{"start":{"line":353,"column":18},"end":{"line":353,"column":30}},"172":{"start":{"line":354,"column":4},"end":{"line":354,"column":96}},"173":{"start":{"line":354,"column":16},"end":{"line":354,"column":96}},"174":{"start":{"line":355,"column":17},"end":{"line":355,"column":46}},"175":{"start":{"line":356,"column":4},"end":{"line":356,"column":80}},"176":{"start":{"line":356,"column":33},"end":{"line":356,"column":80}},"177":{"start":{"line":357,"column":4},"end":{"line":357,"column":92}},"178":{"start":{"line":357,"column":26},"end":{"line":357,"column":92}},"179":{"start":{"line":358,"column":19},"end":{"line":358,"column":59}},"180":{"start":{"line":358,"column":56},"end":{"line":358,"column":58}},"181":{"start":{"line":359,"column":4},"end":{"line":359,"column":85}},"182":{"start":{"line":361,"column":4},"end":{"line":361,"column":77}},"183":{"start":{"line":365,"column":0},"end":{"line":376,"column":3}},"184":{"start":{"line":366,"column":2},"end":{"line":375,"column":3}},"185":{"start":{"line":367,"column":4},"end":{"line":367,"column":104}},"186":{"start":{"line":367,"column":16},"end":{"line":367,"column":104}},"187":{"start":{"line":368,"column":120},"end":{"line":368,"column":128}},"188":{"start":{"line":369,"column":4},"end":{"line":369,"column":106}},"189":{"start":{"line":369,"column":23},"end":{"line":369,"column":106}},"190":{"start":{"line":370,"column":18},"end":{"line":370,"column":136}},"191":{"start":{"line":371,"column":4},"end":{"line":371,"column":23}},"192":{"start":{"line":372,"column":4},"end":{"line":372,"column":75}},"193":{"start":{"line":374,"column":4},"end":{"line":374,"column":67}},"194":{"start":{"line":378,"column":0},"end":{"line":399,"column":3}},"195":{"start":{"line":379,"column":2},"end":{"line":398,"column":3}},"196":{"start":{"line":380,"column":4},"end":{"line":380,"column":89}},"197":{"start":{"line":380,"column":16},"end":{"line":380,"column":89}},"198":{"start":{"line":381,"column":4},"end":{"line":389,"column":24}},"199":{"start":{"line":389,"column":18},"end":{"line":389,"column":22}},"200":{"start":{"line":390,"column":4},"end":{"line":394,"column":7}},"201":{"start":{"line":395,"column":4},"end":{"line":395,"column":70}},"202":{"start":{"line":397,"column":4},"end":{"line":397,"column":67}},"203":{"start":{"line":402,"column":0},"end":{"line":413,"column":3}},"204":{"start":{"line":403,"column":2},"end":{"line":412,"column":3}},"205":{"start":{"line":404,"column":20},"end":{"line":404,"column":34}},"206":{"start":{"line":405,"column":4},"end":{"line":405,"column":77}},"207":{"start":{"line":405,"column":18},"end":{"line":405,"column":77}},"208":{"start":{"line":406,"column":17},"end":{"line":406,"column":19}},"209":{"start":{"line":407,"column":4},"end":{"line":407,"column":63}},"210":{"start":{"line":407,"column":27},"end":{"line":407,"column":63}},"211":{"start":{"line":408,"column":21},"end":{"line":408,"column":63}},"212":{"start":{"line":408,"column":60},"end":{"line":408,"column":62}},"213":{"start":{"line":409,"column":4},"end":{"line":409,"column":52}},"214":{"start":{"line":411,"column":4},"end":{"line":411,"column":56}},"215":{"start":{"line":415,"column":0},"end":{"line":425,"column":3}},"216":{"start":{"line":416,"column":2},"end":{"line":424,"column":3}},"217":{"start":{"line":417,"column":24},"end":{"line":417,"column":34}},"218":{"start":{"line":418,"column":4},"end":{"line":418,"column":119}},"219":{"start":{"line":418,"column":18},"end":{"line":418,"column":119}},"220":{"start":{"line":419,"column":21},"end":{"line":419,"column":78}},"221":{"start":{"line":419,"column":75},"end":{"line":419,"column":77}},"222":{"start":{"line":420,"column":26},"end":{"line":420,"column":97}},"223":{"start":{"line":420,"column":47},"end":{"line":420,"column":89}},"224":{"start":{"line":421,"column":4},"end":{"line":421,"column":91}},"225":{"start":{"line":423,"column":4},"end":{"line":423,"column":109}},"226":{"start":{"line":427,"column":0},"end":{"line":438,"column":3}},"227":{"start":{"line":428,"column":2},"end":{"line":437,"column":3}},"228":{"start":{"line":429,"column":4},"end":{"line":429,"column":108}},"229":{"start":{"line":429,"column":18},"end":{"line":429,"column":108}},"230":{"start":{"line":430,"column":91},"end":{"line":430,"column":99}},"231":{"start":{"line":431,"column":4},"end":{"line":431,"column":115}},"232":{"start":{"line":431,"column":28},"end":{"line":431,"column":115}},"233":{"start":{"line":432,"column":20},"end":{"line":432,"column":111}},"234":{"start":{"line":433,"column":4},"end":{"line":433,"column":25}},"235":{"start":{"line":434,"column":4},"end":{"line":434,"column":79}},"236":{"start":{"line":436,"column":4},"end":{"line":436,"column":67}},"237":{"start":{"line":441,"column":0},"end":{"line":454,"column":3}},"238":{"start":{"line":442,"column":2},"end":{"line":453,"column":3}},"239":{"start":{"line":443,"column":4},"end":{"line":443,"column":81}},"240":{"start":{"line":443,"column":20},"end":{"line":443,"column":81}},"241":{"start":{"line":444,"column":28},"end":{"line":444,"column":90}},"242":{"start":{"line":445,"column":19},"end":{"line":447,"column":37}},"243":{"start":{"line":448,"column":23},"end":{"line":448,"column":74}},"244":{"start":{"line":448,"column":71},"end":{"line":448,"column":73}},"245":{"start":{"line":449,"column":21},"end":{"line":449,"column":67}},"246":{"start":{"line":450,"column":4},"end":{"line":450,"column":64}},"247":{"start":{"line":452,"column":4},"end":{"line":452,"column":58}},"248":{"start":{"line":457,"column":0},"end":{"line":460,"column":3}},"249":{"start":{"line":458,"column":30},"end":{"line":458,"column":68}},"250":{"start":{"line":459,"column":2},"end":{"line":459,"column":28}},"251":{"start":{"line":462,"column":0},"end":{"line":483,"column":3}},"252":{"start":{"line":463,"column":2},"end":{"line":482,"column":3}},"253":{"start":{"line":464,"column":4},"end":{"line":464,"column":80}},"254":{"start":{"line":464,"column":20},"end":{"line":464,"column":80}},"255":{"start":{"line":466,"column":28},"end":{"line":466,"column":90}},"256":{"start":{"line":467,"column":19},"end":{"line":469,"column":37}},"257":{"start":{"line":470,"column":22},"end":{"line":470,"column":73}},"258":{"start":{"line":470,"column":70},"end":{"line":470,"column":72}},"259":{"start":{"line":471,"column":21},"end":{"line":471,"column":66}},"260":{"start":{"line":473,"column":4},"end":{"line":479,"column":7}},"261":{"start":{"line":481,"column":4},"end":{"line":481,"column":64}},"262":{"start":{"line":486,"column":0},"end":{"line":546,"column":3}},"263":{"start":{"line":487,"column":2},"end":{"line":545,"column":3}},"264":{"start":{"line":488,"column":4},"end":{"line":497,"column":5}},"265":{"start":{"line":489,"column":6},"end":{"line":496,"column":9}},"266":{"start":{"line":499,"column":21},"end":{"line":526,"column":5}},"267":{"start":{"line":528,"column":18},"end":{"line":528,"column":69}},"268":{"start":{"line":528,"column":66},"end":{"line":528,"column":68}},"269":{"start":{"line":529,"column":4},"end":{"line":536,"column":7}},"270":{"start":{"line":538,"column":4},"end":{"line":544,"column":7}},"271":{"start":{"line":548,"column":0},"end":{"line":627,"column":3}},"272":{"start":{"line":549,"column":2},"end":{"line":626,"column":3}},"273":{"start":{"line":550,"column":4},"end":{"line":550,"column":112}},"274":{"start":{"line":550,"column":20},"end":{"line":550,"column":112}},"275":{"start":{"line":551,"column":27},"end":{"line":551,"column":76}},"276":{"start":{"line":552,"column":20},"end":{"line":552,"column":59}},"277":{"start":{"line":553,"column":26},"end":{"line":553,"column":67}},"278":{"start":{"line":554,"column":31},"end":{"line":554,"column":64}},"279":{"start":{"line":556,"column":4},"end":{"line":558,"column":5}},"280":{"start":{"line":557,"column":6},"end":{"line":557,"column":120}},"281":{"start":{"line":560,"column":21},"end":{"line":560,"column":100}},"282":{"start":{"line":561,"column":4},"end":{"line":584,"column":5}},"283":{"start":{"line":562,"column":25},"end":{"line":562,"column":46}},"284":{"start":{"line":563,"column":6},"end":{"line":567,"column":7}},"285":{"start":{"line":564,"column":8},"end":{"line":564,"column":36}},"286":{"start":{"line":565,"column":8},"end":{"line":565,"column":35}},"287":{"start":{"line":566,"column":8},"end":{"line":566,"column":33}},"288":{"start":{"line":568,"column":6},"end":{"line":568,"column":93}},"289":{"start":{"line":569,"column":31},"end":{"line":574,"column":7}},"290":{"start":{"line":571,"column":85},"end":{"line":571,"column":95}},"291":{"start":{"line":575,"column":6},"end":{"line":575,"column":46}},"292":{"start":{"line":576,"column":6},"end":{"line":576,"column":71}},"293":{"start":{"line":577,"column":6},"end":{"line":577,"column":28}},"294":{"start":{"line":578,"column":6},"end":{"line":582,"column":9}},"295":{"start":{"line":583,"column":6},"end":{"line":583,"column":111}},"296":{"start":{"line":586,"column":22},"end":{"line":593,"column":6}},"297":{"start":{"line":595,"column":4},"end":{"line":595,"column":27}},"298":{"start":{"line":596,"column":4},"end":{"line":596,"column":84}},"299":{"start":{"line":598,"column":4},"end":{"line":623,"column":5}},"300":{"start":{"line":599,"column":6},"end":{"line":622,"column":7}},"301":{"start":{"line":600,"column":31},"end":{"line":600,"column":80}},"302":{"start":{"line":601,"column":24},"end":{"line":601,"column":63}},"303":{"start":{"line":602,"column":30},"end":{"line":602,"column":71}},"304":{"start":{"line":603,"column":35},"end":{"line":603,"column":68}},"305":{"start":{"line":604,"column":25},"end":{"line":604,"column":104}},"306":{"start":{"line":605,"column":8},"end":{"line":619,"column":9}},"307":{"start":{"line":606,"column":10},"end":{"line":606,"column":97}},"308":{"start":{"line":607,"column":35},"end":{"line":612,"column":11}},"309":{"start":{"line":609,"column":89},"end":{"line":609,"column":112}},"310":{"start":{"line":613,"column":10},"end":{"line":616,"column":11}},"311":{"start":{"line":614,"column":12},"end":{"line":614,"column":52}},"312":{"start":{"line":615,"column":12},"end":{"line":615,"column":54}},"313":{"start":{"line":617,"column":10},"end":{"line":617,"column":32}},"314":{"start":{"line":618,"column":10},"end":{"line":618,"column":115}},"315":{"start":{"line":621,"column":8},"end":{"line":621,"column":83}},"316":{"start":{"line":625,"column":4},"end":{"line":625,"column":67}},"317":{"start":{"line":629,"column":0},"end":{"line":703,"column":3}},"318":{"start":{"line":630,"column":2},"end":{"line":702,"column":3}},"319":{"start":{"line":631,"column":4},"end":{"line":631,"column":112}},"320":{"start":{"line":631,"column":20},"end":{"line":631,"column":112}},"321":{"start":{"line":633,"column":40},"end":{"line":633,"column":54}},"322":{"start":{"line":634,"column":26},"end":{"line":634,"column":66}},"323":{"start":{"line":636,"column":4},"end":{"line":654,"column":5}},"324":{"start":{"line":637,"column":21},"end":{"line":641,"column":8}},"325":{"start":{"line":643,"column":6},"end":{"line":653,"column":9}},"326":{"start":{"line":656,"column":21},"end":{"line":667,"column":5}},"327":{"start":{"line":669,"column":4},"end":{"line":671,"column":5}},"328":{"start":{"line":670,"column":6},"end":{"line":670,"column":64}},"329":{"start":{"line":673,"column":28},"end":{"line":673,"column":63}},"330":{"start":{"line":674,"column":23},"end":{"line":674,"column":24}},"331":{"start":{"line":675,"column":21},"end":{"line":675,"column":22}},"332":{"start":{"line":677,"column":4},"end":{"line":687,"column":5}},"333":{"start":{"line":678,"column":21},"end":{"line":682,"column":8}},"334":{"start":{"line":683,"column":6},"end":{"line":686,"column":7}},"335":{"start":{"line":684,"column":8},"end":{"line":684,"column":26}},"336":{"start":{"line":685,"column":8},"end":{"line":685,"column":41}},"337":{"start":{"line":689,"column":4},"end":{"line":699,"column":7}},"338":{"start":{"line":701,"column":4},"end":{"line":701,"column":74}},"339":{"start":{"line":705,"column":0},"end":{"line":784,"column":3}},"340":{"start":{"line":706,"column":2},"end":{"line":783,"column":3}},"341":{"start":{"line":707,"column":4},"end":{"line":709,"column":5}},"342":{"start":{"line":708,"column":6},"end":{"line":708,"column":98}},"343":{"start":{"line":711,"column":18},"end":{"line":711,"column":110}},"344":{"start":{"line":711,"column":105},"end":{"line":711,"column":109}},"345":{"start":{"line":712,"column":4},"end":{"line":714,"column":5}},"346":{"start":{"line":713,"column":6},"end":{"line":713,"column":87}},"347":{"start":{"line":716,"column":20},"end":{"line":716,"column":22}},"348":{"start":{"line":718,"column":4},"end":{"line":725,"column":5}},"349":{"start":{"line":719,"column":29},"end":{"line":719,"column":77}},"350":{"start":{"line":720,"column":6},"end":{"line":722,"column":7}},"351":{"start":{"line":721,"column":8},"end":{"line":721,"column":89}},"352":{"start":{"line":723,"column":6},"end":{"line":723,"column":36}},"353":{"start":{"line":724,"column":6},"end":{"line":724,"column":47}},"354":{"start":{"line":727,"column":4},"end":{"line":733,"column":5}},"355":{"start":{"line":728,"column":23},"end":{"line":728,"column":58}},"356":{"start":{"line":729,"column":6},"end":{"line":731,"column":7}},"357":{"start":{"line":730,"column":8},"end":{"line":730,"column":117}},"358":{"start":{"line":732,"column":6},"end":{"line":732,"column":44}},"359":{"start":{"line":735,"column":4},"end":{"line":741,"column":5}},"360":{"start":{"line":736,"column":30},"end":{"line":736,"column":63}},"361":{"start":{"line":737,"column":6},"end":{"line":739,"column":7}},"362":{"start":{"line":738,"column":8},"end":{"line":738,"column":115}},"363":{"start":{"line":740,"column":6},"end":{"line":740,"column":49}},"364":{"start":{"line":743,"column":4},"end":{"line":745,"column":5}},"365":{"start":{"line":744,"column":6},"end":{"line":744,"column":75}},"366":{"start":{"line":747,"column":30},"end":{"line":750,"column":69}},"367":{"start":{"line":752,"column":4},"end":{"line":759,"column":5}},"368":{"start":{"line":753,"column":29},"end":{"line":753,"column":62}},"369":{"start":{"line":754,"column":6},"end":{"line":756,"column":7}},"370":{"start":{"line":755,"column":8},"end":{"line":755,"column":101}},"371":{"start":{"line":757,"column":6},"end":{"line":757,"column":43}},"372":{"start":{"line":758,"column":6},"end":{"line":758,"column":45}},"373":{"start":{"line":761,"column":4},"end":{"line":763,"column":5}},"374":{"start":{"line":762,"column":6},"end":{"line":762,"column":102}},"375":{"start":{"line":765,"column":4},"end":{"line":765,"column":34}},"376":{"start":{"line":766,"column":20},"end":{"line":766,"column":38}},"377":{"start":{"line":767,"column":4},"end":{"line":771,"column":7}},"378":{"start":{"line":773,"column":4},"end":{"line":777,"column":7}},"379":{"start":{"line":779,"column":4},"end":{"line":781,"column":5}},"380":{"start":{"line":780,"column":6},"end":{"line":780,"column":106}},"381":{"start":{"line":782,"column":4},"end":{"line":782,"column":74}},"382":{"start":{"line":786,"column":0},"end":{"line":807,"column":3}},"383":{"start":{"line":787,"column":2},"end":{"line":806,"column":3}},"384":{"start":{"line":788,"column":4},"end":{"line":788,"column":98}},"385":{"start":{"line":788,"column":20},"end":{"line":788,"column":98}},"386":{"start":{"line":789,"column":4},"end":{"line":797,"column":24}},"387":{"start":{"line":797,"column":18},"end":{"line":797,"column":22}},"388":{"start":{"line":798,"column":4},"end":{"line":802,"column":7}},"389":{"start":{"line":803,"column":4},"end":{"line":803,"column":75}},"390":{"start":{"line":805,"column":4},"end":{"line":805,"column":67}},"391":{"start":{"line":810,"column":0},"end":{"line":825,"column":3}},"392":{"start":{"line":811,"column":2},"end":{"line":824,"column":3}},"393":{"start":{"line":812,"column":4},"end":{"line":812,"column":79}},"394":{"start":{"line":812,"column":19},"end":{"line":812,"column":79}},"395":{"start":{"line":813,"column":17},"end":{"line":813,"column":19}},"396":{"start":{"line":814,"column":4},"end":{"line":819,"column":5}},"397":{"start":{"line":815,"column":6},"end":{"line":818,"column":8}},"398":{"start":{"line":820,"column":22},"end":{"line":820,"column":99}},"399":{"start":{"line":820,"column":96},"end":{"line":820,"column":98}},"400":{"start":{"line":821,"column":4},"end":{"line":821,"column":53}},"401":{"start":{"line":823,"column":4},"end":{"line":823,"column":57}},"402":{"start":{"line":828,"column":0},"end":{"line":849,"column":1}},"403":{"start":{"line":829,"column":2},"end":{"line":838,"column":5}},"404":{"start":{"line":830,"column":4},"end":{"line":836,"column":5}},"405":{"start":{"line":831,"column":6},"end":{"line":835,"column":9}},"406":{"start":{"line":832,"column":8},"end":{"line":834,"column":9}},"407":{"start":{"line":833,"column":10},"end":{"line":833,"column":89}},"408":{"start":{"line":837,"column":4},"end":{"line":837,"column":11}},"409":{"start":{"line":840,"column":2},"end":{"line":848,"column":5}},"410":{"start":{"line":841,"column":4},"end":{"line":846,"column":5}},"411":{"start":{"line":842,"column":6},"end":{"line":845,"column":9}},"412":{"start":{"line":847,"column":4},"end":{"line":847,"column":11}},"413":{"start":{"line":852,"column":0},"end":{"line":854,"column":3}},"414":{"start":{"line":853,"column":2},"end":{"line":853,"column":74}},"415":{"start":{"line":857,"column":21},"end":{"line":857,"column":62}},"416":{"start":{"line":858,"column":0},"end":{"line":858,"column":22}},"417":{"start":{"line":861,"column":0},"end":{"line":874,"column":1}},"418":{"start":{"line":862,"column":17},"end":{"line":866,"column":4}},"419":{"start":{"line":863,"column":23},"end":{"line":863,"column":44}},"420":{"start":{"line":864,"column":4},"end":{"line":864,"column":58}},"421":{"start":{"line":865,"column":4},"end":{"line":865,"column":65}},"422":{"start":{"line":868,"column":2},"end":{"line":873,"column":5}},"423":{"start":{"line":869,"column":4},"end":{"line":872,"column":5}},"424":{"start":{"line":870,"column":6},"end":{"line":870,"column":68}},"425":{"start":{"line":871,"column":6},"end":{"line":871,"column":22}},"426":{"start":{"line":876,"column":0},"end":{"line":876,"column":21}}},"fnMap":{"0":{"name":"(anonymous_0)","decl":{"start":{"line":21,"column":32},"end":{"line":21,"column":33}},"loc":{"start":{"line":21,"column":47},"end":{"line":44,"column":1}},"line":21},"1":{"name":"(anonymous_1)","decl":{"start":{"line":25,"column":26},"end":{"line":25,"column":27}},"loc":{"start":{"line":25,"column":41},"end":{"line":34,"column":3}},"line":25},"2":{"name":"(anonymous_2)","decl":{"start":{"line":27,"column":22},"end":{"line":27,"column":23}},"loc":{"start":{"line":27,"column":33},"end":{"line":33,"column":5}},"line":27},"3":{"name":"(anonymous_3)","decl":{"start":{"line":41,"column":9},"end":{"line":41,"column":10}},"loc":{"start":{"line":41,"column":17},"end":{"line":41,"column":40}},"line":41},"4":{"name":"(anonymous_4)","decl":{"start":{"line":43,"column":12},"end":{"line":43,"column":13}},"loc":{"start":{"line":43,"column":30},"end":{"line":43,"column":53}},"line":43},"5":{"name":"(anonymous_5)","decl":{"start":{"line":46,"column":28},"end":{"line":46,"column":29}},"loc":{"start":{"line":46,"column":72},"end":{"line":67,"column":1}},"line":46},"6":{"name":"(anonymous_6)","decl":{"start":{"line":51,"column":9},"end":{"line":51,"column":10}},"loc":{"start":{"line":51,"column":17},"end":{"line":51,"column":40}},"line":51},"7":{"name":"(anonymous_7)","decl":{"start":{"line":53,"column":12},"end":{"line":53,"column":13}},"loc":{"start":{"line":53,"column":30},"end":{"line":53,"column":53}},"line":53},"8":{"name":"(anonymous_8)","decl":{"start":{"line":55,"column":37},"end":{"line":55,"column":38}},"loc":{"start":{"line":55,"column":46},"end":{"line":58,"column":3}},"line":55},"9":{"name":"(anonymous_9)","decl":{"start":{"line":65,"column":32},"end":{"line":65,"column":33}},"loc":{"start":{"line":65,"column":42},"end":{"line":65,"column":51}},"line":65},"10":{"name":"(anonymous_10)","decl":{"start":{"line":69,"column":37},"end":{"line":69,"column":38}},"loc":{"start":{"line":69,"column":59},"end":{"line":91,"column":1}},"line":69},"11":{"name":"(anonymous_11)","decl":{"start":{"line":73,"column":17},"end":{"line":73,"column":18}},"loc":{"start":{"line":73,"column":27},"end":{"line":76,"column":9}},"line":73},"12":{"name":"(anonymous_12)","decl":{"start":{"line":77,"column":13},"end":{"line":77,"column":14}},"loc":{"start":{"line":77,"column":21},"end":{"line":77,"column":44}},"line":77},"13":{"name":"(anonymous_13)","decl":{"start":{"line":84,"column":107},"end":{"line":84,"column":108}},"loc":{"start":{"line":84,"column":113},"end":{"line":84,"column":115}},"line":84},"14":{"name":"(anonymous_14)","decl":{"start":{"line":85,"column":24},"end":{"line":85,"column":25}},"loc":{"start":{"line":85,"column":33},"end":{"line":87,"column":5}},"line":85},"15":{"name":"(anonymous_15)","decl":{"start":{"line":90,"column":19},"end":{"line":90,"column":20}},"loc":{"start":{"line":90,"column":29},"end":{"line":90,"column":71}},"line":90},"16":{"name":"(anonymous_16)","decl":{"start":{"line":119,"column":28},"end":{"line":119,"column":29}},"loc":{"start":{"line":119,"column":71},"end":{"line":124,"column":1}},"line":119},"17":{"name":"(anonymous_17)","decl":{"start":{"line":126,"column":19},"end":{"line":126,"column":20}},"loc":{"start":{"line":126,"column":44},"end":{"line":133,"column":1}},"line":126},"18":{"name":"(anonymous_18)","decl":{"start":{"line":130,"column":34},"end":{"line":130,"column":35}},"loc":{"start":{"line":130,"column":44},"end":{"line":130,"column":49}},"line":130},"19":{"name":"(anonymous_19)","decl":{"start":{"line":135,"column":29},"end":{"line":135,"column":30}},"loc":{"start":{"line":135,"column":49},"end":{"line":157,"column":1}},"line":135},"20":{"name":"(anonymous_20)","decl":{"start":{"line":179,"column":8},"end":{"line":179,"column":9}},"loc":{"start":{"line":179,"column":28},"end":{"line":224,"column":1}},"line":179},"21":{"name":"(anonymous_21)","decl":{"start":{"line":185,"column":19},"end":{"line":185,"column":20}},"loc":{"start":{"line":185,"column":25},"end":{"line":221,"column":3}},"line":185},"22":{"name":"(anonymous_22)","decl":{"start":{"line":227,"column":21},"end":{"line":227,"column":22}},"loc":{"start":{"line":227,"column":35},"end":{"line":229,"column":1}},"line":227},"23":{"name":"(anonymous_23)","decl":{"start":{"line":231,"column":23},"end":{"line":231,"column":24}},"loc":{"start":{"line":231,"column":37},"end":{"line":248,"column":1}},"line":231},"24":{"name":"(anonymous_24)","decl":{"start":{"line":250,"column":46},"end":{"line":250,"column":47}},"loc":{"start":{"line":250,"column":60},"end":{"line":293,"column":1}},"line":250},"25":{"name":"(anonymous_25)","decl":{"start":{"line":252,"column":9},"end":{"line":252,"column":10}},"loc":{"start":{"line":252,"column":30},"end":{"line":261,"column":5}},"line":252},"26":{"name":"(anonymous_26)","decl":{"start":{"line":259,"column":43},"end":{"line":259,"column":44}},"loc":{"start":{"line":259,"column":59},"end":{"line":259,"column":70}},"line":259},"27":{"name":"(anonymous_27)","decl":{"start":{"line":262,"column":10},"end":{"line":262,"column":11}},"loc":{"start":{"line":262,"column":20},"end":{"line":262,"column":37}},"line":262},"28":{"name":"(anonymous_28)","decl":{"start":{"line":295,"column":57},"end":{"line":295,"column":58}},"loc":{"start":{"line":295,"column":71},"end":{"line":336,"column":1}},"line":295},"29":{"name":"(anonymous_29)","decl":{"start":{"line":318,"column":21},"end":{"line":318,"column":22}},"loc":{"start":{"line":318,"column":41},"end":{"line":320,"column":3}},"line":318},"30":{"name":"(anonymous_30)","decl":{"start":{"line":324,"column":21},"end":{"line":324,"column":22}},"loc":{"start":{"line":324,"column":41},"end":{"line":326,"column":3}},"line":324},"31":{"name":"(anonymous_31)","decl":{"start":{"line":330,"column":21},"end":{"line":330,"column":22}},"loc":{"start":{"line":330,"column":41},"end":{"line":332,"column":3}},"line":330},"32":{"name":"(anonymous_32)","decl":{"start":{"line":346,"column":23},"end":{"line":346,"column":24}},"loc":{"start":{"line":346,"column":37},"end":{"line":348,"column":1}},"line":346},"33":{"name":"(anonymous_33)","decl":{"start":{"line":351,"column":28},"end":{"line":351,"column":29}},"loc":{"start":{"line":351,"column":48},"end":{"line":363,"column":1}},"line":351},"34":{"name":"(anonymous_34)","decl":{"start":{"line":358,"column":50},"end":{"line":358,"column":51}},"loc":{"start":{"line":358,"column":56},"end":{"line":358,"column":58}},"line":358},"35":{"name":"(anonymous_35)","decl":{"start":{"line":365,"column":73},"end":{"line":365,"column":74}},"loc":{"start":{"line":365,"column":93},"end":{"line":376,"column":1}},"line":365},"36":{"name":"(anonymous_36)","decl":{"start":{"line":378,"column":74},"end":{"line":378,"column":75}},"loc":{"start":{"line":378,"column":94},"end":{"line":399,"column":1}},"line":378},"37":{"name":"(anonymous_37)","decl":{"start":{"line":389,"column":12},"end":{"line":389,"column":13}},"loc":{"start":{"line":389,"column":18},"end":{"line":389,"column":22}},"line":389},"38":{"name":"(anonymous_38)","decl":{"start":{"line":402,"column":25},"end":{"line":402,"column":26}},"loc":{"start":{"line":402,"column":45},"end":{"line":413,"column":1}},"line":402},"39":{"name":"(anonymous_39)","decl":{"start":{"line":408,"column":54},"end":{"line":408,"column":55}},"loc":{"start":{"line":408,"column":60},"end":{"line":408,"column":62}},"line":408},"40":{"name":"(anonymous_40)","decl":{"start":{"line":415,"column":41},"end":{"line":415,"column":42}},"loc":{"start":{"line":415,"column":61},"end":{"line":425,"column":1}},"line":415},"41":{"name":"(anonymous_41)","decl":{"start":{"line":419,"column":69},"end":{"line":419,"column":70}},"loc":{"start":{"line":419,"column":75},"end":{"line":419,"column":77}},"line":419},"42":{"name":"(anonymous_42)","decl":{"start":{"line":420,"column":42},"end":{"line":420,"column":43}},"loc":{"start":{"line":420,"column":47},"end":{"line":420,"column":89}},"line":420},"43":{"name":"(anonymous_43)","decl":{"start":{"line":427,"column":70},"end":{"line":427,"column":71}},"loc":{"start":{"line":427,"column":90},"end":{"line":438,"column":1}},"line":427},"44":{"name":"(anonymous_44)","decl":{"start":{"line":441,"column":23},"end":{"line":441,"column":24}},"loc":{"start":{"line":441,"column":43},"end":{"line":454,"column":1}},"line":441},"45":{"name":"(anonymous_45)","decl":{"start":{"line":448,"column":65},"end":{"line":448,"column":66}},"loc":{"start":{"line":448,"column":71},"end":{"line":448,"column":73}},"line":448},"46":{"name":"(anonymous_46)","decl":{"start":{"line":457,"column":84},"end":{"line":457,"column":85}},"loc":{"start":{"line":457,"column":104},"end":{"line":460,"column":1}},"line":457},"47":{"name":"(anonymous_47)","decl":{"start":{"line":462,"column":26},"end":{"line":462,"column":27}},"loc":{"start":{"line":462,"column":46},"end":{"line":483,"column":1}},"line":462},"48":{"name":"(anonymous_48)","decl":{"start":{"line":470,"column":64},"end":{"line":470,"column":65}},"loc":{"start":{"line":470,"column":70},"end":{"line":470,"column":72}},"line":470},"49":{"name":"(anonymous_49)","decl":{"start":{"line":486,"column":30},"end":{"line":486,"column":31}},"loc":{"start":{"line":486,"column":50},"end":{"line":546,"column":1}},"line":486},"50":{"name":"(anonymous_50)","decl":{"start":{"line":528,"column":60},"end":{"line":528,"column":61}},"loc":{"start":{"line":528,"column":66},"end":{"line":528,"column":68}},"line":528},"51":{"name":"(anonymous_51)","decl":{"start":{"line":548,"column":68},"end":{"line":548,"column":69}},"loc":{"start":{"line":548,"column":88},"end":{"line":627,"column":1}},"line":548},"52":{"name":"(anonymous_52)","decl":{"start":{"line":571,"column":77},"end":{"line":571,"column":78}},"loc":{"start":{"line":571,"column":85},"end":{"line":571,"column":95}},"line":571},"53":{"name":"(anonymous_53)","decl":{"start":{"line":609,"column":81},"end":{"line":609,"column":82}},"loc":{"start":{"line":609,"column":89},"end":{"line":609,"column":112}},"line":609},"54":{"name":"(anonymous_54)","decl":{"start":{"line":629,"column":85},"end":{"line":629,"column":86}},"loc":{"start":{"line":629,"column":105},"end":{"line":703,"column":1}},"line":629},"55":{"name":"(anonymous_55)","decl":{"start":{"line":705,"column":71},"end":{"line":705,"column":72}},"loc":{"start":{"line":705,"column":91},"end":{"line":784,"column":1}},"line":705},"56":{"name":"(anonymous_56)","decl":{"start":{"line":711,"column":99},"end":{"line":711,"column":100}},"loc":{"start":{"line":711,"column":105},"end":{"line":711,"column":109}},"line":711},"57":{"name":"(anonymous_57)","decl":{"start":{"line":786,"column":74},"end":{"line":786,"column":75}},"loc":{"start":{"line":786,"column":94},"end":{"line":807,"column":1}},"line":786},"58":{"name":"(anonymous_58)","decl":{"start":{"line":797,"column":12},"end":{"line":797,"column":13}},"loc":{"start":{"line":797,"column":18},"end":{"line":797,"column":22}},"line":797},"59":{"name":"(anonymous_59)","decl":{"start":{"line":810,"column":33},"end":{"line":810,"column":34}},"loc":{"start":{"line":810,"column":53},"end":{"line":825,"column":1}},"line":810},"60":{"name":"(anonymous_60)","decl":{"start":{"line":820,"column":90},"end":{"line":820,"column":91}},"loc":{"start":{"line":820,"column":96},"end":{"line":820,"column":98}},"line":820},"61":{"name":"(anonymous_61)","decl":{"start":{"line":829,"column":10},"end":{"line":829,"column":11}},"loc":{"start":{"line":829,"column":30},"end":{"line":838,"column":3}},"line":829},"62":{"name":"(anonymous_62)","decl":{"start":{"line":831,"column":70},"end":{"line":831,"column":71}},"loc":{"start":{"line":831,"column":79},"end":{"line":835,"column":7}},"line":831},"63":{"name":"(anonymous_63)","decl":{"start":{"line":840,"column":10},"end":{"line":840,"column":11}},"loc":{"start":{"line":840,"column":30},"end":{"line":848,"column":3}},"line":840},"64":{"name":"(anonymous_64)","decl":{"start":{"line":852,"column":8},"end":{"line":852,"column":9}},"loc":{"start":{"line":852,"column":22},"end":{"line":854,"column":1}},"line":852},"65":{"name":"(anonymous_65)","decl":{"start":{"line":862,"column":45},"end":{"line":862,"column":46}},"loc":{"start":{"line":862,"column":51},"end":{"line":866,"column":3}},"line":862},"66":{"name":"(anonymous_66)","decl":{"start":{"line":868,"column":21},"end":{"line":868,"column":22}},"loc":{"start":{"line":868,"column":30},"end":{"line":873,"column":3}},"line":868}},"branchMap":{"0":{"loc":{"start":{"line":21,"column":33},"end":{"line":21,"column":42}},"type":"default-arg","locations":[{"start":{"line":21,"column":40},"end":{"line":21,"column":42}}],"line":21},"1":{"loc":{"start":{"line":26,"column":4},"end":{"line":26,"column":42}},"type":"if","locations":[{"start":{"line":26,"column":4},"end":{"line":26,"column":42}},{"start":{},"end":{}}],"line":26},"2":{"loc":{"start":{"line":28,"column":6},"end":{"line":32,"column":7}},"type":"if","locations":[{"start":{"line":28,"column":6},"end":{"line":32,"column":7}},{"start":{"line":30,"column":13},"end":{"line":32,"column":7}}],"line":28},"3":{"loc":{"start":{"line":28,"column":10},"end":{"line":28,"column":44}},"type":"binary-expr","locations":[{"start":{"line":28,"column":10},"end":{"line":28,"column":15}},{"start":{"line":28,"column":19},"end":{"line":28,"column":44}}],"line":28},"4":{"loc":{"start":{"line":29,"column":17},"end":{"line":29,"column":83}},"type":"binary-expr","locations":[{"start":{"line":29,"column":17},"end":{"line":29,"column":25}},{"start":{"line":29,"column":29},"end":{"line":29,"column":38}},{"start":{"line":29,"column":42},"end":{"line":29,"column":57}},{"start":{"line":29,"column":61},"end":{"line":29,"column":77}},{"start":{"line":29,"column":81},"end":{"line":29,"column":83}}],"line":29},"5":{"loc":{"start":{"line":36,"column":2},"end":{"line":38,"column":3}},"type":"if","locations":[{"start":{"line":36,"column":2},"end":{"line":38,"column":3}},{"start":{},"end":{}}],"line":36},"6":{"loc":{"start":{"line":41,"column":24},"end":{"line":41,"column":32}},"type":"binary-expr","locations":[{"start":{"line":41,"column":24},"end":{"line":41,"column":26}},{"start":{"line":41,"column":30},"end":{"line":41,"column":32}}],"line":41},"7":{"loc":{"start":{"line":46,"column":29},"end":{"line":46,"column":38}},"type":"default-arg","locations":[{"start":{"line":46,"column":36},"end":{"line":46,"column":38}}],"line":46},"8":{"loc":{"start":{"line":46,"column":40},"end":{"line":46,"column":67}},"type":"default-arg","locations":[{"start":{"line":46,"column":58},"end":{"line":46,"column":67}}],"line":46},"9":{"loc":{"start":{"line":48,"column":8},"end":{"line":48,"column":63}},"type":"cond-expr","locations":[{"start":{"line":48,"column":42},"end":{"line":48,"column":58}},{"start":{"line":48,"column":61},"end":{"line":48,"column":63}}],"line":48},"10":{"loc":{"start":{"line":51,"column":24},"end":{"line":51,"column":32}},"type":"binary-expr","locations":[{"start":{"line":51,"column":24},"end":{"line":51,"column":26}},{"start":{"line":51,"column":30},"end":{"line":51,"column":32}}],"line":51},"11":{"loc":{"start":{"line":57,"column":10},"end":{"line":57,"column":39}},"type":"binary-expr","locations":[{"start":{"line":57,"column":10},"end":{"line":57,"column":33}},{"start":{"line":57,"column":37},"end":{"line":57,"column":39}}],"line":57},"12":{"loc":{"start":{"line":62,"column":16},"end":{"line":62,"column":38}},"type":"binary-expr","locations":[{"start":{"line":62,"column":16},"end":{"line":62,"column":32}},{"start":{"line":62,"column":36},"end":{"line":62,"column":38}}],"line":62},"13":{"loc":{"start":{"line":69,"column":44},"end":{"line":69,"column":54}},"type":"default-arg","locations":[{"start":{"line":69,"column":52},"end":{"line":69,"column":54}}],"line":69},"14":{"loc":{"start":{"line":74,"column":14},"end":{"line":74,"column":70}},"type":"cond-expr","locations":[{"start":{"line":74,"column":49},"end":{"line":74,"column":65}},{"start":{"line":74,"column":68},"end":{"line":74,"column":70}}],"line":74},"15":{"loc":{"start":{"line":77,"column":28},"end":{"line":77,"column":36}},"type":"binary-expr","locations":[{"start":{"line":77,"column":28},"end":{"line":77,"column":30}},{"start":{"line":77,"column":34},"end":{"line":77,"column":36}}],"line":77},"16":{"loc":{"start":{"line":83,"column":2},"end":{"line":88,"column":3}},"type":"if","locations":[{"start":{"line":83,"column":2},"end":{"line":88,"column":3}},{"start":{},"end":{}}],"line":83},"17":{"loc":{"start":{"line":83,"column":6},"end":{"line":83,"column":31}},"type":"binary-expr","locations":[{"start":{"line":83,"column":6},"end":{"line":83,"column":20}},{"start":{"line":83,"column":24},"end":{"line":83,"column":31}}],"line":83},"18":{"loc":{"start":{"line":86,"column":43},"end":{"line":86,"column":57}},"type":"binary-expr","locations":[{"start":{"line":86,"column":43},"end":{"line":86,"column":51}},{"start":{"line":86,"column":55},"end":{"line":86,"column":57}}],"line":86},"19":{"loc":{"start":{"line":101,"column":13},"end":{"line":101,"column":37}},"type":"binary-expr","locations":[{"start":{"line":101,"column":13},"end":{"line":101,"column":29}},{"start":{"line":101,"column":33},"end":{"line":101,"column":37}}],"line":101},"20":{"loc":{"start":{"line":105,"column":32},"end":{"line":105,"column":67}},"type":"binary-expr","locations":[{"start":{"line":105,"column":32},"end":{"line":105,"column":60}},{"start":{"line":105,"column":64},"end":{"line":105,"column":67}}],"line":105},"21":{"loc":{"start":{"line":107,"column":62},"end":{"line":107,"column":100}},"type":"binary-expr","locations":[{"start":{"line":107,"column":62},"end":{"line":107,"column":94}},{"start":{"line":107,"column":98},"end":{"line":107,"column":100}}],"line":107},"22":{"loc":{"start":{"line":108,"column":34},"end":{"line":108,"column":70}},"type":"binary-expr","locations":[{"start":{"line":108,"column":34},"end":{"line":108,"column":64}},{"start":{"line":108,"column":68},"end":{"line":108,"column":70}}],"line":108},"23":{"loc":{"start":{"line":119,"column":41},"end":{"line":119,"column":66}},"type":"default-arg","locations":[{"start":{"line":119,"column":47},"end":{"line":119,"column":66}}],"line":119},"24":{"loc":{"start":{"line":121,"column":2},"end":{"line":123,"column":3}},"type":"if","locations":[{"start":{"line":121,"column":2},"end":{"line":123,"column":3}},{"start":{},"end":{}}],"line":121},"25":{"loc":{"start":{"line":126,"column":20},"end":{"line":126,"column":31}},"type":"default-arg","locations":[{"start":{"line":126,"column":29},"end":{"line":126,"column":31}}],"line":126},"26":{"loc":{"start":{"line":126,"column":33},"end":{"line":126,"column":39}},"type":"default-arg","locations":[{"start":{"line":126,"column":37},"end":{"line":126,"column":39}}],"line":126},"27":{"loc":{"start":{"line":127,"column":2},"end":{"line":129,"column":3}},"type":"if","locations":[{"start":{"line":127,"column":2},"end":{"line":129,"column":3}},{"start":{},"end":{}}],"line":127},"28":{"loc":{"start":{"line":127,"column":6},"end":{"line":127,"column":51}},"type":"binary-expr","locations":[{"start":{"line":127,"column":6},"end":{"line":127,"column":28}},{"start":{"line":127,"column":32},"end":{"line":127,"column":51}}],"line":127},"29":{"loc":{"start":{"line":136,"column":2},"end":{"line":138,"column":3}},"type":"if","locations":[{"start":{"line":136,"column":2},"end":{"line":138,"column":3}},{"start":{},"end":{}}],"line":136},"30":{"loc":{"start":{"line":140,"column":24},"end":{"line":140,"column":55}},"type":"binary-expr","locations":[{"start":{"line":140,"column":24},"end":{"line":140,"column":49}},{"start":{"line":140,"column":53},"end":{"line":140,"column":55}}],"line":140},"31":{"loc":{"start":{"line":141,"column":2},"end":{"line":146,"column":3}},"type":"if","locations":[{"start":{"line":141,"column":2},"end":{"line":146,"column":3}},{"start":{},"end":{}}],"line":141},"32":{"loc":{"start":{"line":149,"column":2},"end":{"line":154,"column":3}},"type":"if","locations":[{"start":{"line":149,"column":2},"end":{"line":154,"column":3}},{"start":{},"end":{}}],"line":149},"33":{"loc":{"start":{"line":149,"column":6},"end":{"line":149,"column":57}},"type":"binary-expr","locations":[{"start":{"line":149,"column":6},"end":{"line":149,"column":25}},{"start":{"line":149,"column":29},"end":{"line":149,"column":57}}],"line":149},"34":{"loc":{"start":{"line":164,"column":10},"end":{"line":164,"column":80}},"type":"cond-expr","locations":[{"start":{"line":164,"column":50},"end":{"line":164,"column":74}},{"start":{"line":164,"column":77},"end":{"line":164,"column":80}}],"line":164},"35":{"loc":{"start":{"line":174,"column":0},"end":{"line":176,"column":1}},"type":"if","locations":[{"start":{"line":174,"column":0},"end":{"line":176,"column":1}},{"start":{},"end":{}}],"line":174},"36":{"loc":{"start":{"line":180,"column":35},"end":{"line":180,"column":68}},"type":"binary-expr","locations":[{"start":{"line":180,"column":35},"end":{"line":180,"column":62}},{"start":{"line":180,"column":66},"end":{"line":180,"column":68}}],"line":180},"37":{"loc":{"start":{"line":181,"column":18},"end":{"line":181,"column":51}},"type":"binary-expr","locations":[{"start":{"line":181,"column":18},"end":{"line":181,"column":35}},{"start":{"line":181,"column":39},"end":{"line":181,"column":51}}],"line":181},"38":{"loc":{"start":{"line":187,"column":22},"end":{"line":187,"column":62}},"type":"binary-expr","locations":[{"start":{"line":187,"column":22},"end":{"line":187,"column":37}},{"start":{"line":187,"column":41},"end":{"line":187,"column":49}},{"start":{"line":187,"column":53},"end":{"line":187,"column":62}}],"line":187},"39":{"loc":{"start":{"line":189,"column":30},"end":{"line":189,"column":49}},"type":"binary-expr","locations":[{"start":{"line":189,"column":30},"end":{"line":189,"column":44}},{"start":{"line":189,"column":48},"end":{"line":189,"column":49}}],"line":189},"40":{"loc":{"start":{"line":194,"column":4},"end":{"line":194,"column":48}},"type":"if","locations":[{"start":{"line":194,"column":4},"end":{"line":194,"column":48}},{"start":{},"end":{}}],"line":194},"41":{"loc":{"start":{"line":195,"column":4},"end":{"line":195,"column":53}},"type":"if","locations":[{"start":{"line":195,"column":4},"end":{"line":195,"column":53}},{"start":{},"end":{}}],"line":195},"42":{"loc":{"start":{"line":198,"column":23},"end":{"line":203,"column":5}},"type":"binary-expr","locations":[{"start":{"line":198,"column":23},"end":{"line":198,"column":59}},{"start":{"line":198,"column":63},"end":{"line":203,"column":5}}],"line":198},"43":{"loc":{"start":{"line":205,"column":4},"end":{"line":205,"column":40}},"type":"if","locations":[{"start":{"line":205,"column":4},"end":{"line":205,"column":40}},{"start":{},"end":{}}],"line":205},"44":{"loc":{"start":{"line":206,"column":4},"end":{"line":206,"column":37}},"type":"if","locations":[{"start":{"line":206,"column":4},"end":{"line":206,"column":37}},{"start":{},"end":{}}],"line":206},"45":{"loc":{"start":{"line":214,"column":12},"end":{"line":214,"column":39}},"type":"binary-expr","locations":[{"start":{"line":214,"column":12},"end":{"line":214,"column":27}},{"start":{"line":214,"column":31},"end":{"line":214,"column":39}}],"line":214},"46":{"loc":{"start":{"line":255,"column":17},"end":{"line":255,"column":94}},"type":"cond-expr","locations":[{"start":{"line":255,"column":35},"end":{"line":255,"column":90}},{"start":{"line":255,"column":93},"end":{"line":255,"column":94}}],"line":255},"47":{"loc":{"start":{"line":256,"column":16},"end":{"line":256,"column":91}},"type":"cond-expr","locations":[{"start":{"line":256,"column":34},"end":{"line":256,"column":87}},{"start":{"line":256,"column":90},"end":{"line":256,"column":91}}],"line":256},"48":{"loc":{"start":{"line":258,"column":13},"end":{"line":260,"column":11}},"type":"cond-expr","locations":[{"start":{"line":259,"column":10},"end":{"line":259,"column":114}},{"start":{"line":260,"column":10},"end":{"line":260,"column":11}}],"line":258},"49":{"loc":{"start":{"line":266,"column":20},"end":{"line":268,"column":7}},"type":"cond-expr","locations":[{"start":{"line":267,"column":6},"end":{"line":267,"column":76}},{"start":{"line":268,"column":6},"end":{"line":268,"column":7}}],"line":266},"50":{"loc":{"start":{"line":269,"column":19},"end":{"line":271,"column":7}},"type":"cond-expr","locations":[{"start":{"line":270,"column":6},"end":{"line":270,"column":82}},{"start":{"line":271,"column":6},"end":{"line":271,"column":7}}],"line":269},"51":{"loc":{"start":{"line":354,"column":4},"end":{"line":354,"column":96}},"type":"if","locations":[{"start":{"line":354,"column":4},"end":{"line":354,"column":96}},{"start":{},"end":{}}],"line":354},"52":{"loc":{"start":{"line":356,"column":4},"end":{"line":356,"column":80}},"type":"if","locations":[{"start":{"line":356,"column":4},"end":{"line":356,"column":80}},{"start":{},"end":{}}],"line":356},"53":{"loc":{"start":{"line":357,"column":4},"end":{"line":357,"column":92}},"type":"if","locations":[{"start":{"line":357,"column":4},"end":{"line":357,"column":92}},{"start":{},"end":{}}],"line":357},"54":{"loc":{"start":{"line":367,"column":4},"end":{"line":367,"column":104}},"type":"if","locations":[{"start":{"line":367,"column":4},"end":{"line":367,"column":104}},{"start":{},"end":{}}],"line":367},"55":{"loc":{"start":{"line":369,"column":4},"end":{"line":369,"column":106}},"type":"if","locations":[{"start":{"line":369,"column":4},"end":{"line":369,"column":106}},{"start":{},"end":{}}],"line":369},"56":{"loc":{"start":{"line":380,"column":4},"end":{"line":380,"column":89}},"type":"if","locations":[{"start":{"line":380,"column":4},"end":{"line":380,"column":89}},{"start":{},"end":{}}],"line":380},"57":{"loc":{"start":{"line":386,"column":27},"end":{"line":386,"column":69}},"type":"binary-expr","locations":[{"start":{"line":386,"column":27},"end":{"line":386,"column":39}},{"start":{"line":386,"column":43},"end":{"line":386,"column":56}},{"start":{"line":386,"column":60},"end":{"line":386,"column":69}}],"line":386},"58":{"loc":{"start":{"line":393,"column":17},"end":{"line":393,"column":59}},"type":"binary-expr","locations":[{"start":{"line":393,"column":17},"end":{"line":393,"column":29}},{"start":{"line":393,"column":33},"end":{"line":393,"column":46}},{"start":{"line":393,"column":50},"end":{"line":393,"column":59}}],"line":393},"59":{"loc":{"start":{"line":405,"column":4},"end":{"line":405,"column":77}},"type":"if","locations":[{"start":{"line":405,"column":4},"end":{"line":405,"column":77}},{"start":{},"end":{}}],"line":405},"60":{"loc":{"start":{"line":407,"column":4},"end":{"line":407,"column":63}},"type":"if","locations":[{"start":{"line":407,"column":4},"end":{"line":407,"column":63}},{"start":{},"end":{}}],"line":407},"61":{"loc":{"start":{"line":418,"column":4},"end":{"line":418,"column":119}},"type":"if","locations":[{"start":{"line":418,"column":4},"end":{"line":418,"column":119}},{"start":{},"end":{}}],"line":418},"62":{"loc":{"start":{"line":429,"column":4},"end":{"line":429,"column":108}},"type":"if","locations":[{"start":{"line":429,"column":4},"end":{"line":429,"column":108}},{"start":{},"end":{}}],"line":429},"63":{"loc":{"start":{"line":431,"column":4},"end":{"line":431,"column":115}},"type":"if","locations":[{"start":{"line":431,"column":4},"end":{"line":431,"column":115}},{"start":{},"end":{}}],"line":431},"64":{"loc":{"start":{"line":431,"column":8},"end":{"line":431,"column":26}},"type":"binary-expr","locations":[{"start":{"line":431,"column":8},"end":{"line":431,"column":13}},{"start":{"line":431,"column":17},"end":{"line":431,"column":26}}],"line":431},"65":{"loc":{"start":{"line":443,"column":4},"end":{"line":443,"column":81}},"type":"if","locations":[{"start":{"line":443,"column":4},"end":{"line":443,"column":81}},{"start":{},"end":{}}],"line":443},"66":{"loc":{"start":{"line":444,"column":35},"end":{"line":444,"column":82}},"type":"binary-expr","locations":[{"start":{"line":444,"column":35},"end":{"line":444,"column":53}},{"start":{"line":444,"column":57},"end":{"line":444,"column":76}},{"start":{"line":444,"column":80},"end":{"line":444,"column":82}}],"line":444},"67":{"loc":{"start":{"line":445,"column":19},"end":{"line":447,"column":37}},"type":"cond-expr","locations":[{"start":{"line":446,"column":8},"end":{"line":446,"column":64}},{"start":{"line":447,"column":8},"end":{"line":447,"column":37}}],"line":445},"68":{"loc":{"start":{"line":464,"column":4},"end":{"line":464,"column":80}},"type":"if","locations":[{"start":{"line":464,"column":4},"end":{"line":464,"column":80}},{"start":{},"end":{}}],"line":464},"69":{"loc":{"start":{"line":466,"column":35},"end":{"line":466,"column":82}},"type":"binary-expr","locations":[{"start":{"line":466,"column":35},"end":{"line":466,"column":53}},{"start":{"line":466,"column":57},"end":{"line":466,"column":76}},{"start":{"line":466,"column":80},"end":{"line":466,"column":82}}],"line":466},"70":{"loc":{"start":{"line":467,"column":19},"end":{"line":469,"column":37}},"type":"cond-expr","locations":[{"start":{"line":468,"column":8},"end":{"line":468,"column":64}},{"start":{"line":469,"column":8},"end":{"line":469,"column":37}}],"line":467},"71":{"loc":{"start":{"line":476,"column":15},"end":{"line":478,"column":44}},"type":"cond-expr","locations":[{"start":{"line":477,"column":10},"end":{"line":477,"column":58}},{"start":{"line":478,"column":10},"end":{"line":478,"column":44}}],"line":476},"72":{"loc":{"start":{"line":488,"column":4},"end":{"line":497,"column":5}},"type":"if","locations":[{"start":{"line":488,"column":4},"end":{"line":497,"column":5}},{"start":{},"end":{}}],"line":488},"73":{"loc":{"start":{"line":550,"column":4},"end":{"line":550,"column":112}},"type":"if","locations":[{"start":{"line":550,"column":4},"end":{"line":550,"column":112}},{"start":{},"end":{}}],"line":550},"74":{"loc":{"start":{"line":551,"column":34},"end":{"line":551,"column":54}},"type":"binary-expr","locations":[{"start":{"line":551,"column":34},"end":{"line":551,"column":48}},{"start":{"line":551,"column":52},"end":{"line":551,"column":54}}],"line":551},"75":{"loc":{"start":{"line":552,"column":27},"end":{"line":552,"column":51}},"type":"binary-expr","locations":[{"start":{"line":552,"column":27},"end":{"line":552,"column":45}},{"start":{"line":552,"column":49},"end":{"line":552,"column":51}}],"line":552},"76":{"loc":{"start":{"line":553,"column":33},"end":{"line":553,"column":66}},"type":"binary-expr","locations":[{"start":{"line":553,"column":33},"end":{"line":553,"column":61}},{"start":{"line":553,"column":65},"end":{"line":553,"column":66}}],"line":553},"77":{"loc":{"start":{"line":556,"column":4},"end":{"line":558,"column":5}},"type":"if","locations":[{"start":{"line":556,"column":4},"end":{"line":558,"column":5}},{"start":{},"end":{}}],"line":556},"78":{"loc":{"start":{"line":556,"column":8},"end":{"line":556,"column":70}},"type":"binary-expr","locations":[{"start":{"line":556,"column":8},"end":{"line":556,"column":23}},{"start":{"line":556,"column":27},"end":{"line":556,"column":35}},{"start":{"line":556,"column":39},"end":{"line":556,"column":70}}],"line":556},"79":{"loc":{"start":{"line":561,"column":4},"end":{"line":584,"column":5}},"type":"if","locations":[{"start":{"line":561,"column":4},"end":{"line":584,"column":5}},{"start":{},"end":{}}],"line":561},"80":{"loc":{"start":{"line":563,"column":6},"end":{"line":567,"column":7}},"type":"if","locations":[{"start":{"line":563,"column":6},"end":{"line":567,"column":7}},{"start":{},"end":{}}],"line":563},"81":{"loc":{"start":{"line":568,"column":43},"end":{"line":568,"column":75}},"type":"binary-expr","locations":[{"start":{"line":568,"column":43},"end":{"line":568,"column":70}},{"start":{"line":568,"column":74},"end":{"line":568,"column":75}}],"line":568},"82":{"loc":{"start":{"line":571,"column":14},"end":{"line":571,"column":101}},"type":"cond-expr","locations":[{"start":{"line":571,"column":52},"end":{"line":571,"column":96}},{"start":{"line":571,"column":99},"end":{"line":571,"column":101}}],"line":571},"83":{"loc":{"start":{"line":576,"column":28},"end":{"line":576,"column":70}},"type":"binary-expr","locations":[{"start":{"line":576,"column":28},"end":{"line":576,"column":47}},{"start":{"line":576,"column":51},"end":{"line":576,"column":70}}],"line":576},"84":{"loc":{"start":{"line":598,"column":4},"end":{"line":623,"column":5}},"type":"if","locations":[{"start":{"line":598,"column":4},"end":{"line":623,"column":5}},{"start":{},"end":{}}],"line":598},"85":{"loc":{"start":{"line":600,"column":38},"end":{"line":600,"column":58}},"type":"binary-expr","locations":[{"start":{"line":600,"column":38},"end":{"line":600,"column":52}},{"start":{"line":600,"column":56},"end":{"line":600,"column":58}}],"line":600},"86":{"loc":{"start":{"line":601,"column":31},"end":{"line":601,"column":55}},"type":"binary-expr","locations":[{"start":{"line":601,"column":31},"end":{"line":601,"column":49}},{"start":{"line":601,"column":53},"end":{"line":601,"column":55}}],"line":601},"87":{"loc":{"start":{"line":602,"column":37},"end":{"line":602,"column":70}},"type":"binary-expr","locations":[{"start":{"line":602,"column":37},"end":{"line":602,"column":65}},{"start":{"line":602,"column":69},"end":{"line":602,"column":70}}],"line":602},"88":{"loc":{"start":{"line":605,"column":8},"end":{"line":619,"column":9}},"type":"if","locations":[{"start":{"line":605,"column":8},"end":{"line":619,"column":9}},{"start":{},"end":{}}],"line":605},"89":{"loc":{"start":{"line":606,"column":47},"end":{"line":606,"column":79}},"type":"binary-expr","locations":[{"start":{"line":606,"column":47},"end":{"line":606,"column":74}},{"start":{"line":606,"column":78},"end":{"line":606,"column":79}}],"line":606},"90":{"loc":{"start":{"line":609,"column":18},"end":{"line":609,"column":118}},"type":"cond-expr","locations":[{"start":{"line":609,"column":56},"end":{"line":609,"column":113}},{"start":{"line":609,"column":116},"end":{"line":609,"column":118}}],"line":609},"91":{"loc":{"start":{"line":609,"column":96},"end":{"line":609,"column":104}},"type":"binary-expr","locations":[{"start":{"line":609,"column":96},"end":{"line":609,"column":98}},{"start":{"line":609,"column":102},"end":{"line":609,"column":104}}],"line":609},"92":{"loc":{"start":{"line":613,"column":10},"end":{"line":616,"column":11}},"type":"if","locations":[{"start":{"line":613,"column":10},"end":{"line":616,"column":11}},{"start":{},"end":{}}],"line":613},"93":{"loc":{"start":{"line":631,"column":4},"end":{"line":631,"column":112}},"type":"if","locations":[{"start":{"line":631,"column":4},"end":{"line":631,"column":112}},{"start":{},"end":{}}],"line":631},"94":{"loc":{"start":{"line":633,"column":40},"end":{"line":633,"column":54}},"type":"binary-expr","locations":[{"start":{"line":633,"column":40},"end":{"line":633,"column":48}},{"start":{"line":633,"column":52},"end":{"line":633,"column":54}}],"line":633},"95":{"loc":{"start":{"line":634,"column":33},"end":{"line":634,"column":58}},"type":"binary-expr","locations":[{"start":{"line":634,"column":33},"end":{"line":634,"column":41}},{"start":{"line":634,"column":45},"end":{"line":634,"column":52}},{"start":{"line":634,"column":56},"end":{"line":634,"column":58}}],"line":634},"96":{"loc":{"start":{"line":636,"column":4},"end":{"line":654,"column":5}},"type":"if","locations":[{"start":{"line":636,"column":4},"end":{"line":654,"column":5}},{"start":{},"end":{}}],"line":636},"97":{"loc":{"start":{"line":636,"column":8},"end":{"line":636,"column":35}},"type":"binary-expr","locations":[{"start":{"line":636,"column":8},"end":{"line":636,"column":12}},{"start":{"line":636,"column":16},"end":{"line":636,"column":35}}],"line":636},"98":{"loc":{"start":{"line":640,"column":17},"end":{"line":640,"column":38}},"type":"binary-expr","locations":[{"start":{"line":640,"column":17},"end":{"line":640,"column":30}},{"start":{"line":640,"column":34},"end":{"line":640,"column":38}}],"line":640},"99":{"loc":{"start":{"line":646,"column":24},"end":{"line":646,"column":45}},"type":"cond-expr","locations":[{"start":{"line":646,"column":40},"end":{"line":646,"column":41}},{"start":{"line":646,"column":44},"end":{"line":646,"column":45}}],"line":646},"100":{"loc":{"start":{"line":648,"column":21},"end":{"line":648,"column":45}},"type":"binary-expr","locations":[{"start":{"line":648,"column":21},"end":{"line":648,"column":37}},{"start":{"line":648,"column":41},"end":{"line":648,"column":45}}],"line":648},"101":{"loc":{"start":{"line":650,"column":17},"end":{"line":652,"column":64}},"type":"cond-expr","locations":[{"start":{"line":651,"column":12},"end":{"line":651,"column":90}},{"start":{"line":652,"column":12},"end":{"line":652,"column":64}}],"line":650},"102":{"loc":{"start":{"line":669,"column":4},"end":{"line":671,"column":5}},"type":"if","locations":[{"start":{"line":669,"column":4},"end":{"line":671,"column":5}},{"start":{},"end":{}}],"line":669},"103":{"loc":{"start":{"line":683,"column":6},"end":{"line":686,"column":7}},"type":"if","locations":[{"start":{"line":683,"column":6},"end":{"line":686,"column":7}},{"start":{},"end":{}}],"line":683},"104":{"loc":{"start":{"line":696,"column":15},"end":{"line":698,"column":46}},"type":"cond-expr","locations":[{"start":{"line":697,"column":10},"end":{"line":697,"column":86}},{"start":{"line":698,"column":10},"end":{"line":698,"column":46}}],"line":696},"105":{"loc":{"start":{"line":707,"column":4},"end":{"line":709,"column":5}},"type":"if","locations":[{"start":{"line":707,"column":4},"end":{"line":709,"column":5}},{"start":{},"end":{}}],"line":707},"106":{"loc":{"start":{"line":712,"column":4},"end":{"line":714,"column":5}},"type":"if","locations":[{"start":{"line":712,"column":4},"end":{"line":714,"column":5}},{"start":{},"end":{}}],"line":712},"107":{"loc":{"start":{"line":718,"column":4},"end":{"line":725,"column":5}},"type":"if","locations":[{"start":{"line":718,"column":4},"end":{"line":725,"column":5}},{"start":{},"end":{}}],"line":718},"108":{"loc":{"start":{"line":719,"column":36},"end":{"line":719,"column":55}},"type":"binary-expr","locations":[{"start":{"line":719,"column":36},"end":{"line":719,"column":49}},{"start":{"line":719,"column":53},"end":{"line":719,"column":55}}],"line":719},"109":{"loc":{"start":{"line":720,"column":6},"end":{"line":722,"column":7}},"type":"if","locations":[{"start":{"line":720,"column":6},"end":{"line":722,"column":7}},{"start":{},"end":{}}],"line":720},"110":{"loc":{"start":{"line":727,"column":4},"end":{"line":733,"column":5}},"type":"if","locations":[{"start":{"line":727,"column":4},"end":{"line":733,"column":5}},{"start":{},"end":{}}],"line":727},"111":{"loc":{"start":{"line":729,"column":6},"end":{"line":731,"column":7}},"type":"if","locations":[{"start":{"line":729,"column":6},"end":{"line":731,"column":7}},{"start":{},"end":{}}],"line":729},"112":{"loc":{"start":{"line":729,"column":10},"end":{"line":729,"column":48}},"type":"binary-expr","locations":[{"start":{"line":729,"column":10},"end":{"line":729,"column":32}},{"start":{"line":729,"column":36},"end":{"line":729,"column":48}}],"line":729},"113":{"loc":{"start":{"line":735,"column":4},"end":{"line":741,"column":5}},"type":"if","locations":[{"start":{"line":735,"column":4},"end":{"line":741,"column":5}},{"start":{},"end":{}}],"line":735},"114":{"loc":{"start":{"line":737,"column":6},"end":{"line":739,"column":7}},"type":"if","locations":[{"start":{"line":737,"column":6},"end":{"line":739,"column":7}},{"start":{},"end":{}}],"line":737},"115":{"loc":{"start":{"line":737,"column":10},"end":{"line":737,"column":62}},"type":"binary-expr","locations":[{"start":{"line":737,"column":10},"end":{"line":737,"column":39}},{"start":{"line":737,"column":43},"end":{"line":737,"column":62}}],"line":737},"116":{"loc":{"start":{"line":743,"column":4},"end":{"line":745,"column":5}},"type":"if","locations":[{"start":{"line":743,"column":4},"end":{"line":745,"column":5}},{"start":{},"end":{}}],"line":743},"117":{"loc":{"start":{"line":744,"column":37},"end":{"line":744,"column":74}},"type":"binary-expr","locations":[{"start":{"line":744,"column":37},"end":{"line":744,"column":66}},{"start":{"line":744,"column":70},"end":{"line":744,"column":74}}],"line":744},"118":{"loc":{"start":{"line":747,"column":30},"end":{"line":750,"column":69}},"type":"binary-expr","locations":[{"start":{"line":747,"column":30},"end":{"line":747,"column":88}},{"start":{"line":748,"column":9},"end":{"line":748,"column":70}},{"start":{"line":749,"column":9},"end":{"line":749,"column":69}},{"start":{"line":750,"column":9},"end":{"line":750,"column":69}}],"line":747},"119":{"loc":{"start":{"line":752,"column":4},"end":{"line":759,"column":5}},"type":"if","locations":[{"start":{"line":752,"column":4},"end":{"line":759,"column":5}},{"start":{},"end":{}}],"line":752},"120":{"loc":{"start":{"line":754,"column":6},"end":{"line":756,"column":7}},"type":"if","locations":[{"start":{"line":754,"column":6},"end":{"line":756,"column":7}},{"start":{},"end":{}}],"line":754},"121":{"loc":{"start":{"line":761,"column":4},"end":{"line":763,"column":5}},"type":"if","locations":[{"start":{"line":761,"column":4},"end":{"line":763,"column":5}},{"start":{},"end":{}}],"line":761},"122":{"loc":{"start":{"line":770,"column":17},"end":{"line":770,"column":59}},"type":"binary-expr","locations":[{"start":{"line":770,"column":17},"end":{"line":770,"column":29}},{"start":{"line":770,"column":33},"end":{"line":770,"column":46}},{"start":{"line":770,"column":50},"end":{"line":770,"column":59}}],"line":770},"123":{"loc":{"start":{"line":779,"column":4},"end":{"line":781,"column":5}},"type":"if","locations":[{"start":{"line":779,"column":4},"end":{"line":781,"column":5}},{"start":{},"end":{}}],"line":779},"124":{"loc":{"start":{"line":788,"column":4},"end":{"line":788,"column":98}},"type":"if","locations":[{"start":{"line":788,"column":4},"end":{"line":788,"column":98}},{"start":{},"end":{}}],"line":788},"125":{"loc":{"start":{"line":794,"column":27},"end":{"line":794,"column":69}},"type":"binary-expr","locations":[{"start":{"line":794,"column":27},"end":{"line":794,"column":39}},{"start":{"line":794,"column":43},"end":{"line":794,"column":56}},{"start":{"line":794,"column":60},"end":{"line":794,"column":69}}],"line":794},"126":{"loc":{"start":{"line":801,"column":17},"end":{"line":801,"column":59}},"type":"binary-expr","locations":[{"start":{"line":801,"column":17},"end":{"line":801,"column":29}},{"start":{"line":801,"column":33},"end":{"line":801,"column":46}},{"start":{"line":801,"column":50},"end":{"line":801,"column":59}}],"line":801},"127":{"loc":{"start":{"line":812,"column":4},"end":{"line":812,"column":79}},"type":"if","locations":[{"start":{"line":812,"column":4},"end":{"line":812,"column":79}},{"start":{},"end":{}}],"line":812},"128":{"loc":{"start":{"line":814,"column":4},"end":{"line":819,"column":5}},"type":"if","locations":[{"start":{"line":814,"column":4},"end":{"line":819,"column":5}},{"start":{},"end":{}}],"line":814},"129":{"loc":{"start":{"line":828,"column":0},"end":{"line":849,"column":1}},"type":"if","locations":[{"start":{"line":828,"column":0},"end":{"line":849,"column":1}},{"start":{"line":839,"column":7},"end":{"line":849,"column":1}}],"line":828},"130":{"loc":{"start":{"line":830,"column":4},"end":{"line":836,"column":5}},"type":"if","locations":[{"start":{"line":830,"column":4},"end":{"line":836,"column":5}},{"start":{},"end":{}}],"line":830},"131":{"loc":{"start":{"line":830,"column":8},"end":{"line":830,"column":60}},"type":"binary-expr","locations":[{"start":{"line":830,"column":8},"end":{"line":830,"column":28}},{"start":{"line":830,"column":32},"end":{"line":830,"column":60}}],"line":830},"132":{"loc":{"start":{"line":832,"column":8},"end":{"line":834,"column":9}},"type":"if","locations":[{"start":{"line":832,"column":8},"end":{"line":834,"column":9}},{"start":{},"end":{}}],"line":832},"133":{"loc":{"start":{"line":841,"column":4},"end":{"line":846,"column":5}},"type":"if","locations":[{"start":{"line":841,"column":4},"end":{"line":846,"column":5}},{"start":{},"end":{}}],"line":841},"134":{"loc":{"start":{"line":841,"column":8},"end":{"line":841,"column":60}},"type":"binary-expr","locations":[{"start":{"line":841,"column":8},"end":{"line":841,"column":28}},{"start":{"line":841,"column":32},"end":{"line":841,"column":60}}],"line":841},"135":{"loc":{"start":{"line":861,"column":0},"end":{"line":874,"column":1}},"type":"if","locations":[{"start":{"line":861,"column":0},"end":{"line":874,"column":1}},{"start":{},"end":{}}],"line":861},"136":{"loc":{"start":{"line":869,"column":4},"end":{"line":872,"column":5}},"type":"if","locations":[{"start":{"line":869,"column":4},"end":{"line":872,"column":5}},{"start":{},"end":{}}],"line":869}},"s":{"0":11,"1":11,"2":11,"3":11,"4":11,"5":11,"6":11,"7":11,"8":11,"9":11,"10":11,"11":11,"12":1,"13":1,"14":1,"15":3,"16":2,"17":1,"18":2,"19":0,"20":2,"21":1,"22":1,"23":1,"24":3,"25":3,"26":11,"27":2,"28":4,"29":4,"30":2,"31":2,"32":2,"33":2,"34":11,"35":3,"36":2,"37":4,"38":3,"39":3,"40":2,"41":2,"42":2,"43":0,"44":3,"45":2,"46":11,"47":11,"48":11,"49":11,"50":11,"51":11,"52":11,"53":11,"54":11,"55":11,"56":11,"57":11,"58":11,"59":11,"60":11,"61":11,"62":268,"63":268,"64":0,"65":11,"66":15,"67":1,"68":14,"69":29,"70":14,"71":14,"72":11,"73":5,"74":5,"75":0,"76":0,"77":0,"78":0,"79":0,"80":0,"81":0,"82":11,"83":11,"84":11,"85":11,"86":11,"87":0,"88":11,"89":134,"90":134,"91":134,"92":134,"93":134,"94":134,"95":134,"96":134,"97":134,"98":134,"99":134,"100":134,"101":134,"102":27,"103":134,"104":12,"105":134,"106":134,"107":134,"108":134,"109":27,"110":134,"111":12,"112":134,"113":134,"114":134,"115":134,"116":134,"117":11,"118":4,"119":11,"120":2,"121":2,"122":2,"123":11,"124":4,"125":7,"126":10,"127":6,"128":4,"129":4,"130":4,"131":4,"132":11,"133":1,"134":1,"135":1,"136":1,"137":1,"138":1,"139":1,"140":1,"141":1,"142":1,"143":1,"144":1,"145":1,"146":1,"147":1,"148":1,"149":1,"150":1,"151":3,"152":1,"153":1,"154":1,"155":3,"156":1,"157":1,"158":1,"159":3,"160":1,"161":1,"162":11,"163":11,"164":11,"165":11,"166":11,"167":11,"168":0,"169":11,"170":1,"171":1,"172":1,"173":0,"174":1,"175":1,"176":0,"177":1,"178":1,"179":1,"180":0,"181":1,"182":0,"183":11,"184":1,"185":1,"186":0,"187":1,"188":1,"189":0,"190":1,"191":1,"192":0,"193":1,"194":11,"195":0,"196":0,"197":0,"198":0,"199":0,"200":0,"201":0,"202":0,"203":11,"204":0,"205":0,"206":0,"207":0,"208":0,"209":0,"210":0,"211":0,"212":0,"213":0,"214":0,"215":11,"216":0,"217":0,"218":0,"219":0,"220":0,"221":0,"222":0,"223":0,"224":0,"225":0,"226":11,"227":1,"228":1,"229":0,"230":1,"231":1,"232":1,"233":0,"234":0,"235":0,"236":0,"237":11,"238":3,"239":3,"240":0,"241":3,"242":3,"243":3,"244":1,"245":3,"246":3,"247":0,"248":11,"249":0,"250":0,"251":11,"252":0,"253":0,"254":0,"255":0,"256":0,"257":0,"258":0,"259":0,"260":0,"261":0,"262":11,"263":0,"264":0,"265":0,"266":0,"267":0,"268":0,"269":0,"270":0,"271":11,"272":1,"273":1,"274":0,"275":1,"276":1,"277":1,"278":1,"279":1,"280":1,"281":0,"282":0,"283":0,"284":0,"285":0,"286":0,"287":0,"288":0,"289":0,"290":0,"291":0,"292":0,"293":0,"294":0,"295":0,"296":0,"297":0,"298":0,"299":0,"300":0,"301":0,"302":0,"303":0,"304":0,"305":0,"306":0,"307":0,"308":0,"309":0,"310":0,"311":0,"312":0,"313":0,"314":0,"315":0,"316":0,"317":11,"318":1,"319":1,"320":0,"321":1,"322":1,"323":1,"324":1,"325":0,"326":0,"327":0,"328":0,"329":0,"330":0,"331":0,"332":0,"333":0,"334":0,"335":0,"336":0,"337":0,"338":1,"339":11,"340":1,"341":1,"342":0,"343":1,"344":1,"345":1,"346":1,"347":0,"348":0,"349":0,"350":0,"351":0,"352":0,"353":0,"354":0,"355":0,"356":0,"357":0,"358":0,"359":0,"360":0,"361":0,"362":0,"363":0,"364":0,"365":0,"366":0,"367":0,"368":0,"369":0,"370":0,"371":0,"372":0,"373":0,"374":0,"375":0,"376":0,"377":0,"378":0,"379":0,"380":0,"381":0,"382":11,"383":1,"384":1,"385":0,"386":1,"387":1,"388":1,"389":1,"390":0,"391":11,"392":2,"393":2,"394":0,"395":2,"396":2,"397":1,"398":2,"399":0,"400":2,"401":0,"402":11,"403":0,"404":0,"405":0,"406":0,"407":0,"408":0,"409":11,"410":0,"411":0,"412":0,"413":11,"414":0,"415":11,"416":11,"417":11,"418":0,"419":0,"420":0,"421":0,"422":0,"423":0,"424":0,"425":0,"426":11},"f":{"0":1,"1":3,"2":2,"3":3,"4":3,"5":2,"6":4,"7":4,"8":2,"9":2,"10":3,"11":2,"12":4,"13":2,"14":0,"15":2,"16":268,"17":15,"18":29,"19":5,"20":134,"21":134,"22":4,"23":2,"24":4,"25":7,"26":10,"27":6,"28":1,"29":3,"30":3,"31":3,"32":0,"33":1,"34":0,"35":1,"36":0,"37":0,"38":0,"39":0,"40":0,"41":0,"42":0,"43":1,"44":3,"45":1,"46":0,"47":0,"48":0,"49":0,"50":0,"51":1,"52":0,"53":0,"54":1,"55":1,"56":1,"57":1,"58":1,"59":2,"60":0,"61":0,"62":0,"63":0,"64":0,"65":0,"66":0},"b":{"0":[0],"1":[2,1],"2":[0,2],"3":[2,2],"4":[0,0,0,0,0],"5":[1,0],"6":[3,0],"7":[0],"8":[0],"9":[2,0],"10":[4,0],"11":[2,2],"12":[2,0],"13":[0],"14":[2,0],"15":[4,0],"16":[2,1],"17":[3,2],"18":[0,0],"19":[11,0],"20":[11,11],"21":[11,11],"22":[11,11],"23":[134],"24":[0,268],"25":[0],"26":[0],"27":[1,14],"28":[15,15],"29":[5,0],"30":[0,0],"31":[0,0],"32":[0,0],"33":[0,0],"34":[0,11],"35":[0,11],"36":[134,133],"37":[134,133],"38":[134,0,0],"39":[134,0],"40":[27,107],"41":[12,122],"42":[134,41],"43":[27,107],"44":[12,122],"45":[134,0],"46":[7,0],"47":[7,0],"48":[7,0],"49":[3,1],"50":[3,1],"51":[0,1],"52":[0,1],"53":[1,0],"54":[0,1],"55":[0,1],"56":[0,0],"57":[0,0,0],"58":[0,0,0],"59":[0,0],"60":[0,0],"61":[0,0],"62":[0,1],"63":[1,0],"64":[1,1],"65":[0,3],"66":[3,3,1],"67":[2,1],"68":[0,0],"69":[0,0,0],"70":[0,0],"71":[0,0],"72":[0,0],"73":[0,1],"74":[1,0],"75":[1,1],"76":[1,0],"77":[1,0],"78":[1,1,0],"79":[0,0],"80":[0,0],"81":[0,0],"82":[0,0],"83":[0,0],"84":[0,0],"85":[0,0],"86":[0,0],"87":[0,0],"88":[0,0],"89":[0,0],"90":[0,0],"91":[0,0],"92":[0,0],"93":[0,1],"94":[1,0],"95":[1
[...]
umn":5}},"type":"if","locations":[{"start":{"line":86,"column":4},"end":{"line":88,"column":5}},{"start":{},"end":{}}],"line":86},"20":{"loc":{"start":{"line":100,"column":44},"end":{"line":100,"column":60}},"type":"default-arg","locations":[{"start":{"line":100,"column":58},"end":{"line":100,"column":60}}],"line":100},"21":{"loc":{"start":{"line":100,"column":62},"end":{"line":100,"column":75}},"type":"default-arg","locations":[{"start":{"line":100,"column":73},"end":{"line":100,"column":75}}],"line":100},"22":{"loc":{"start":{"line":100,"column":87},"end":{"line":100,"column":101}},"type":"default-arg","locations":[{"start":{"line":100,"column":97},"end":{"line":100,"column":101}}],"line":100},"23":{"loc":{"start":{"line":102,"column":2},"end":{"line":104,"column":3}},"type":"if","locations":[{"start":{"line":102,"column":2},"end":{"line":104,"column":3}},{"start":{},"end":{}}],"line":102},"24":{"loc":{"start":{"line":106,"column":23},"end":{"line":106,"column":49}},"type":"cond-expr","locations":[{"start":{"line":106,"column":33},"end":{"line":106,"column":44}},{"start":{"line":106,"column":47},"end":{"line":106,"column":49}}],"line":106},"25":{"loc":{"start":{"line":110,"column":2},"end":{"line":112,"column":3}},"type":"if","locations":[{"start":{"line":110,"column":2},"end":{"line":112,"column":3}},{"start":{},"end":{}}],"line":110},"26":{"loc":{"start":{"line":111,"column":67},"end":{"line":111,"column":90}},"type":"binary-expr","locations":[{"start":{"line":111,"column":67},"end":{"line":111,"column":75}},{"start":{"line":111,"column":79},"end":{"line":111,"column":90}}],"line":111},"27":{"loc":{"start":{"line":114,"column":27},"end":{"line":114,"column":59}},"type":"binary-expr","locations":[{"start":{"line":114,"column":27},"end":{"line":114,"column":54}},{"start":{"line":114,"column":58},"end":{"line":114,"column":59}}],"line":114},"28":{"loc":{"start":{"line":115,"column":2},"end":{"line":120,"column":3}},"type":"if","locations":[{"start":{"line":115,"column":2},"end":{"line":120,"column":3}},{"start":{},"end":{}}],"line":115},"29":{"loc":{"start":{"line":118,"column":42},"end":{"line":118,"column":82}},"type":"binary-expr","locations":[{"start":{"line":118,"column":42},"end":{"line":118,"column":55}},{"start":{"line":118,"column":59},"end":{"line":118,"column":67}},{"start":{"line":118,"column":71},"end":{"line":118,"column":82}}],"line":118}},"s":{"0":11,"1":11,"2":11,"3":11,"4":0,"5":11,"6":0,"7":0,"8":0,"9":0,"10":11,"11":0,"12":0,"13":0,"14":0,"15":0,"16":0,"17":0,"18":0,"19":0,"20":11,"21":0,"22":0,"23":0,"24":0,"25":11,"26":0,"27":0,"28":0,"29":0,"30":0,"31":0,"32":0,"33":0,"34":0,"35":0,"36":0,"37":0,"38":0,"39":0,"40":0,"41":0,"42":0,"43":0,"44":0,"45":0,"46":11,"47":0,"48":0,"49":0,"50":0,"51":0,"52":0,"53":0,"54":0,"55":0,"56":0,"57":0,"58":0,"59":0,"60":11},"f":{"0":0,"1":0,"2":0,"3":0,"4":0,"5":0},"b":{"0":[0,0],"1":[0,0],"2":[0,0],"3":[0,0],"4":[0,0],"5":[0,0],"6":[0,0],"7":[0,0],"8":[0],"9":[0,0],"10":[0,0],"11":[0],"12":[0],"13":[0],"14":[0],"15":[0,0],"16":[0,0],"17":[0,0],"18":[0,0],"19":[0,0],"20":[0],"21":[0],"22":[0],"23":[0,0],"24":[0,0],"25":[0,0],"26":[0,0],"27":[0,0],"28":[0,0],"29":[0,0,0]},"_coverageSchema":"1a1c01bbd47fc00a2c39e90264f33305004495a9","hash":"2f65306abb575c3fd420ccb74c8c03eee326cf93"}
,"C:\\Users\\Daksh\\OneDrive\\carterA++\\backend\\src\\utils\\sparePartDedup.js": {"path":"C:\\Users\\Daksh\\OneDrive\\carterA++\\backend\\src\\utils\\sparePartDedup.js","statementMap":{"0":{"start":{"line":1,"column":31},"end":{"line":1,"column":82}},"1":{"start":{"line":1,"column":42},"end":{"line":1,"column":82}},"2":{"start":{"line":3,"column":24},"end":{"line":9,"column":1}},"3":{"start":{"line":4,"column":2},"end":{"line":8,"column":5}},"4":{"start":{"line":6,"column":19},"end":{"line":6,"column":42}},"5":{"start":{"line":11,"column":30},"end":{"line":44,"column":1}},"6":{"start":{"line":12,"column":17},"end":{"line":12,"column":71}},"7":{"start":{"line":14,"column":2},"end":{"line":41,"column":3}},"8":{"start":{"line":15,"column":24},"end":{"line":15,"column":70}},"9":{"start":{"line":16,"column":4},"end":{"line":18,"column":5}},"10":{"start":{"line":17,"column":6},"end":{"line":17,"column":15}},"11":{"start":{"line":20,"column":21},"end":{"line":22,"column":5}},"12":{"start":{"line":21,"column":17},"end":{"line":21,"column":101}},"13":{"start":{"line":24,"column":4},"end":{"line":33,"column":5}},"14":{"start":{"line":25,"column":6},"end":{"line":25,"column":123}},"15":{"start":{"line":26,"column":6},"end":{"line":28,"column":7}},"16":{"start":{"line":27,"column":8},"end":{"line":27,"column":55}},"17":{"start":{"line":29,"column":6},"end":{"line":31,"column":7}},"18":{"start":{"line":30,"column":8},"end":{"line":30,"column":59}},"19":{"start":{"line":32,"column":6},"end":{"line":32,"column":15}},"20":{"start":{"line":35,"column":4},"end":{"line":40,"column":7}},"21":{"start":{"line":43,"column":2},"end":{"line":43,"column":16}},"22":{"start":{"line":46,"column":33},"end":{"line":135,"column":1}},"23":{"start":{"line":47,"column":2},"end":{"line":56,"column":3}},"24":{"start":{"line":48,"column":4},"end":{"line":55,"column":6}},"25":{"start":{"line":58,"column":25},"end":{"line":58,"column":53}},"26":{"start":{"line":59,"column":25},"end":{"line":59,"column":64}},"27":{"start":{"line":60,"column":24},"end":{"line":60,"column":47}},"28":{"start":{"line":61,"column":20},"end":{"line":61,"column":90}},"29":{"start":{"line":63,"column":23},"end":{"line":63,"column":49}},"30":{"start":{"line":64,"column":17},"end":{"line":64,"column":52}},"31":{"start":{"line":65,"column":2},"end":{"line":67,"column":3}},"32":{"start":{"line":66,"column":4},"end":{"line":66,"column":33}},"33":{"start":{"line":68,"column":2},"end":{"line":70,"column":3}},"34":{"start":{"line":69,"column":4},"end":{"line":69,"column":45}},"35":{"start":{"line":72,"column":21},"end":{"line":74,"column":11}},"36":{"start":{"line":76,"column":2},"end":{"line":85,"column":3}},"37":{"start":{"line":77,"column":4},"end":{"line":84,"column":6}},"38":{"start":{"line":87,"column":17},"end":{"line":87,"column":30}},"39":{"start":{"line":88,"column":2},"end":{"line":88,"column":31}},"40":{"start":{"line":90,"column":20},"end":{"line":90,"column":21}},"41":{"start":{"line":92,"column":2},"end":{"line":118,"column":3}},"42":{"start":{"line":92,"column":15},"end":{"line":92,"column":16}},"43":{"start":{"line":93,"column":22},"end":{"line":93,"column":35}},"44":{"start":{"line":94,"column":4},"end":{"line":94,"column":21}},"45":{"start":{"line":96,"column":4},"end":{"line":96,"column":115}},"46":{"start":{"line":97,"column":4},"end":{"line":97,"column":118}},"47":{"start":{"line":98,"column":4},"end":{"line":98,"column":104}},"48":{"start":{"line":99,"column":4},"end":{"line":99,"column":84}},"49":{"start":{"line":101,"column":31},"end":{"line":104,"column":5}},"50":{"start":{"line":106,"column":4},"end":{"line":109,"column":5}},"51":{"start":{"line":107,"column":6},"end":{"line":107,"column":46}},"52":{"start":{"line":108,"column":6},"end":{"line":108,"column":48}},"53":{"start":{"line":111,"column":4},"end":{"line":117,"column":5}},"54":{"start":{"line":112,"column":6},"end":{"line":112,"column":80}},"55":{"start":{"line":113,"column":6},"end":{"line":116,"column":9}},"56":{"start":{"line":114,"column":24},"end":{"line":114,"column":68}},"57":{"start":{"line":120,"column":2},"end":{"line":120,"column":34}},"58":{"start":{"line":122,"column":2},"end":{"line":125,"column":3}},"59":{"start":{"line":123,"column":25},"end":{"line":123,"column":66}},"60":{"start":{"line":123,"column":58},"end":{"line":123,"column":65}},"61":{"start":{"line":124,"column":4},"end":{"line":124,"column":84}},"62":{"start":{"line":127,"column":2},"end":{"line":134,"column":4}},"63":{"start":{"line":137,"column":0},"end":{"line":141,"column":2}}},"fnMap":{"0":{"name":"(anonymous_0)","decl":{"start":{"line":1,"column":31},"end":{"line":1,"column":32}},"loc":{"start":{"line":1,"column":42},"end":{"line":1,"column":82}},"line":1},"1":{"name":"(anonymous_1)","decl":{"start":{"line":3,"column":24},"end":{"line":3,"column":25}},"loc":{"start":{"line":3,"column":54},"end":{"line":9,"column":1}},"line":3},"2":{"name":"(anonymous_2)","decl":{"start":{"line":6,"column":11},"end":{"line":6,"column":12}},"loc":{"start":{"line":6,"column":19},"end":{"line":6,"column":42}},"line":6},"3":{"name":"(anonymous_3)","decl":{"start":{"line":11,"column":30},"end":{"line":11,"column":31}},"loc":{"start":{"line":11,"column":74},"end":{"line":44,"column":1}},"line":11},"4":{"name":"(anonymous_4)","decl":{"start":{"line":21,"column":6},"end":{"line":21,"column":7}},"loc":{"start":{"line":21,"column":17},"end":{"line":21,"column":101}},"line":21},"5":{"name":"(anonymous_5)","decl":{"start":{"line":46,"column":33},"end":{"line":46,"column":34}},"loc":{"start":{"line":46,"column":95},"end":{"line":135,"column":1}},"line":46},"6":{"name":"(anonymous_6)","decl":{"start":{"line":114,"column":8},"end":{"line":114,"column":9}},"loc":{"start":{"line":114,"column":24},"end":{"line":114,"column":68}},"line":114},"7":{"name":"(anonymous_7)","decl":{"start":{"line":123,"column":49},"end":{"line":123,"column":50}},"loc":{"start":{"line":123,"column":58},"end":{"line":123,"column":65}},"line":123}},"branchMap":{"0":{"loc":{"start":{"line":1,"column":49},"end":{"line":1,"column":60}},"type":"binary-expr","locations":[{"start":{"line":1,"column":49},"end":{"line":1,"column":54}},{"start":{"line":1,"column":58},"end":{"line":1,"column":60}}],"line":1},"1":{"loc":{"start":{"line":3,"column":25},"end":{"line":3,"column":36}},"type":"default-arg","locations":[{"start":{"line":3,"column":34},"end":{"line":3,"column":36}}],"line":3},"2":{"loc":{"start":{"line":3,"column":38},"end":{"line":3,"column":49}},"type":"default-arg","locations":[{"start":{"line":3,"column":47},"end":{"line":3,"column":49}}],"line":3},"3":{"loc":{"start":{"line":5,"column":9},"end":{"line":5,"column":44}},"type":"cond-expr","locations":[{"start":{"line":5,"column":33},"end":{"line":5,"column":39}},{"start":{"line":5,"column":42},"end":{"line":5,"column":44}}],"line":5},"4":{"loc":{"start":{"line":5,"column":51},"end":{"line":5,"column":86}},"type":"cond-expr","locations":[{"start":{"line":5,"column":75},"end":{"line":5,"column":81}},{"start":{"line":5,"column":84},"end":{"line":5,"column":86}}],"line":5},"5":{"loc":{"start":{"line":6,"column":26},"end":{"line":6,"column":34}},"type":"binary-expr","locations":[{"start":{"line":6,"column":26},"end":{"line":6,"column":28}},{"start":{"line":6,"column":32},"end":{"line":6,"column":34}}],"line":6},"6":{"loc":{"start":{"line":11,"column":31},"end":{"line":11,"column":49}},"type":"default-arg","locations":[{"start":{"line":11,"column":47},"end":{"line":11,"column":49}}],"line":11},"7":{"loc":{"start":{"line":11,"column":51},"end":{"line":11,"column":69}},"type":"default-arg","locations":[{"start":{"line":11,"column":67},"end":{"line":11,"column":69}}],"line":11},"8":{"loc":{"start":{"line":12,"column":17},"end":{"line":12,"column":71}},"type":"cond-expr","locations":[{"start":{"line":12,"column":48},"end":{"line":12,"column":66}},{"start":{"line":12,"column":69},"end":{"line":12,"column":71}}],"line":12},"9":{"loc":{"start":{"line":14,"column":28},"end":{"line":14,"column":77}},"type":"cond-expr","locations":[{"start":{"line":14,"column":59},"end":{"line":14,"column":72}},{"start":{"line":14,"column":75},"end":{"line":14,"column":77}}],"line":14},"10":{"loc":{"start":{"line":15,"column":31},"end":{"line":15,"column":62}},"type":"binary-expr","locations":[{"start":{"line":15,"column":31},"end":{"line":15,"column":56}},{"start":{"line":15,"column":60},"end":{"line":15,"column":62}}],"line":15},"11":{"loc":{"start":{"line":16,"column":4},"end":{"line":18,"column":5}},"type":"if","locations":[{"start":{"line":16,"column":4},"end":{"line":18,"column":5}},{"start":{},"end":{}}],"line":16},"12":{"loc":{"start":{"line":21,"column":24},"end":{"line":21,"column":49}},"type":"binary-expr","locations":[{"start":{"line":21,"column":24},"end":{"line":21,"column":43}},{"start":{"line":21,"column":47},"end":{"line":21,"column":49}}],"line":21},"13":{"loc":{"start":{"line":24,"column":4},"end":{"line":33,"column":5}},"type":"if","locations":[{"start":{"line":24,"column":4},"end":{"line":33,"column":5}},{"start":{},"end":{}}],"line":24},"14":{"loc":{"start":{"line":25,"column":43},"end":{"line":25,"column":75}},"type":"binary-expr","locations":[{"start":{"line":25,"column":43},"end":{"line":25,"column":70}},{"start":{"line":25,"column":74},"end":{"line":25,"column":75}}],"line":25},"15":{"loc":{"start":{"line":25,"column":86},"end":{"line":25,"column":121}},"type":"binary-expr","locations":[{"start":{"line":25,"column":86},"end":{"line":25,"column":116}},{"start":{"line":25,"column":120},"end":{"line":25,"column":121}}],"line":25},"16":{"loc":{"start":{"line":26,"column":6},"end":{"line":28,"column":7}},"type":"if","locations":[{"start":{"line":26,"column":6},"end":{"line":28,"column":7}},{"start":{},"end":{}}],"line":26},"17":{"loc":{"start":{"line":26,"column":10},"end":{"line":26,"column":58}},"type":"binary-expr","locations":[{"start":{"line":26,"column":10},"end":{"line":26,"column":31}},{"start":{"line":26,"column":35},"end":{"line":26,"column":58}}],"line":26},"18":{"loc":{"start":{"line":29,"column":6},"end":{"line":31,"column":7}},"type":"if","locations":[{"start":{"line":29,"column":6},"end":{"line":31,"column":7}},{"start":{},"end":{}}],"line":29},"19":{"loc":{"start":{"line":29,"column":10},"end":{"line":29,"column":62}},"type":"binary-expr","locations":[{"start":{"line":29,"column":10},"end":{"line":29,"column":33}},{"start":{"line":29,"column":37},"end":{"line":29,"column":62}}],"line":29},"20":{"loc":{"start":{"line":37,"column":33},"end":{"line":37,"column":68}},"type":"binary-expr","locations":[{"start":{"line":37,"column":33},"end":{"line":37,"column":63}},{"start":{"line":37,"column":67},"end":{"line":37,"column":68}}],"line":37},"21":{"loc":{"start":{"line":38,"column":19},"end":{"line":38,"column":50}},"type":"binary-expr","locations":[{"start":{"line":38,"column":19},"end":{"line":38,"column":42}},{"start":{"line":38,"column":46},"end":{"line":38,"column":50}}],"line":38},"22":{"loc":{"start":{"line":39,"column":21},"end":{"line":39,"column":54}},"type":"binary-expr","locations":[{"start":{"line":39,"column":21},"end":{"line":39,"column":46}},{"start":{"line":39,"column":50},"end":{"line":39,"column":54}}],"line":39},"23":{"loc":{"start":{"line":46,"column":74},"end":{"line":46,"column":88}},"type":"default-arg","locations":[{"start":{"line":46,"column":84},"end":{"line":46,"column":88}}],"line":46},"24":{"loc":{"start":{"line":47,"column":2},"end":{"line":56,"column":3}},"type":"if","locations":[{"start":{"line":47,"column":2},"end":{"line":56,"column":3}},{"start":{},"end":{}}],"line":47},"25":{"loc":{"start":{"line":59,"column":32},"end":{"line":59,"column":42}},"type":"binary-expr","locations":[{"start":{"line":59,"column":32},"end":{"line":59,"column":36}},{"start":{"line":59,"column":40},"end":{"line":59,"column":42}}],"line":59},"26":{"loc":{"start":{"line":61,"column":20},"end":{"line":61,"column":90}},"type":"cond-expr","locations":[{"start":{"line":61,"column":36},"end":{"line":61,"column":73}},{"start":{"line":61,"column":76},"end":{"line":61,"column":90}}],"line":61},"27":{"loc":{"start":{"line":63,"column":23},"end":{"line":63,"column":49}},"type":"cond-expr","locations":[{"start":{"line":63,"column":33},"end":{"line":63,"column":44}},{"start":{"line":63,"column":47},"end":{"line":63,"column":49}}],"line":63},"28":{"loc":{"start":{"line":65,"column":2},"end":{"line":67,"column":3}},"type":"if","locations":[{"start":{"line":65,"column":2},"end":{"line":67,"column":3}},{"start":{},"end":{}}],"line":65},"29":{"loc":{"start":{"line":68,"column":2},"end":{"line":70,"column":3}},"type":"if","locations":[{"start":{"line":68,"column":2},"end":{"line":70,"column":3}},{"start":{},"end":{}}],"line":68},"30":{"loc":{"start":{"line":76,"column":2},"end":{"line":85,"column":3}},"type":"if","locations":[{"start":{"line":76,"column":2},"end":{"line":85,"column":3}},{"start":{},"end":{}}],"line":76},"31":{"loc":{"start":{"line":96,"column":39},"end":{"line":96,"column":69}},"type":"binary-expr","locations":[{"start":{"line":96,"column":39},"end":{"line":96,"column":64}},{"start":{"line":96,"column":68},"end":{"line":96,"column":69}}],"line":96},"32":{"loc":{"start":{"line":96,"column":80},"end":{"line":96,"column":113}},"type":"binary-expr","locations":[{"start":{"line":96,"column":80},"end":{"line":96,"column":108}},{"start":{"line":96,"column":112},"end":{"line":96,"column":113}}],"line":96},"33":{"loc":{"start":{"line":97,"column":46},"end":{"line":97,"column":74}},"type":"binary-expr","locations":[{"start":{"line":97,"column":46},"end":{"line":97,"column":69}},{"start":{"line":97,"column":73},"end":{"line":97,"column":74}}],"line":97},"34":{"loc":{"start":{"line":97,"column":84},"end":{"line":97,"column":115}},"type":"binary-expr","locations":[{"start":{"line":97,"column":84},"end":{"line":97,"column":110}},{"start":{"line":97,"column":114},"end":{"line":97,"column":115}}],"line":97},"35":{"loc":{"start":{"line":98,"column":34},"end":{"line":98,"column":103}},"type":"binary-expr","locations":[{"start":{"line":98,"column":34},"end":{"line":98,"column":61}},{"start":{"line":98,"column":65},"end":{"line":98,"column":95}},{"start":{"line":98,"column":99},"end":{"line":98,"column":103}}],"line":98},"36":{"loc":{"start":{"line":106,"column":4},"end":{"line":109,"column":5}},"type":"if","locations":[{"start":{"line":106,"column":4},"end":{"line":109,"column":5}},{"start":{},"end":{}}],"line":106},"37":{"loc":{"start":{"line":111,"column":4},"end":{"line":117,"column":5}},"type":"if","locations":[{"start":{"line":111,"column":4},"end":{"line":117,"column":5}},{"start":{},"end":{}}],"line":111},"38":{"loc":{"start":{"line":111,"column":8},"end":{"line":111,"column":73}},"type":"binary-expr","locations":[{"start":{"line":111,"column":8},"end":{"line":111,"column":37}},{"start":{"line":111,"column":41},"end":{"line":111,"column":73}}],"line":111},"39":{"loc":{"start":{"line":113,"column":42},"end":{"line":113,"column":62}},"type":"binary-expr","locations":[{"start":{"line":113,"column":42},"end":{"line":113,"column":56}},{"start":{"line":113,"column":60},"end":{"line":113,"column":62}}],"line":113},"40":{"loc":{"start":{"line":114,"column":37},"end":{"line":114,"column":67}},"type":"binary-expr","locations":[{"start":{"line":114,"column":37},"end":{"line":114,"column":62}},{"start":{"line":114,"column":66},"end":{"line":114,"column":67}}],"line":114},"41":{"loc":{"start":{"line":122,"column":2},"end":{"line":125,"column":3}},"type":"if","locations":[{"start":{"line":122,"column":2},"end":{"line":125,"column":3}},{"start":{},"end":{}}],"line":122}},"s":{"0":12,"1":1,"2":12,"3":1,"4":8,"5":12,"6":0,"7":0,"8":0,"9":0,"10":0,"11":0,"12":0,"13":0,"14":0,"15":0,"16":0,"17":0,"18":0,"19":0,"20":0,"21":0,"22":12,"23":1,"24":0,"25":1,"26":1,"27":1,"28":1,"29":1,"30":1,"31":1,"32":0,"33":1,"34":0,"35":1,"36":0,"37":0,"38":0,"39":0,"40":0,"41":0,"42":0,"43":0,"44":0,"45":0,"46":0,"47":0,"48":0,"49":0,"50":0,"51":0,"52":0,"53":0,"54":0,"55":0,"56":0,"57":0,"58":0,"59":0,"60":0,"61":0,"62":0,"63":12},"f":{"0":1,"1":1,"2":8,"3":0,"4":0,"5":1,"6":0,"7":0},"b":{"0":[1,0],"1":[0],"2":[0],"3":[1,0],"4":[1,0],"5":[8,2],"6":[0],"7":[0],"8":[0,0],"9":[0,0],"10":[0,0],"11":[0,0],"12":[0,0],"13":[0,0],"14":[0,0],"15":[0,0],"16":[0,0],"17":[0,0],"18":[0,0],"19":[0,0],"20":[0,0],"21":[0,0],"22":[0,0],"23":[1],"24":[0,1],"25":[1,1],"26":[0,1],"27":[0,1],"28":[0,1],"29":[0,1],"30":[0,0],"31":[0,0],"32":[0,0],"33":[0,0],"34":[0,0],"35":[0,0,0],"36":[0,0],"37":[0,0],"38":[0,0],"39":[0,0],"40":[0,0],"41":[0,0]},"_coverageSchema":"1a1c01bbd47fc00a2c39e90264f33305004495a9","hash":"610082513b38a4b1651d931f51cf3ab4c3c55c7d"}
}
