TN:
SF:server.js
FN:21,(anonymous_0)
FN:25,(anonymous_1)
FN:27,(anonymous_2)
FN:41,(anonymous_3)
FN:43,(anonymous_4)
FN:46,(anonymous_5)
FN:51,(anonymous_6)
FN:53,(anonymous_7)
FN:55,(anonymous_8)
FN:65,(anonymous_9)
FN:69,(anonymous_10)
FN:73,(anonymous_11)
FN:77,(anonymous_12)
FN:84,(anonymous_13)
FN:85,(anonymous_14)
FN:90,(anonymous_15)
FN:119,(anonymous_16)
FN:126,(anonymous_17)
FN:130,(anonymous_18)
FN:135,(anonymous_19)
FN:179,(anonymous_20)
FN:185,(anonymous_21)
FN:227,(anonymous_22)
FN:231,(anonymous_23)
FN:250,(anonymous_24)
FN:252,(anonymous_25)
FN:259,(anonymous_26)
FN:262,(anonymous_27)
FN:295,(anonymous_28)
FN:318,(anonymous_29)
FN:324,(anonymous_30)
FN:330,(anonymous_31)
FN:346,(anonymous_32)
FN:351,(anonymous_33)
FN:358,(anonymous_34)
FN:365,(anonymous_35)
FN:378,(anonymous_36)
FN:389,(anonymous_37)
FN:402,(anonymous_38)
FN:408,(anonymous_39)
FN:415,(anonymous_40)
FN:419,(anonymous_41)
FN:420,(anonymous_42)
FN:427,(anonymous_43)
FN:441,(anonymous_44)
FN:448,(anonymous_45)
FN:457,(anonymous_46)
FN:462,(anonymous_47)
FN:470,(anonymous_48)
FN:486,(anonymous_49)
FN:528,(anonymous_50)
FN:548,(anonymous_51)
FN:571,(anonymous_52)
FN:609,(anonymous_53)
FN:629,(anonymous_54)
FN:705,(anonymous_55)
FN:711,(anonymous_56)
FN:786,(anonymous_57)
FN:797,(anonymous_58)
FN:810,(anonymous_59)
FN:820,(anonymous_60)
FN:829,(anonymous_61)
FN:831,(anonymous_62)
FN:840,(anonymous_63)
FN:852,(anonymous_64)
FN:862,(anonymous_65)
FN:868,(anonymous_66)
FNF:67
FNH:43
FNDA:1,(anonymous_0)
FNDA:3,(anonymous_1)
FNDA:2,(anonymous_2)
FNDA:3,(anonymous_3)
FNDA:3,(anonymous_4)
FNDA:2,(anonymous_5)
FNDA:4,(anonymous_6)
FNDA:4,(anonymous_7)
FNDA:2,(anonymous_8)
FNDA:2,(anonymous_9)
FNDA:3,(anonymous_10)
FNDA:2,(anonymous_11)
FNDA:4,(anonymous_12)
FNDA:2,(anonymous_13)
FNDA:0,(anonymous_14)
FNDA:2,(anonymous_15)
FNDA:268,(anonymous_16)
FNDA:15,(anonymous_17)
FNDA:29,(anonymous_18)
FNDA:5,(anonymous_19)
FNDA:134,(anonymous_20)
FNDA:134,(anonymous_21)
FNDA:4,(anonymous_22)
FNDA:2,(anonymous_23)
FNDA:4,(anonymous_24)
FNDA:7,(anonymous_25)
FNDA:10,(anonymous_26)
FNDA:6,(anonymous_27)
FNDA:1,(anonymous_28)
FNDA:3,(anonymous_29)
FNDA:3,(anonymous_30)
FNDA:3,(anonymous_31)
FNDA:0,(anonymous_32)
FNDA:1,(anonymous_33)
FNDA:0,(anonymous_34)
FNDA:1,(anonymous_35)
FNDA:0,(anonymous_36)
FNDA:0,(anonymous_37)
FNDA:0,(anonymous_38)
FNDA:0,(anonymous_39)
FNDA:0,(anonymous_40)
FNDA:0,(anonymous_41)
FNDA:0,(anonymous_42)
FNDA:1,(anonymous_43)
FNDA:3,(anonymous_44)
FNDA:1,(anonymous_45)
FNDA:0,(anonymous_46)
FNDA:0,(anonymous_47)
FNDA:0,(anonymous_48)
FNDA:0,(anonymous_49)
FNDA:0,(anonymous_50)
FNDA:1,(anonymous_51)
FNDA:0,(anonymous_52)
FNDA:0,(anonymous_53)
FNDA:1,(anonymous_54)
FNDA:1,(anonymous_55)
FNDA:1,(anonymous_56)
FNDA:1,(anonymous_57)
FNDA:1,(anonymous_58)
FNDA:2,(anonymous_59)
FNDA:0,(anonymous_60)
FNDA:0,(anonymous_61)
FNDA:0,(anonymous_62)
FNDA:0,(anonymous_63)
FNDA:0,(anonymous_64)
FNDA:0,(anonymous_65)
FNDA:0,(anonymous_66)
DA:1,11
DA:2,11
DA:3,11
DA:4,11
DA:5,11
DA:6,11
DA:7,11
DA:9,11
DA:10,11
DA:11,11
DA:19,11
DA:21,11
DA:22,1
DA:24,1
DA:25,1
DA:26,3
DA:27,1
DA:28,2
DA:29,0
DA:31,2
DA:36,1
DA:37,1
DA:40,1
DA:41,3
DA:43,3
DA:46,11
DA:47,2
DA:51,4
DA:53,4
DA:55,2
DA:60,2
DA:65,2
DA:69,11
DA:70,3
DA:73,2
DA:77,4
DA:82,3
DA:83,3
DA:84,2
DA:85,2
DA:86,0
DA:90,3
DA:94,11
DA:95,11
DA:96,11
DA:97,11
DA:99,11
DA:100,11
DA:101,11
DA:102,11
DA:103,11
DA:104,11
DA:105,11
DA:106,11
DA:107,11
DA:108,11
DA:110,11
DA:119,11
DA:120,268
DA:121,268
DA:122,0
DA:126,11
DA:127,15
DA:128,1
DA:130,29
DA:131,14
DA:132,14
DA:135,11
DA:136,5
DA:137,5
DA:140,0
DA:141,0
DA:142,0
DA:148,0
DA:149,0
DA:150,0
DA:156,0
DA:160,11
DA:163,11
DA:170,11
DA:171,11
DA:174,11
DA:175,0
DA:179,11
DA:180,134
DA:181,134
DA:182,134
DA:184,134
DA:185,134
DA:186,134
DA:187,134
DA:188,134
DA:189,134
DA:190,134
DA:191,134
DA:193,134
DA:194,134
DA:195,134
DA:196,134
DA:198,134
DA:204,134
DA:205,134
DA:206,134
DA:207,134
DA:208,134
DA:210,134
DA:220,134
DA:223,134
DA:227,11
DA:228,4
DA:231,11
DA:232,2
DA:233,2
DA:241,2
DA:250,11
DA:251,4
DA:252,7
DA:259,10
DA:262,6
DA:265,4
DA:266,4
DA:269,4
DA:273,4
DA:295,11
DA:296,1
DA:297,1
DA:298,1
DA:300,1
DA:301,1
DA:302,1
DA:304,1
DA:305,1
DA:306,1
DA:308,1
DA:309,1
DA:310,1
DA:312,1
DA:313,1
DA:314,1
DA:316,1
DA:317,1
DA:318,1
DA:319,3
DA:322,1
DA:323,1
DA:324,1
DA:325,3
DA:328,1
DA:329,1
DA:330,1
DA:331,3
DA:334,1
DA:335,1
DA:339,11
DA:340,11
DA:341,11
DA:342,11
DA:343,11
DA:346,11
DA:347,0
DA:351,11
DA:352,1
DA:353,1
DA:354,1
DA:355,1
DA:356,1
DA:357,1
DA:358,1
DA:359,1
DA:361,0
DA:365,11
DA:366,1
DA:367,1
DA:368,1
DA:369,1
DA:370,1
DA:371,1
DA:372,0
DA:374,1
DA:378,11
DA:379,0
DA:380,0
DA:381,0
DA:389,0
DA:390,0
DA:395,0
DA:397,0
DA:402,11
DA:403,0
DA:404,0
DA:405,0
DA:406,0
DA:407,0
DA:408,0
DA:409,0
DA:411,0
DA:415,11
DA:416,0
DA:417,0
DA:418,0
DA:419,0
DA:420,0
DA:421,0
DA:423,0
DA:427,11
DA:428,1
DA:429,1
DA:430,1
DA:431,1
DA:432,0
DA:433,0
DA:434,0
DA:436,0
DA:441,11
DA:442,3
DA:443,3
DA:444,3
DA:445,3
DA:448,3
DA:449,3
DA:450,3
DA:452,0
DA:457,11
DA:458,0
DA:459,0
DA:462,11
DA:463,0
DA:464,0
DA:466,0
DA:467,0
DA:470,0
DA:471,0
DA:473,0
DA:481,0
DA:486,11
DA:487,0
DA:488,0
DA:489,0
DA:499,0
DA:528,0
DA:529,0
DA:538,0
DA:548,11
DA:549,1
DA:550,1
DA:551,1
DA:552,1
DA:553,1
DA:554,1
DA:556,1
DA:557,1
DA:560,0
DA:561,0
DA:562,0
DA:563,0
DA:564,0
DA:565,0
DA:566,0
DA:568,0
DA:569,0
DA:571,0
DA:575,0
DA:576,0
DA:577,0
DA:578,0
DA:583,0
DA:586,0
DA:595,0
DA:596,0
DA:598,0
DA:599,0
DA:600,0
DA:601,0
DA:602,0
DA:603,0
DA:604,0
DA:605,0
DA:606,0
DA:607,0
DA:609,0
DA:613,0
DA:614,0
DA:615,0
DA:617,0
DA:618,0
DA:621,0
DA:625,0
DA:629,11
DA:630,1
DA:631,1
DA:633,1
DA:634,1
DA:636,1
DA:637,1
DA:643,0
DA:656,0
DA:669,0
DA:670,0
DA:673,0
DA:674,0
DA:675,0
DA:677,0
DA:678,0
DA:683,0
DA:684,0
DA:685,0
DA:689,0
DA:701,1
DA:705,11
DA:706,1
DA:707,1
DA:708,0
DA:711,1
DA:712,1
DA:713,1
DA:716,0
DA:718,0
DA:719,0
DA:720,0
DA:721,0
DA:723,0
DA:724,0
DA:727,0
DA:728,0
DA:729,0
DA:730,0
DA:732,0
DA:735,0
DA:736,0
DA:737,0
DA:738,0
DA:740,0
DA:743,0
DA:744,0
DA:747,0
DA:752,0
DA:753,0
DA:754,0
DA:755,0
DA:757,0
DA:758,0
DA:761,0
DA:762,0
DA:765,0
DA:766,0
DA:767,0
DA:773,0
DA:779,0
DA:780,0
DA:782,0
DA:786,11
DA:787,1
DA:788,1
DA:789,1
DA:797,1
DA:798,1
DA:803,1
DA:805,0
DA:810,11
DA:811,2
DA:812,2
DA:813,2
DA:814,2
DA:815,1
DA:820,2
DA:821,2
DA:823,0
DA:828,11
DA:829,0
DA:830,0
DA:831,0
DA:832,0
DA:833,0
DA:837,0
DA:840,11
DA:841,0
DA:842,0
DA:847,0
DA:852,11
DA:853,0
DA:857,11
DA:858,11
DA:861,11
DA:862,0
DA:863,0
DA:864,0
DA:865,0
DA:868,0
DA:869,0
DA:870,0
DA:871,0
DA:876,11
LF:392
LH:229
BRDA:21,0,0,0
BRDA:26,1,0,2
BRDA:26,1,1,1
BRDA:28,2,0,0
BRDA:28,2,1,2
BRDA:28,3,0,2
BRDA:28,3,1,2
BRDA:29,4,0,0
BRDA:29,4,1,0
BRDA:29,4,2,0
BRDA:29,4,3,0
BRDA:29,4,4,0
BRDA:36,5,0,1
BRDA:36,5,1,0
BRDA:41,6,0,3
BRDA:41,6,1,0
BRDA:46,7,0,0
BRDA:46,8,0,0
BRDA:48,9,0,2
BRDA:48,9,1,0
BRDA:51,10,0,4
BRDA:51,10,1,0
BRDA:57,11,0,2
BRDA:57,11,1,2
BRDA:62,12,0,2
BRDA:62,12,1,0
BRDA:69,13,0,0
BRDA:74,14,0,2
BRDA:74,14,1,0
BRDA:77,15,0,4
BRDA:77,15,1,0
BRDA:83,16,0,2
BRDA:83,16,1,1
BRDA:83,17,0,3
BRDA:83,17,1,2
BRDA:86,18,0,0
BRDA:86,18,1,0
BRDA:101,19,0,11
BRDA:101,19,1,0
BRDA:105,20,0,11
BRDA:105,20,1,11
BRDA:107,21,0,11
BRDA:107,21,1,11
BRDA:108,22,0,11
BRDA:108,22,1,11
BRDA:119,23,0,134
BRDA:121,24,0,0
BRDA:121,24,1,268
BRDA:126,25,0,0
BRDA:126,26,0,0
BRDA:127,27,0,1
BRDA:127,27,1,14
BRDA:127,28,0,15
BRDA:127,28,1,15
BRDA:136,29,0,5
BRDA:136,29,1,0
BRDA:140,30,0,0
BRDA:140,30,1,0
BRDA:141,31,0,0
BRDA:141,31,1,0
BRDA:149,32,0,0
BRDA:149,32,1,0
BRDA:149,33,0,0
BRDA:149,33,1,0
BRDA:164,34,0,0
BRDA:164,34,1,11
BRDA:174,35,0,0
BRDA:174,35,1,11
BRDA:180,36,0,134
BRDA:180,36,1,133
BRDA:181,37,0,134
BRDA:181,37,1,133
BRDA:187,38,0,134
BRDA:187,38,1,0
BRDA:187,38,2,0
BRDA:189,39,0,134
BRDA:189,39,1,0
BRDA:194,40,0,27
BRDA:194,40,1,107
BRDA:195,41,0,12
BRDA:195,41,1,122
BRDA:198,42,0,134
BRDA:198,42,1,41
BRDA:205,43,0,27
BRDA:205,43,1,107
BRDA:206,44,0,12
BRDA:206,44,1,122
BRDA:214,45,0,134
BRDA:214,45,1,0
BRDA:255,46,0,7
BRDA:255,46,1,0
BRDA:256,47,0,7
BRDA:256,47,1,0
BRDA:258,48,0,7
BRDA:258,48,1,0
BRDA:266,49,0,3
BRDA:266,49,1,1
BRDA:269,50,0,3
BRDA:269,50,1,1
BRDA:354,51,0,0
BRDA:354,51,1,1
BRDA:356,52,0,0
BRDA:356,52,1,1
BRDA:357,53,0,1
BRDA:357,53,1,0
BRDA:367,54,0,0
BRDA:367,54,1,1
BRDA:369,55,0,0
BRDA:369,55,1,1
BRDA:380,56,0,0
BRDA:380,56,1,0
BRDA:386,57,0,0
BRDA:386,57,1,0
BRDA:386,57,2,0
BRDA:393,58,0,0
BRDA:393,58,1,0
BRDA:393,58,2,0
BRDA:405,59,0,0
BRDA:405,59,1,0
BRDA:407,60,0,0
BRDA:407,60,1,0
BRDA:418,61,0,0
BRDA:418,61,1,0
BRDA:429,62,0,0
BRDA:429,62,1,1
BRDA:431,63,0,1
BRDA:431,63,1,0
BRDA:431,64,0,1
BRDA:431,64,1,1
BRDA:443,65,0,0
BRDA:443,65,1,3
BRDA:444,66,0,3
BRDA:444,66,1,3
BRDA:444,66,2,1
BRDA:445,67,0,2
BRDA:445,67,1,1
BRDA:464,68,0,0
BRDA:464,68,1,0
BRDA:466,69,0,0
BRDA:466,69,1,0
BRDA:466,69,2,0
BRDA:467,70,0,0
BRDA:467,70,1,0
BRDA:476,71,0,0
BRDA:476,71,1,0
BRDA:488,72,0,0
BRDA:488,72,1,0
BRDA:550,73,0,0
BRDA:550,73,1,1
BRDA:551,74,0,1
BRDA:551,74,1,0
BRDA:552,75,0,1
BRDA:552,75,1,1
BRDA:553,76,0,1
BRDA:553,76,1,0
BRDA:556,77,0,1
BRDA:556,77,1,0
BRDA:556,78,0,1
BRDA:556,78,1,1
BRDA:556,78,2,0
BRDA:561,79,0,0
BRDA:561,79,1,0
BRDA:563,80,0,0
BRDA:563,80,1,0
BRDA:568,81,0,0
BRDA:568,81,1,0
BRDA:571,82,0,0
BRDA:571,82,1,0
BRDA:576,83,0,0
BRDA:576,83,1,0
BRDA:598,84,0,0
BRDA:598,84,1,0
BRDA:600,85,0,0
BRDA:600,85,1,0
BRDA:601,86,0,0
BRDA:601,86,1,0
BRDA:602,87,0,0
BRDA:602,87,1,0
BRDA:605,88,0,0
BRDA:605,88,1,0
BRDA:606,89,0,0
BRDA:606,89,1,0
BRDA:609,90,0,0
BRDA:609,90,1,0
BRDA:609,91,0,0
BRDA:609,91,1,0
BRDA:613,92,0,0
BRDA:613,92,1,0
BRDA:631,93,0,0
BRDA:631,93,1,1
BRDA:633,94,0,1
BRDA:633,94,1,0
BRDA:634,95,0,1
BRDA:634,95,1,1
BRDA:634,95,2,1
BRDA:636,96,0,1
BRDA:636,96,1,0
BRDA:636,97,0,1
BRDA:636,97,1,1
BRDA:640,98,0,1
BRDA:640,98,1,1
BRDA:646,99,0,0
BRDA:646,99,1,0
BRDA:648,100,0,0
BRDA:648,100,1,0
BRDA:650,101,0,0
BRDA:650,101,1,0
BRDA:669,102,0,0
BRDA:669,102,1,0
BRDA:683,103,0,0
BRDA:683,103,1,0
BRDA:696,104,0,0
BRDA:696,104,1,0
BRDA:707,105,0,0
BRDA:707,105,1,1
BRDA:712,106,0,1
BRDA:712,106,1,0
BRDA:718,107,0,0
BRDA:718,107,1,0
BRDA:719,108,0,0
BRDA:719,108,1,0
BRDA:720,109,0,0
BRDA:720,109,1,0
BRDA:727,110,0,0
BRDA:727,110,1,0
BRDA:729,111,0,0
BRDA:729,111,1,0
BRDA:729,112,0,0
BRDA:729,112,1,0
BRDA:735,113,0,0
BRDA:735,113,1,0
BRDA:737,114,0,0
BRDA:737,114,1,0
BRDA:737,115,0,0
BRDA:737,115,1,0
BRDA:743,116,0,0
BRDA:743,116,1,0
BRDA:744,117,0,0
BRDA:744,117,1,0
BRDA:747,118,0,0
BRDA:747,118,1,0
BRDA:747,118,2,0
BRDA:747,118,3,0
BRDA:752,119,0,0
BRDA:752,119,1,0
BRDA:754,120,0,0
BRDA:754,120,1,0
BRDA:761,121,0,0
BRDA:761,121,1,0
BRDA:770,122,0,0
BRDA:770,122,1,0
BRDA:770,122,2,0
BRDA:779,123,0,0
BRDA:779,123,1,0
BRDA:788,124,0,0
BRDA:788,124,1,1
BRDA:794,125,0,1
BRDA:794,125,1,0
BRDA:794,125,2,0
BRDA:801,126,0,1
BRDA:801,126,1,0
BRDA:801,126,2,0
BRDA:812,127,0,0
BRDA:812,127,1,2
BRDA:814,128,0,1
BRDA:814,128,1,1
BRDA:828,129,0,0
BRDA:828,129,1,11
BRDA:830,130,0,0
BRDA:830,130,1,0
BRDA:830,131,0,0
BRDA:830,131,1,0
BRDA:832,132,0,0
BRDA:832,132,1,0
BRDA:841,133,0,0
BRDA:841,133,1,0
BRDA:841,134,0,0
BRDA:841,134,1,0
BRDA:861,135,0,0
BRDA:861,135,1,11
BRDA:869,136,0,0
BRDA:869,136,1,0
BRF:282
BRH:101
end_of_record
TN:
SF:config\db.js
FN:5,(anonymous_0)
FN:21,(anonymous_1)
FNF:2
FNH:2
FNDA:7,(anonymous_0)
FNDA:7,(anonymous_1)
DA:1,7
DA:2,7
DA:3,7
DA:5,7
DA:6,7
DA:7,7
DA:8,7
DA:10,7
DA:15,7
DA:17,0
DA:21,7
DA:22,7
DA:24,7
DA:25,0
DA:26,0
DA:29,7
DA:30,7
DA:31,7
DA:32,7
DA:33,7
DA:35,0
DA:36,0
DA:37,0
DA:41,7
LF:24
LH:18
BRDA:22,0,0,7
BRDA:22,0,1,7
BRDA:24,1,0,0
BRDA:24,1,1,7
BRF:4
BRH:3
end_of_record
TN:
SF:models\SparePart.js
FNF:0
FNH:0
DA:2,2
LF:1
LH:1
BRF:0
BRH:0
end_of_record
TN:
SF:models\Store.js
FNF:0
FNH:0
DA:1,12
DA:3,12
DA:15,12
LF:3
LH:3
BRF:0
BRH:0
end_of_record
TN:
SF:src\config.js
FNF:0
FNH:0
DA:6,11
LF:1
LH:1
BRDA:7,0,0,11
BRDA:7,0,1,4
BRDA:8,1,0,11
BRDA:8,1,1,3
BRDA:9,2,0,11
BRDA:9,2,1,0
BRDA:10,3,0,11
BRDA:10,3,1,4
BRF:8
BRH:7
end_of_record
TN:
SF:src\controllers\purchaseOrdersController.js
FN:8,(anonymous_0)
FN:15,(anonymous_1)
FN:17,(anonymous_2)
FN:23,(anonymous_3)
FN:42,(anonymous_4)
FN:122,(anonymous_5)
FN:138,(anonymous_6)
FN:152,(anonymous_7)
FN:169,(anonymous_8)
FN:196,(anonymous_9)
FN:221,(anonymous_10)
FN:232,(anonymous_11)
FN:305,(anonymous_12)
FN:353,(anonymous_13)
FN:389,(anonymous_14)
FNF:15
FNH:7
FNDA:0,(anonymous_0)
FNDA:1,(anonymous_1)
FNDA:0,(anonymous_2)
FNDA:0,(anonymous_3)
FNDA:0,(anonymous_4)
FNDA:0,(anonymous_5)
FNDA:0,(anonymous_6)
FNDA:1,(anonymous_7)
FNDA:1,(anonymous_8)
FNDA:1,(anonymous_9)
FNDA:0,(anonymous_10)
FNDA:0,(anonymous_11)
FNDA:1,(anonymous_12)
FNDA:1,(anonymous_13)
FNDA:1,(anonymous_14)
DA:1,11
DA:2,11
DA:3,11
DA:4,11
DA:6,11
DA:8,11
DA:9,0
DA:10,0
DA:15,11
DA:17,11
DA:18,0
DA:19,0
DA:20,0
DA:23,11
DA:24,0
DA:25,0
DA:27,0
DA:28,0
DA:29,0
DA:33,0
DA:34,0
DA:37,0
DA:42,11
DA:43,0
DA:44,0
DA:45,0
DA:48,0
DA:49,0
DA:50,0
DA:51,0
DA:52,0
DA:53,0
DA:55,0
DA:56,0
DA:59,0
DA:60,0
DA:61,0
DA:62,0
DA:65,0
DA:66,0
DA:69,0
DA:70,0
DA:71,0
DA:72,0
DA:73,0
DA:75,0
DA:78,0
DA:85,0
DA:86,0
DA:87,0
DA:88,0
DA:89,0
DA:92,0
DA:93,0
DA:104,0
DA:106,0
DA:107,0
DA:112,0
DA:113,0
DA:114,0
DA:115,0
DA:118,0
DA:122,11
DA:123,0
DA:124,0
DA:125,0
DA:126,0
DA:127,0
DA:128,0
DA:135,0
DA:138,11
DA:139,0
DA:140,0
DA:142,0
DA:143,0
DA:144,0
DA:146,0
DA:147,0
DA:148,0
DA:152,11
DA:169,11
DA:170,1
DA:171,1
DA:183,1
DA:185,1
DA:186,1
DA:187,1
DA:189,1
DA:190,1
DA:191,1
DA:192,1
DA:193,1
DA:194,1
DA:196,1
DA:197,1
DA:198,0
DA:199,0
DA:202,1
DA:203,1
DA:204,1
DA:205,1
DA:206,1
DA:208,1
DA:209,1
DA:210,0
DA:214,1
DA:216,1
DA:217,1
DA:221,0
DA:222,0
DA:223,0
DA:226,0
DA:232,0
DA:250,0
DA:251,0
DA:253,0
DA:254,0
DA:255,0
DA:256,0
DA:257,0
DA:258,0
DA:259,0
DA:260,0
DA:261,0
DA:263,0
DA:264,0
DA:267,0
DA:268,0
DA:271,0
DA:272,0
DA:274,0
DA:277,0
DA:280,0
DA:282,0
DA:288,1
DA:289,1
DA:296,0
DA:297,0
DA:305,11
DA:306,1
DA:307,1
DA:308,0
DA:314,1
DA:315,1
DA:316,1
DA:317,1
DA:322,1
DA:323,1
DA:324,0
DA:325,0
DA:326,0
DA:327,0
DA:328,0
DA:329,0
DA:332,1
DA:333,0
DA:336,1
DA:337,1
DA:339,1
DA:345,0
DA:353,11
DA:354,1
DA:355,1
DA:356,1
DA:365,0
DA:366,0
DA:369,0
DA:375,0
DA:381,1
DA:389,11
DA:390,1
DA:391,1
DA:392,1
DA:394,1
DA:395,0
DA:401,1
DA:406,0
DA:407,0
DA:410,0
DA:417,0
DA:423,1
LF:181
LH:65
BRDA:9,0,0,0
BRDA:9,0,1,0
BRDA:10,1,0,0
BRDA:10,1,1,0
BRDA:10,1,2,0
BRDA:15,2,0,1
BRDA:15,2,1,0
BRDA:18,3,0,0
BRDA:18,3,1,0
BRDA:19,4,0,0
BRDA:19,4,1,0
BRDA:23,5,0,0
BRDA:28,6,0,0
BRDA:28,6,1,0
BRDA:33,7,0,0
BRDA:33,7,1,0
BRDA:42,8,0,0
BRDA:44,9,0,0
BRDA:44,9,1,0
BRDA:48,10,0,0
BRDA:48,10,1,0
BRDA:51,11,0,0
BRDA:51,11,1,0
BRDA:52,12,0,0
BRDA:52,12,1,0
BRDA:53,13,0,0
BRDA:53,13,1,0
BRDA:55,14,0,0
BRDA:55,14,1,0
BRDA:59,15,0,0
BRDA:59,15,1,0
BRDA:61,16,0,0
BRDA:61,16,1,0
BRDA:65,17,0,0
BRDA:65,17,1,0
BRDA:71,18,0,0
BRDA:71,18,1,0
BRDA:72,19,0,0
BRDA:72,19,1,0
BRDA:85,20,0,0
BRDA:85,20,1,0
BRDA:86,21,0,0
BRDA:86,21,1,0
BRDA:87,22,0,0
BRDA:87,22,1,0
BRDA:106,23,0,0
BRDA:106,23,1,0
BRDA:112,24,0,0
BRDA:112,24,1,0
BRDA:113,25,0,0
BRDA:113,25,1,0
BRDA:122,26,0,0
BRDA:126,27,0,0
BRDA:126,27,1,0
BRDA:154,28,0,1
BRDA:154,28,1,0
BRDA:157,29,0,1
BRDA:157,29,1,0
BRDA:180,30,0,1
BRDA:185,31,0,1
BRDA:185,31,1,0
BRDA:185,31,2,0
BRDA:186,32,0,1
BRDA:186,32,1,0
BRDA:187,33,0,1
BRDA:187,33,1,1
BRDA:187,33,2,1
BRDA:190,34,0,0
BRDA:190,34,1,1
BRDA:191,35,0,0
BRDA:191,35,1,1
BRDA:192,36,0,1
BRDA:192,36,1,0
BRDA:193,37,0,0
BRDA:193,37,1,1
BRDA:193,38,0,1
BRDA:193,38,1,1
BRDA:194,39,0,0
BRDA:194,39,1,1
BRDA:194,40,0,1
BRDA:194,40,1,1
BRDA:194,40,2,1
BRDA:197,41,0,0
BRDA:197,41,1,1
BRDA:197,42,0,1
BRDA:197,42,1,1
BRDA:202,43,0,0
BRDA:202,43,1,1
BRDA:203,44,0,0
BRDA:203,44,1,1
BRDA:204,45,0,1
BRDA:204,45,1,0
BRDA:204,46,0,1
BRDA:204,46,1,1
BRDA:205,47,0,0
BRDA:205,47,1,1
BRDA:205,48,0,1
BRDA:205,48,1,1
BRDA:205,48,2,1
BRDA:205,48,3,1
BRDA:206,49,0,0
BRDA:206,49,1,1
BRDA:206,50,0,1
BRDA:206,50,1,1
BRDA:206,50,2,1
BRDA:206,50,3,1
BRDA:209,51,0,0
BRDA:209,51,1,1
BRDA:209,52,0,1
BRDA:209,52,1,1
BRDA:214,53,0,0
BRDA:214,53,1,1
BRDA:216,54,0,1
BRDA:216,54,1,0
BRDA:222,55,0,0
BRDA:222,55,1,0
BRDA:233,56,0,0
BRDA:233,56,1,0
BRDA:237,57,0,0
BRDA:237,57,1,0
BRDA:238,58,0,0
BRDA:238,58,1,0
BRDA:246,59,0,0
BRDA:246,59,1,0
BRDA:253,60,0,0
BRDA:253,60,1,0
BRDA:263,61,0,0
BRDA:263,61,1,0
BRDA:263,62,0,0
BRDA:263,62,1,0
BRDA:267,63,0,0
BRDA:267,63,1,0
BRDA:274,64,0,0
BRDA:274,64,1,0
BRDA:288,65,0,1
BRDA:288,65,1,0
BRDA:288,66,0,1
BRDA:288,66,1,0
BRDA:288,66,2,0
BRDA:292,67,0,1
BRDA:292,67,1,0
BRDA:307,68,0,0
BRDA:307,68,1,1
BRDA:316,69,0,1
BRDA:316,69,1,0
BRDA:322,70,0,0
BRDA:322,70,1,1
BRDA:323,71,0,0
BRDA:323,71,1,1
BRDA:323,72,0,1
BRDA:323,72,1,1
BRDA:325,73,0,0
BRDA:325,73,1,0
BRDA:326,74,0,0
BRDA:326,74,1,0
BRDA:332,75,0,0
BRDA:332,75,1,1
BRDA:361,76,0,1
BRDA:361,76,1,0
BRDA:361,76,2,0
BRDA:365,77,0,0
BRDA:365,77,1,0
BRDA:372,78,0,0
BRDA:372,78,1,0
BRDA:372,78,2,0
BRDA:394,79,0,0
BRDA:394,79,1,1
BRDA:406,80,0,0
BRDA:406,80,1,0
BRDA:414,81,0,0
BRDA:414,81,1,0
BRDA:414,81,2,0
BRF:172
BRH:54
end_of_record
TN:
SF:src\controllers\storeController.js
FN:3,(anonymous_0)
FN:20,(anonymous_1)
FN:34,(anonymous_2)
FN:64,(anonymous_3)
FN:84,(anonymous_4)
FN:107,(anonymous_5)
FN:143,(anonymous_6)
FNF:7
FNH:3
FNDA:2,(anonymous_0)
FNDA:0,(anonymous_1)
FNDA:2,(anonymous_2)
FNDA:0,(anonymous_3)
FNDA:0,(anonymous_4)
FNDA:0,(anonymous_5)
FNDA:2,(anonymous_6)
DA:1,11
DA:3,11
DA:4,2
DA:5,2
DA:6,2
DA:8,2
DA:20,11
DA:21,0
DA:22,0
DA:34,11
DA:35,2
DA:36,2
DA:37,0
DA:39,2
DA:40,2
DA:41,0
DA:47,2
DA:48,2
DA:50,0
DA:56,2
DA:64,11
DA:65,0
DA:66,0
DA:67,0
DA:69,0
DA:70,0
DA:76,0
DA:84,11
DA:85,0
DA:86,0
DA:87,0
DA:89,0
DA:90,0
DA:91,0
DA:94,0
DA:99,0
DA:107,11
DA:108,0
DA:109,0
DA:110,0
DA:112,0
DA:113,0
DA:114,0
DA:120,0
DA:125,0
DA:126,0
DA:129,0
DA:135,0
DA:143,11
DA:144,2
DA:145,2
DA:146,0
DA:148,2
DA:149,0
DA:150,0
DA:153,0
DA:159,2
LF:57
LH:23
BRDA:3,0,0,0
BRDA:4,1,0,2
BRDA:4,1,1,0
BRDA:4,1,2,0
BRDA:5,2,0,2
BRDA:5,2,1,0
BRDA:5,2,2,0
BRDA:5,2,3,0
BRDA:6,3,0,2
BRDA:6,3,1,0
BRDA:6,3,2,0
BRDA:6,3,3,0
BRDA:16,4,0,2
BRDA:16,4,1,2
BRDA:16,4,2,2
BRDA:21,5,0,0
BRDA:21,5,1,0
BRDA:25,6,0,0
BRDA:25,6,1,0
BRDA:25,6,2,0
BRDA:26,7,0,0
BRDA:26,7,1,0
BRDA:26,7,2,0
BRDA:27,8,0,0
BRDA:27,8,1,0
BRDA:27,8,2,0
BRDA:28,9,0,0
BRDA:28,9,1,0
BRDA:28,9,2,0
BRDA:29,10,0,0
BRDA:29,10,1,0
BRDA:29,10,2,0
BRDA:30,11,0,0
BRDA:30,11,1,0
BRDA:30,11,2,0
BRDA:36,12,0,0
BRDA:36,12,1,2
BRDA:40,13,0,0
BRDA:40,13,1,2
BRDA:40,14,0,2
BRDA:40,14,1,2
BRDA:40,14,2,2
BRDA:66,15,0,0
BRDA:66,15,1,0
BRDA:86,16,0,0
BRDA:86,16,1,0
BRDA:90,17,0,0
BRDA:90,17,1,0
BRDA:109,18,0,0
BRDA:109,18,1,0
BRDA:113,19,0,0
BRDA:113,19,1,0
BRDA:113,20,0,0
BRDA:113,20,1,0
BRDA:113,20,2,0
BRDA:125,21,0,0
BRDA:125,21,1,0
BRDA:145,22,0,0
BRDA:145,22,1,2
BRDA:149,23,0,0
BRDA:149,23,1,0
BRF:61
BRH:12
end_of_record
TN:
SF:src\controllers\storeOrdersController.js
FN:5,(anonymous_0)
FN:12,(anonymous_1)
FN:13,(anonymous_2)
FN:15,(anonymous_3)
FN:23,(anonymous_4)
FN:40,(anonymous_5)
FN:58,(anonymous_6)
FN:83,(anonymous_7)
FN:146,(anonymous_8)
FN:175,(anonymous_9)
FN:176,(anonymous_10)
FN:177,(anonymous_11)
FN:195,(anonymous_12)
FN:216,(anonymous_13)
FN:237,(anonymous_14)
FN:307,(anonymous_15)
FN:308,(anonymous_16)
FNF:17
FNH:0
FNDA:0,(anonymous_0)
FNDA:0,(anonymous_1)
FNDA:0,(anonymous_2)
FNDA:0,(anonymous_3)
FNDA:0,(anonymous_4)
FNDA:0,(anonymous_5)
FNDA:0,(anonymous_6)
FNDA:0,(anonymous_7)
FNDA:0,(anonymous_8)
FNDA:0,(anonymous_9)
FNDA:0,(anonymous_10)
FNDA:0,(anonymous_11)
FNDA:0,(anonymous_12)
FNDA:0,(anonymous_13)
FNDA:0,(anonymous_14)
FNDA:0,(anonymous_15)
FNDA:0,(anonymous_16)
DA:1,11
DA:2,11
DA:3,11
DA:5,11
DA:6,0
DA:7,0
DA:12,11
DA:13,11
DA:15,11
DA:23,11
DA:40,11
DA:41,0
DA:42,0
DA:43,0
DA:44,0
DA:46,0
DA:47,0
DA:50,0
DA:51,0
DA:54,0
DA:55,0
DA:58,0
DA:59,0
DA:60,0
DA:63,0
DA:64,0
DA:68,0
DA:83,11
DA:84,0
DA:85,0
DA:86,0
DA:88,0
DA:89,0
DA:95,0
DA:96,0
DA:102,0
DA:103,0
DA:104,0
DA:105,0
DA:112,0
DA:114,0
DA:121,0
DA:125,0
DA:126,0
DA:128,0
DA:129,0
DA:135,0
DA:142,0
DA:143,0
DA:146,11
DA:147,0
DA:148,0
DA:149,0
DA:150,0
DA:151,0
DA:153,0
DA:154,0
DA:155,0
DA:157,0
DA:158,0
DA:160,0
DA:161,0
DA:163,0
DA:164,0
DA:172,0
DA:173,0
DA:175,0
DA:176,0
DA:177,0
DA:180,0
DA:188,0
DA:195,11
DA:196,0
DA:197,0
DA:198,0
DA:199,0
DA:202,0
DA:203,0
DA:209,0
DA:216,11
DA:217,0
DA:218,0
DA:219,0
DA:222,0
DA:223,0
DA:232,0
DA:233,0
DA:234,0
DA:235,0
DA:237,0
DA:238,0
DA:244,0
DA:245,0
DA:248,0
DA:255,0
DA:258,0
DA:260,0
DA:266,0
DA:267,0
DA:270,0
DA:271,0
DA:272,0
DA:273,0
DA:274,0
DA:277,0
DA:285,0
DA:291,0
DA:292,0
DA:299,0
DA:300,0
DA:307,11
DA:308,11
LF:112
LH:15
BRDA:6,0,0,0
BRDA:6,0,1,0
BRDA:7,1,0,0
BRDA:7,1,1,0
BRDA:7,1,2,0
BRDA:12,2,0,0
BRDA:12,2,1,0
BRDA:13,3,0,0
BRDA:13,3,1,0
BRDA:15,4,0,0
BRDA:16,5,0,0
BRDA:16,5,1,0
BRDA:16,5,2,0
BRDA:17,6,0,0
BRDA:17,6,1,0
BRDA:17,6,2,0
BRDA:17,6,3,0
BRDA:18,7,0,0
BRDA:18,7,1,0
BRDA:19,8,0,0
BRDA:19,8,1,0
BRDA:20,9,0,0
BRDA:20,9,1,0
BRDA:25,10,0,0
BRDA:25,10,1,0
BRDA:28,11,0,0
BRDA:28,11,1,0
BRDA:29,12,0,0
BRDA:29,12,1,0
BRDA:30,13,0,0
BRDA:30,13,1,0
BRDA:31,14,0,0
BRDA:31,14,1,0
BRDA:32,15,0,0
BRDA:32,15,1,0
BRDA:33,16,0,0
BRDA:33,16,1,0
BRDA:34,17,0,0
BRDA:34,17,1,0
BRDA:35,18,0,0
BRDA:35,18,1,0
BRDA:40,19,0,0
BRDA:42,20,0,0
BRDA:42,20,1,0
BRDA:42,20,2,0
BRDA:44,21,0,0
BRDA:44,21,1,0
BRDA:46,22,0,0
BRDA:46,22,1,0
BRDA:50,23,0,0
BRDA:50,23,1,0
BRDA:54,24,0,0
BRDA:54,24,1,0
BRDA:59,25,0,0
BRDA:59,25,1,0
BRDA:63,26,0,0
BRDA:63,26,1,0
BRDA:63,27,0,0
BRDA:63,27,1,0
BRDA:74,28,0,0
BRDA:74,28,1,0
BRDA:74,28,2,0
BRDA:75,29,0,0
BRDA:75,29,1,0
BRDA:75,29,2,0
BRDA:76,30,0,0
BRDA:76,30,1,0
BRDA:76,30,2,0
BRDA:77,31,0,0
BRDA:77,31,1,0
BRDA:83,32,0,0
BRDA:85,33,0,0
BRDA:85,33,1,0
BRDA:86,34,0,0
BRDA:86,34,1,0
BRDA:88,35,0,0
BRDA:88,35,1,0
BRDA:95,36,0,0
BRDA:95,36,1,0
BRDA:103,37,0,0
BRDA:103,37,1,0
BRDA:104,38,0,0
BRDA:104,38,1,0
BRDA:128,39,0,0
BRDA:128,39,1,0
BRDA:142,40,0,0
BRDA:142,40,1,0
BRDA:148,41,0,0
BRDA:148,41,1,0
BRDA:148,41,2,0
BRDA:151,42,0,0
BRDA:151,42,1,0
BRDA:154,43,0,0
BRDA:154,43,1,0
BRDA:157,44,0,0
BRDA:157,44,1,0
BRDA:160,45,0,0
BRDA:160,45,1,0
BRDA:163,46,0,0
BRDA:163,46,1,0
BRDA:190,47,0,0
BRDA:190,47,1,0
BRDA:198,48,0,0
BRDA:198,48,1,0
BRDA:211,49,0,0
BRDA:211,49,1,0
BRDA:217,50,0,0
BRDA:217,50,1,0
BRDA:218,51,0,0
BRDA:218,51,1,0
BRDA:222,52,0,0
BRDA:222,52,1,0
BRDA:224,53,0,0
BRDA:224,53,1,0
BRDA:224,53,2,0
BRDA:224,53,3,0
BRDA:224,53,4,0
BRDA:224,53,5,0
BRDA:244,54,0,0
BRDA:244,54,1,0
BRDA:262,55,0,0
BRDA:262,55,1,0
BRDA:266,56,0,0
BRDA:266,56,1,0
BRDA:270,57,0,0
BRDA:270,57,1,0
BRDA:273,58,0,0
BRDA:273,58,1,0
BRDA:287,59,0,0
BRDA:287,59,1,0
BRDA:291,60,0,0
BRDA:291,60,1,0
BRDA:294,61,0,0
BRDA:294,61,1,0
BRDA:299,62,0,0
BRDA:299,62,1,0
BRDA:302,63,0,0
BRDA:302,63,1,0
BRF:138
BRH:0
end_of_record
TN:
SF:src\controllers\transferController.js
FN:5,(anonymous_0)
FN:10,(anonymous_1)
FN:25,(anonymous_2)
FN:30,(anonymous_3)
FN:34,(anonymous_4)
FN:47,(anonymous_5)
FN:60,(anonymous_6)
FN:65,(anonymous_7)
FN:69,(anonymous_8)
FN:90,(anonymous_9)
FN:99,(anonymous_10)
FN:101,(anonymous_11)
FN:102,(anonymous_12)
FN:113,(anonymous_13)
FN:119,(anonymous_14)
FN:137,(anonymous_15)
FN:139,(anonymous_16)
FN:160,(anonymous_17)
FN:162,(anonymous_18)
FN:168,(anonymous_19)
FN:188,(anonymous_20)
FN:190,(anonymous_21)
FN:235,(anonymous_22)
FN:242,(anonymous_23)
FN:262,(anonymous_24)
FN:264,(anonymous_25)
FN:271,(anonymous_26)
FN:320,(anonymous_27)
FN:337,(anonymous_28)
FN:361,(anonymous_29)
FN:389,(anonymous_30)
FN:426,(anonymous_31)
FN:446,(anonymous_32)
FN:469,(anonymous_33)
FN:524,(anonymous_34)
FN:527,(anonymous_35)
FN:738,(anonymous_36)
FN:803,(anonymous_37)
FN:815,(anonymous_38)
FN:818,(anonymous_39)
FN:843,(anonymous_40)
FN:861,(anonymous_41)
FN:947,(anonymous_42)
FN:949,(anonymous_43)
FN:1015,(anonymous_44)
FN:1031,(anonymous_45)
FN:1123,(anonymous_46)
FN:1220,(anonymous_47)
FN:1275,(anonymous_48)
FN:1278,(anonymous_49)
FN:1368,(anonymous_50)
FN:1415,(anonymous_51)
FN:1452,(anonymous_52)
FN:1488,(anonymous_53)
FNF:54
FNH:46
FNDA:52,(anonymous_0)
FNDA:120,(anonymous_1)
FNDA:50,(anonymous_2)
FNDA:50,(anonymous_3)
FNDA:50,(anonymous_4)
FNDA:44,(anonymous_5)
FNDA:47,(anonymous_6)
FNDA:0,(anonymous_7)
FNDA:136,(anonymous_8)
FNDA:89,(anonymous_9)
FNDA:55,(anonymous_10)
FNDA:8,(anonymous_11)
FNDA:8,(anonymous_12)
FNDA:4,(anonymous_13)
FNDA:47,(anonymous_14)
FNDA:0,(anonymous_15)
FNDA:0,(anonymous_16)
FNDA:15,(anonymous_17)
FNDA:19,(anonymous_18)
FNDA:19,(anonymous_19)
FNDA:15,(anonymous_20)
FNDA:15,(anonymous_21)
FNDA:4,(anonymous_22)
FNDA:3,(anonymous_23)
FNDA:45,(anonymous_24)
FNDA:45,(anonymous_25)
FNDA:17,(anonymous_26)
FNDA:16,(anonymous_27)
FNDA:7,(anonymous_28)
FNDA:12,(anonymous_29)
FNDA:20,(anonymous_30)
FNDA:47,(anonymous_31)
FNDA:47,(anonymous_32)
FNDA:48,(anonymous_33)
FNDA:71,(anonymous_34)
FNDA:23,(anonymous_35)
FNDA:8,(anonymous_36)
FNDA:26,(anonymous_37)
FNDA:19,(anonymous_38)
FNDA:11,(anonymous_39)
FNDA:1,(anonymous_40)
FNDA:5,(anonymous_41)
FNDA:25,(anonymous_42)
FNDA:1,(anonymous_43)
FNDA:55,(anonymous_44)
FNDA:27,(anonymous_45)
FNDA:0,(anonymous_46)
FNDA:17,(anonymous_47)
FNDA:28,(anonymous_48)
FNDA:1,(anonymous_49)
FNDA:0,(anonymous_50)
FNDA:0,(anonymous_51)
FNDA:0,(anonymous_52)
FNDA:0,(anonymous_53)
DA:1,11
DA:2,11
DA:3,11
DA:5,11
DA:6,52
DA:7,52
DA:10,11
DA:11,120
DA:12,70
DA:15,50
DA:16,50
DA:19,0
DA:22,11
DA:23,11
DA:25,11
DA:26,50
DA:27,50
DA:30,50
DA:31,50
DA:34,50
DA:36,50
DA:37,50
DA:38,50
DA:40,50
DA:41,50
DA:42,0
DA:47,11
DA:48,44
DA:49,2
DA:52,42
DA:53,42
DA:54,0
DA:57,42
DA:60,11
DA:61,47
DA:62,47
DA:65,11
DA:66,0
DA:69,11
DA:70,136
DA:71,0
DA:74,136
DA:75,89
DA:78,47
DA:79,47
DA:80,47
DA:82,0
DA:83,0
DA:87,0
DA:90,11
DA:91,89
DA:99,11
DA:100,55
DA:101,8
DA:102,8
DA:104,55
DA:105,47
DA:108,8
DA:113,4
DA:119,11
DA:120,47
DA:121,47
DA:122,47
DA:123,47
DA:124,0
DA:125,0
DA:126,0
DA:132,47
DA:133,47
DA:134,47
DA:137,0
DA:140,0
DA:141,0
DA:142,0
DA:145,0
DA:146,0
DA:147,0
DA:149,0
DA:160,11
DA:161,15
DA:162,19
DA:168,19
DA:170,15
DA:171,7
DA:174,8
DA:175,8
DA:185,0
DA:188,11
DA:189,15
DA:190,15
DA:191,15
DA:192,15
DA:193,15
DA:194,8
DA:197,7
DA:198,7
DA:199,7
DA:200,2
DA:203,5
DA:204,5
DA:205,5
DA:208,15
DA:209,15
DA:210,27
DA:211,5
DA:214,22
DA:215,22
DA:216,0
DA:219,22
DA:220,22
DA:221,22
DA:229,15
DA:235,11
DA:236,4
DA:237,4
DA:238,0
DA:241,4
DA:242,3
DA:245,4
DA:246,1
DA:247,1
DA:248,0
DA:250,1
DA:253,3
DA:259,3
DA:262,45
DA:264,11
DA:265,45
DA:266,45
DA:268,0
DA:271,11
DA:272,17
DA:273,17
DA:274,17
DA:276,17
DA:277,17
DA:280,17
DA:283,17
DA:284,5
DA:289,5
DA:317,12
DA:320,16
DA:324,12
DA:332,12
DA:333,12
DA:335,12
DA:337,7
DA:347,12
DA:348,16
DA:349,16
DA:350,16
DA:352,16
DA:353,0
DA:357,0
DA:361,16
DA:363,16
DA:365,3
DA:366,3
DA:373,13
DA:379,13
DA:380,13
DA:389,20
DA:390,12
DA:396,12
DA:426,11
DA:427,47
DA:429,47
DA:447,47
DA:448,47
DA:449,47
DA:450,47
DA:451,47
DA:453,47
DA:469,48
DA:524,11
DA:525,71
DA:526,23
DA:527,23
DA:530,48
DA:531,48
DA:532,48
DA:533,25
DA:534,24
DA:575,47
DA:577,47
DA:578,47
DA:579,47
DA:580,47
DA:581,47
DA:583,47
DA:587,47
DA:588,47
DA:589,47
DA:590,47
DA:591,47
DA:592,47
DA:593,47
DA:594,47
DA:596,47
DA:597,47
DA:598,47
DA:599,47
DA:600,47
DA:601,47
DA:602,47
DA:603,47
DA:604,47
DA:605,47
DA:606,47
DA:607,47
DA:608,47
DA:609,47
DA:610,47
DA:613,47
DA:614,47
DA:615,39
DA:616,0
DA:619,47
DA:620,11
DA:621,0
DA:623,11
DA:624,1
DA:627,47
DA:628,28
DA:629,0
DA:632,47
DA:633,8
DA:634,0
DA:636,8
DA:639,0
DA:642,47
DA:643,0
DA:647,47
DA:648,36
DA:649,0
DA:651,36
DA:652,0
DA:654,36
DA:655,0
DA:657,36
DA:663,0
DA:667,47
DA:668,1
DA:669,1
DA:671,1
DA:679,46
DA:680,46
DA:681,38
DA:682,38
DA:683,38
DA:685,38
DA:686,0
DA:687,0
DA:690,38
DA:691,0
DA:692,0
DA:696,38
DA:701,19
DA:702,0
DA:703,0
DA:706,19
DA:707,4
DA:708,4
DA:711,15
DA:716,15
DA:717,15
DA:718,0
DA:719,0
DA:722,15
DA:737,8
DA:738,8
DA:740,8
DA:742,4
DA:743,4
DA:744,4
DA:746,4
DA:747,0
DA:748,0
DA:751,4
DA:752,0
DA:753,0
DA:756,4
DA:757,4
DA:758,4
DA:760,4
DA:775,23
DA:776,4
DA:777,0
DA:779,4
DA:787,19
DA:788,15
DA:790,15
DA:795,15
DA:796,0
DA:799,15
DA:800,15
DA:801,7
DA:802,14
DA:803,26
DA:806,14
DA:807,14
DA:808,0
DA:811,14
DA:814,7
DA:815,19
DA:817,7
DA:818,11
DA:821,8
DA:824,15
DA:827,15
DA:828,3
DA:833,3
DA:834,1
DA:843,1
DA:846,3
DA:847,2
DA:855,3
DA:856,3
DA:857,4
DA:860,3
DA:861,5
DA:863,3
DA:869,19
DA:903,19
DA:905,19
DA:906,0
DA:909,19
DA:911,19
DA:922,24
DA:923,23
DA:924,23
DA:930,24
DA:931,23
DA:934,1
DA:935,1
DA:941,48
DA:942,24
DA:947,25
DA:949,11
DA:950,1
DA:951,1
DA:952,1
DA:954,1
DA:955,0
DA:958,1
DA:959,0
DA:960,0
DA:963,0
DA:964,0
DA:965,0
DA:968,0
DA:969,0
DA:970,0
DA:971,0
DA:973,0
DA:974,0
DA:975,0
DA:977,0
DA:978,0
DA:979,0
DA:980,0
DA:982,0
DA:983,0
DA:984,0
DA:991,0
DA:993,0
DA:994,0
DA:999,0
DA:1002,0
DA:1007,1
DA:1015,11
DA:1016,55
DA:1017,55
DA:1018,55
DA:1020,55
DA:1021,0
DA:1024,55
DA:1025,28
DA:1026,27
DA:1027,0
DA:1030,27
DA:1031,27
DA:1051,27
DA:1053,27
DA:1054,27
DA:1056,27
DA:1057,0
DA:1058,0
DA:1059,0
DA:1062,0
DA:1063,0
DA:1064,0
DA:1065,0
DA:1068,0
DA:1069,0
DA:1070,0
DA:1071,0
DA:1078,0
DA:1079,0
DA:1080,0
DA:1083,0
DA:1084,0
DA:1085,0
DA:1086,0
DA:1089,0
DA:1101,0
DA:1102,0
DA:1103,0
DA:1106,0
DA:1112,0
DA:1113,0
DA:1114,0
DA:1115,0
DA:1118,0
DA:1119,0
DA:1120,0
DA:1123,0
DA:1124,0
DA:1125,0
DA:1126,0
DA:1129,0
DA:1130,0
DA:1131,0
DA:1134,0
DA:1135,0
DA:1138,0
DA:1139,0
DA:1140,0
DA:1141,0
DA:1142,0
DA:1143,0
DA:1144,0
DA:1145,0
DA:1149,0
DA:1150,0
DA:1152,0
DA:1153,0
DA:1155,0
DA:1161,28
DA:1162,27
DA:1163,27
DA:1169,28
DA:1170,27
DA:1171,27
DA:1182,27
DA:1183,0
DA:1186,27
DA:1192,27
DA:1193,27
DA:1194,0
DA:1197,27
DA:1198,27
DA:1200,27
DA:1201,27
DA:1202,0
DA:1205,27
DA:1206,10
DA:1207,10
DA:1213,17
DA:1214,17
DA:1216,17
DA:1217,0
DA:1220,17
DA:1221,17
DA:1222,0
DA:1225,17
DA:1226,17
DA:1227,17
DA:1229,17
DA:1230,17
DA:1233,17
DA:1234,17
DA:1235,17
DA:1236,17
DA:1237,17
DA:1238,17
DA:1239,17
DA:1240,0
DA:1244,17
DA:1245,17
DA:1247,17
DA:1249,17
DA:1255,0
DA:1263,1
DA:1269,55
DA:1270,27
DA:1275,28
DA:1278,11
DA:1279,1
DA:1280,1
DA:1281,0
DA:1303,1
DA:1304,1
DA:1306,1
DA:1307,1
DA:1308,0
DA:1309,1
DA:1310,0
DA:1311,1
DA:1312,0
DA:1313,0
DA:1314,1
DA:1315,1
DA:1316,1
DA:1319,1
DA:1320,1
DA:1322,1
DA:1323,0
DA:1325,1
DA:1326,0
DA:1328,1
DA:1329,0
DA:1335,1
DA:1336,0
DA:1338,1
DA:1339,0
DA:1340,0
DA:1341,0
DA:1343,0
DA:1347,1
DA:1348,1
DA:1349,1
DA:1350,0
DA:1351,0
DA:1352,0
DA:1354,0
DA:1355,0
DA:1359,1
DA:1360,1
DA:1366,1
DA:1367,1
DA:1368,0
DA:1371,1
DA:1372,1
DA:1373,1
DA:1374,1
DA:1375,1
DA:1376,0
DA:1377,0
DA:1378,0
DA:1384,1
DA:1385,0
DA:1386,0
DA:1389,1
DA:1391,1
DA:1392,1
DA:1394,1
DA:1406,0
DA:1415,11
DA:1416,0
DA:1417,0
DA:1419,0
DA:1420,0
DA:1426,0
DA:1428,0
DA:1429,0
DA:1435,0
DA:1437,0
DA:1443,0
DA:1452,11
DA:1453,0
DA:1454,0
DA:1455,0
DA:1457,0
DA:1458,0
DA:1464,0
DA:1465,0
DA:1466,0
DA:1467,0
DA:1468,0
DA:1469,0
DA:1471,0
DA:1472,0
DA:1476,0
DA:1477,0
DA:1478,0
DA:1479,0
DA:1481,0
DA:1482,0
DA:1483,0
DA:1487,0
DA:1488,0
DA:1490,0
DA:1501,0
LF:584
LH:387
BRDA:6,0,0,52
BRDA:6,0,1,0
BRDA:11,1,0,70
BRDA:11,1,1,50
BRDA:15,2,0,50
BRDA:15,2,1,0
BRDA:15,3,0,50
BRDA:15,3,1,50
BRDA:26,4,0,50
BRDA:26,4,1,0
BRDA:27,5,0,50
BRDA:27,5,1,27
BRDA:41,6,0,0
BRDA:41,6,1,50
BRDA:48,7,0,2
BRDA:48,7,1,42
BRDA:53,8,0,0
BRDA:53,8,1,42
BRDA:61,9,0,47
BRDA:61,9,1,0
BRDA:62,10,0,47
BRDA:62,10,1,47
BRDA:70,11,0,0
BRDA:70,11,1,136
BRDA:74,12,0,89
BRDA:74,12,1,47
BRDA:78,13,0,47
BRDA:78,13,1,0
BRDA:79,14,0,47
BRDA:79,14,1,0
BRDA:82,15,0,0
BRDA:82,15,1,0
BRDA:90,16,0,0
BRDA:92,17,0,89
BRDA:92,17,1,0
BRDA:92,17,2,0
BRDA:92,17,3,0
BRDA:99,18,0,0
BRDA:99,19,0,0
BRDA:101,20,0,8
BRDA:101,20,1,0
BRDA:104,21,0,47
BRDA:104,21,1,8
BRDA:114,22,0,4
BRDA:114,22,1,0
BRDA:115,23,0,4
BRDA:115,23,1,0
BRDA:119,24,0,0
BRDA:119,25,0,28
BRDA:122,26,0,47
BRDA:122,26,1,0
BRDA:123,27,0,0
BRDA:123,27,1,47
BRDA:123,28,0,47
BRDA:123,28,1,0
BRDA:123,28,2,0
BRDA:123,28,3,0
BRDA:125,29,0,0
BRDA:125,29,1,0
BRDA:133,30,0,47
BRDA:133,30,1,0
BRDA:139,31,0,0
BRDA:139,31,1,0
BRDA:140,32,0,0
BRDA:140,32,1,0
BRDA:140,32,2,0
BRDA:140,32,3,0
BRDA:141,33,0,0
BRDA:141,33,1,0
BRDA:147,34,0,0
BRDA:147,34,1,0
BRDA:147,35,0,0
BRDA:147,35,1,0
BRDA:160,36,0,0
BRDA:160,37,0,0
BRDA:160,38,0,0
BRDA:163,39,0,19
BRDA:163,39,1,0
BRDA:164,40,0,19
BRDA:164,40,1,19
BRDA:164,40,2,0
BRDA:165,41,0,19
BRDA:165,41,1,2
BRDA:166,42,0,19
BRDA:166,42,1,0
BRDA:168,43,0,19
BRDA:168,43,1,19
BRDA:170,44,0,7
BRDA:170,44,1,8
BRDA:174,45,0,8
BRDA:174,45,1,0
BRDA:174,46,0,8
BRDA:174,46,1,0
BRDA:177,47,0,8
BRDA:177,47,1,0
BRDA:178,48,0,8
BRDA:178,48,1,0
BRDA:188,49,0,0
BRDA:188,50,0,0
BRDA:189,51,0,15
BRDA:189,51,1,0
BRDA:193,52,0,8
BRDA:193,52,1,7
BRDA:199,53,0,2
BRDA:199,53,1,5
BRDA:203,54,0,5
BRDA:203,54,1,0
BRDA:204,55,0,5
BRDA:204,55,1,0
BRDA:210,56,0,5
BRDA:210,56,1,22
BRDA:214,57,0,22
BRDA:214,57,1,0
BRDA:215,58,0,0
BRDA:215,58,1,22
BRDA:225,59,0,22
BRDA:225,59,1,10
BRDA:235,60,0,0
BRDA:236,61,0,4
BRDA:236,61,1,0
BRDA:237,62,0,0
BRDA:237,62,1,4
BRDA:242,63,0,3
BRDA:242,63,1,0
BRDA:245,64,0,1
BRDA:245,64,1,3
BRDA:246,65,0,1
BRDA:246,65,1,0
BRDA:246,66,0,1
BRDA:246,66,1,0
BRDA:247,67,0,0
BRDA:247,67,1,1
BRDA:247,68,0,1
BRDA:247,68,1,1
BRDA:255,69,0,3
BRDA:255,69,1,0
BRDA:256,70,0,3
BRDA:256,70,1,3
BRDA:262,71,0,45
BRDA:262,71,1,45
BRDA:264,72,0,0
BRDA:265,73,0,45
BRDA:265,73,1,0
BRDA:271,74,0,17
BRDA:273,75,0,17
BRDA:273,75,1,0
BRDA:274,76,0,17
BRDA:274,76,1,0
BRDA:274,77,0,17
BRDA:274,77,1,0
BRDA:274,77,2,0
BRDA:274,77,3,0
BRDA:274,77,4,0
BRDA:276,78,0,17
BRDA:276,78,1,0
BRDA:277,79,0,17
BRDA:277,79,1,4
BRDA:277,79,2,4
BRDA:277,79,3,0
BRDA:280,80,0,17
BRDA:280,80,1,0
BRDA:283,81,0,5
BRDA:283,81,1,12
BRDA:302,82,0,5
BRDA:302,82,1,4
BRDA:303,83,0,5
BRDA:303,83,1,5
BRDA:320,84,0,16
BRDA:320,84,1,0
BRDA:335,85,0,5
BRDA:335,85,1,7
BRDA:335,86,0,12
BRDA:335,86,1,5
BRDA:340,87,0,7
BRDA:340,87,1,1
BRDA:348,88,0,16
BRDA:348,88,1,0
BRDA:349,89,0,16
BRDA:349,89,1,0
BRDA:350,90,0,16
BRDA:350,90,1,1
BRDA:352,91,0,0
BRDA:352,91,1,16
BRDA:352,92,0,16
BRDA:352,92,1,16
BRDA:363,93,0,3
BRDA:363,93,1,13
BRDA:389,94,0,20
BRDA:389,94,1,1
BRDA:412,95,0,12
BRDA:412,95,1,0
BRDA:413,96,0,12
BRDA:413,96,1,12
BRDA:427,97,0,47
BRDA:427,97,1,0
BRDA:431,98,0,47
BRDA:431,98,1,0
BRDA:437,99,0,47
BRDA:437,99,1,29
BRDA:438,100,0,47
BRDA:438,100,1,29
BRDA:444,101,0,47
BRDA:444,101,1,47
BRDA:445,102,0,47
BRDA:445,102,1,47
BRDA:447,103,0,47
BRDA:447,103,1,0
BRDA:447,104,0,47
BRDA:447,104,1,47
BRDA:448,105,0,47
BRDA:448,105,1,46
BRDA:450,106,0,47
BRDA:450,106,1,0
BRDA:450,106,2,0
BRDA:450,106,3,0
BRDA:450,106,4,0
BRDA:451,107,0,47
BRDA:451,107,1,0
BRDA:451,107,2,0
BRDA:451,107,3,0
BRDA:459,108,0,47
BRDA:459,108,1,0
BRDA:464,109,0,0
BRDA:464,109,1,0
BRDA:466,110,0,47
BRDA:466,110,1,0
BRDA:467,111,0,47
BRDA:467,111,1,0
BRDA:469,112,0,47
BRDA:469,112,1,0
BRDA:480,113,0,47
BRDA:480,113,1,0
BRDA:480,113,2,0
BRDA:481,114,0,47
BRDA:481,114,1,0
BRDA:481,114,2,0
BRDA:482,115,0,35
BRDA:482,115,1,12
BRDA:488,116,0,47
BRDA:488,116,1,47
BRDA:489,117,0,47
BRDA:489,117,1,47
BRDA:490,118,0,47
BRDA:490,118,1,0
BRDA:491,119,0,47
BRDA:491,119,1,0
BRDA:492,120,0,47
BRDA:492,120,1,47
BRDA:493,121,0,47
BRDA:493,121,1,47
BRDA:494,122,0,47
BRDA:494,122,1,13
BRDA:495,123,0,47
BRDA:495,123,1,13
BRDA:496,124,0,47
BRDA:496,124,1,36
BRDA:497,125,0,47
BRDA:497,125,1,36
BRDA:498,126,0,47
BRDA:498,126,1,0
BRDA:499,127,0,47
BRDA:499,127,1,0
BRDA:500,128,0,47
BRDA:500,128,1,3
BRDA:501,129,0,47
BRDA:501,129,1,3
BRDA:502,130,0,47
BRDA:502,130,1,20
BRDA:503,131,0,47
BRDA:503,131,1,20
BRDA:504,132,0,47
BRDA:504,132,1,20
BRDA:505,133,0,47
BRDA:505,133,1,20
BRDA:506,134,0,47
BRDA:506,134,1,20
BRDA:507,135,0,47
BRDA:507,135,1,20
BRDA:508,136,0,47
BRDA:508,136,1,20
BRDA:509,137,0,47
BRDA:509,137,1,20
BRDA:510,138,0,47
BRDA:510,138,1,38
BRDA:511,139,0,47
BRDA:511,139,1,38
BRDA:515,140,0,47
BRDA:515,140,1,9
BRDA:515,140,2,0
BRDA:516,141,0,47
BRDA:516,141,1,9
BRDA:516,141,2,0
BRDA:524,142,0,0
BRDA:524,143,0,48
BRDA:525,144,0,23
BRDA:525,144,1,48
BRDA:525,145,0,71
BRDA:525,145,1,46
BRDA:526,146,0,23
BRDA:526,146,1,4
BRDA:526,146,2,4
BRDA:532,147,0,25
BRDA:532,147,1,23
BRDA:577,148,0,47
BRDA:577,148,1,9
BRDA:581,149,0,47
BRDA:581,149,1,45
BRDA:581,150,0,47
BRDA:581,150,1,0
BRDA:582,151,0,45
BRDA:582,151,1,0
BRDA:583,152,0,2
BRDA:583,152,1,45
BRDA:584,153,0,2
BRDA:584,153,1,0
BRDA:587,154,0,47
BRDA:587,154,1,8
BRDA:587,154,2,8
BRDA:588,155,0,47
BRDA:588,155,1,39
BRDA:588,155,2,39
BRDA:589,156,0,47
BRDA:589,156,1,0
BRDA:589,156,2,0
BRDA:590,157,0,47
BRDA:590,157,1,47
BRDA:590,157,2,47
BRDA:591,158,0,47
BRDA:591,158,1,9
BRDA:591,158,2,9
BRDA:591,158,3,9
BRDA:592,159,0,47
BRDA:592,159,1,9
BRDA:592,159,2,9
BRDA:592,159,3,9
BRDA:593,160,0,47
BRDA:593,160,1,2
BRDA:593,160,2,2
BRDA:593,160,3,2
BRDA:593,160,4,2
BRDA:594,161,0,47
BRDA:594,161,1,47
BRDA:594,161,2,47
BRDA:596,162,0,47
BRDA:596,162,1,11
BRDA:597,163,0,47
BRDA:597,163,1,11
BRDA:598,164,0,47
BRDA:598,164,1,47
BRDA:598,164,2,11
BRDA:599,165,0,47
BRDA:599,165,1,47
BRDA:599,165,2,47
BRDA:600,166,0,47
BRDA:600,166,1,47
BRDA:600,166,2,47
BRDA:601,167,0,47
BRDA:601,167,1,47
BRDA:601,167,2,47
BRDA:602,168,0,47
BRDA:602,168,1,31
BRDA:602,168,2,31
BRDA:603,169,0,47
BRDA:603,169,1,33
BRDA:603,169,2,33
BRDA:604,170,0,14
BRDA:604,170,1,33
BRDA:605,171,0,47
BRDA:605,171,1,11
BRDA:605,171,2,11
BRDA:606,172,0,47
BRDA:606,172,1,11
BRDA:606,172,2,11
BRDA:608,173,0,36
BRDA:608,173,1,11
BRDA:609,174,0,47
BRDA:609,174,1,47
BRDA:610,175,0,47
BRDA:610,175,1,47
BRDA:610,176,0,11
BRDA:610,176,1,36
BRDA:614,177,0,39
BRDA:614,177,1,8
BRDA:614,178,0,47
BRDA:614,178,1,36
BRDA:615,179,0,0
BRDA:615,179,1,39
BRDA:615,180,0,39
BRDA:615,180,1,39
BRDA:619,181,0,11
BRDA:619,181,1,36
BRDA:620,182,0,0
BRDA:620,182,1,11
BRDA:620,183,0,11
BRDA:620,183,1,11
BRDA:623,184,0,1
BRDA:623,184,1,10
BRDA:623,185,0,11
BRDA:623,185,1,11
BRDA:627,186,0,28
BRDA:627,186,1,19
BRDA:628,187,0,0
BRDA:628,187,1,28
BRDA:628,188,0,28
BRDA:628,188,1,0
BRDA:632,189,0,8
BRDA:632,189,1,39
BRDA:633,190,0,0
BRDA:633,190,1,8
BRDA:633,191,0,8
BRDA:633,191,1,8
BRDA:636,192,0,8
BRDA:636,192,1,0
BRDA:636,193,0,8
BRDA:636,193,1,0
BRDA:642,194,0,0
BRDA:642,194,1,47
BRDA:642,195,0,47
BRDA:642,195,1,47
BRDA:642,195,2,47
BRDA:647,196,0,36
BRDA:647,196,1,11
BRDA:647,197,0,47
BRDA:647,197,1,39
BRDA:648,198,0,0
BRDA:648,198,1,36
BRDA:648,199,0,36
BRDA:648,199,1,36
BRDA:648,199,2,36
BRDA:651,200,0,0
BRDA:651,200,1,36
BRDA:654,201,0,0
BRDA:654,201,1,36
BRDA:654,202,0,36
BRDA:654,202,1,36
BRDA:657,203,0,0
BRDA:657,203,1,36
BRDA:658,204,0,36
BRDA:658,204,1,36
BRDA:658,204,2,36
BRDA:658,204,3,36
BRDA:667,205,0,1
BRDA:667,205,1,46
BRDA:668,206,0,1
BRDA:668,206,1,0
BRDA:680,207,0,38
BRDA:680,207,1,8
BRDA:683,208,0,38
BRDA:683,208,1,0
BRDA:685,209,0,0
BRDA:685,209,1,38
BRDA:685,210,0,38
BRDA:685,210,1,38
BRDA:690,211,0,0
BRDA:690,211,1,38
BRDA:690,212,0,38
BRDA:690,212,1,38
BRDA:690,212,2,38
BRDA:701,213,0,0
BRDA:701,213,1,19
BRDA:706,214,0,4
BRDA:706,214,1,15
BRDA:712,215,0,15
BRDA:712,215,1,0
BRDA:717,216,0,0
BRDA:717,216,1,15
BRDA:725,217,0,15
BRDA:725,217,1,0
BRDA:726,218,0,15
BRDA:726,218,1,15
BRDA:726,218,2,15
BRDA:726,218,3,15
BRDA:726,218,4,15
BRDA:727,219,0,15
BRDA:727,219,1,0
BRDA:727,220,0,0
BRDA:727,220,1,0
BRDA:728,221,0,15
BRDA:728,221,1,0
BRDA:744,222,0,4
BRDA:744,222,1,0
BRDA:744,222,2,0
BRDA:744,222,3,0
BRDA:746,223,0,0
BRDA:746,223,1,4
BRDA:746,224,0,4
BRDA:746,224,1,4
BRDA:751,225,0,0
BRDA:751,225,1,4
BRDA:751,226,0,4
BRDA:751,226,1,4
BRDA:751,226,2,4
BRDA:756,227,0,4
BRDA:756,227,1,0
BRDA:756,228,0,4
BRDA:756,228,1,0
BRDA:757,229,0,4
BRDA:757,229,1,4
BRDA:757,229,2,4
BRDA:757,229,3,4
BRDA:757,229,4,4
BRDA:757,229,5,0
BRDA:758,230,0,4
BRDA:758,230,1,0
BRDA:758,230,2,0
BRDA:763,231,0,4
BRDA:763,231,1,0
BRDA:766,232,0,4
BRDA:766,232,1,4
BRDA:767,233,0,4
BRDA:767,233,1,4
BRDA:768,234,0,4
BRDA:768,234,1,4
BRDA:775,235,0,4
BRDA:775,235,1,19
BRDA:776,236,0,0
BRDA:776,236,1,4
BRDA:787,237,0,15
BRDA:787,237,1,4
BRDA:795,238,0,0
BRDA:795,238,1,15
BRDA:799,239,0,15
BRDA:799,239,1,15
BRDA:800,240,0,7
BRDA:800,240,1,8
BRDA:801,241,0,7
BRDA:801,241,1,0
BRDA:802,242,0,14
BRDA:802,242,1,0
BRDA:803,243,0,26
BRDA:803,243,1,0
BRDA:803,244,0,26
BRDA:803,244,1,0
BRDA:806,245,0,14
BRDA:806,245,1,0
BRDA:806,245,2,0
BRDA:807,246,0,0
BRDA:807,246,1,14
BRDA:807,247,0,14
BRDA:807,247,1,14
BRDA:807,248,0,14
BRDA:807,248,1,0
BRDA:811,249,0,14
BRDA:811,249,1,0
BRDA:814,250,0,7
BRDA:814,250,1,0
BRDA:815,251,0,19
BRDA:815,251,1,0
BRDA:815,251,2,0
BRDA:818,252,0,11
BRDA:818,252,1,0
BRDA:818,252,2,0
BRDA:821,253,0,8
BRDA:821,253,1,0
BRDA:821,254,0,8
BRDA:821,254,1,0
BRDA:827,255,0,3
BRDA:827,255,1,12
BRDA:827,256,0,15
BRDA:827,256,1,3
BRDA:833,257,0,1
BRDA:833,257,1,2
BRDA:846,258,0,2
BRDA:846,258,1,1
BRDA:846,259,0,3
BRDA:846,259,1,3
BRDA:846,259,2,3
BRDA:846,260,0,3
BRDA:846,260,1,1
BRDA:848,261,0,2
BRDA:848,261,1,0
BRDA:849,262,0,2
BRDA:849,262,1,0
BRDA:855,263,0,3
BRDA:855,263,1,0
BRDA:856,264,0,3
BRDA:856,264,1,0
BRDA:861,265,0,5
BRDA:861,265,1,0
BRDA:872,266,0,19
BRDA:872,266,1,4
BRDA:875,267,0,19
BRDA:875,267,1,0
BRDA:880,268,0,16
BRDA:880,268,1,3
BRDA:880,269,0,19
BRDA:880,269,1,15
BRDA:886,270,0,19
BRDA:886,270,1,0
BRDA:887,271,0,19
BRDA:887,271,1,0
BRDA:889,272,0,6
BRDA:889,272,1,13
BRDA:889,273,0,19
BRDA:889,273,1,6
BRDA:890,274,0,0
BRDA:890,274,1,19
BRDA:891,275,0,16
BRDA:891,275,1,3
BRDA:891,276,0,19
BRDA:891,276,1,16
BRDA:900,277,0,19
BRDA:900,277,1,18
BRDA:903,278,0,0
BRDA:903,278,1,19
BRDA:905,279,0,0
BRDA:905,279,1,19
BRDA:914,280,0,4
BRDA:914,280,1,15
BRDA:916,281,0,12
BRDA:916,281,1,3
BRDA:917,282,0,12
BRDA:917,282,1,0
BRDA:917,282,2,0
BRDA:922,283,0,23
BRDA:922,283,1,1
BRDA:930,284,0,23
BRDA:930,284,1,1
BRDA:930,285,0,24
BRDA:930,285,1,24
BRDA:941,286,0,24
BRDA:941,286,1,24
BRDA:952,287,0,1
BRDA:952,287,1,0
BRDA:954,288,0,0
BRDA:954,288,1,1
BRDA:959,289,0,0
BRDA:959,289,1,0
BRDA:963,290,0,0
BRDA:963,290,1,0
BRDA:963,290,2,0
BRDA:964,291,0,0
BRDA:964,291,1,0
BRDA:968,292,0,0
BRDA:968,292,1,0
BRDA:968,292,2,0
BRDA:971,293,0,0
BRDA:971,293,1,0
BRDA:973,294,0,0
BRDA:973,294,1,0
BRDA:974,295,0,0
BRDA:974,295,1,0
BRDA:974,295,2,0
BRDA:974,295,3,0
BRDA:975,296,0,0
BRDA:975,296,1,0
BRDA:975,296,2,0
BRDA:975,296,3,0
BRDA:977,297,0,0
BRDA:977,297,1,0
BRDA:978,298,0,0
BRDA:978,298,1,0
BRDA:979,299,0,0
BRDA:979,299,1,0
BRDA:979,300,0,0
BRDA:979,300,1,0
BRDA:993,301,0,0
BRDA:993,301,1,0
BRDA:993,302,0,0
BRDA:993,302,1,0
BRDA:997,303,0,0
BRDA:997,303,1,0
BRDA:1015,304,0,0
BRDA:1020,305,0,0
BRDA:1020,305,1,55
BRDA:1024,306,0,28
BRDA:1024,306,1,27
BRDA:1026,307,0,0
BRDA:1026,307,1,27
BRDA:1030,308,0,27
BRDA:1030,308,1,0
BRDA:1051,309,0,27
BRDA:1051,309,1,0
BRDA:1057,310,0,0
BRDA:1057,310,1,0
BRDA:1062,311,0,0
BRDA:1062,311,1,0
BRDA:1063,312,0,0
BRDA:1063,312,1,0
BRDA:1068,313,0,0
BRDA:1068,313,1,0
BRDA:1068,314,0,0
BRDA:1068,314,1,0
BRDA:1078,315,0,0
BRDA:1078,315,1,0
BRDA:1078,316,0,0
BRDA:1078,316,1,0
BRDA:1083,317,0,0
BRDA:1083,317,1,0
BRDA:1084,318,0,0
BRDA:1084,318,1,0
BRDA:1090,319,0,0
BRDA:1090,319,1,0
BRDA:1090,319,2,0
BRDA:1090,319,3,0
BRDA:1090,319,4,0
BRDA:1090,319,5,0
BRDA:1090,319,6,0
BRDA:1090,319,7,0
BRDA:1090,319,8,0
BRDA:1101,320,0,0
BRDA:1101,320,1,0
BRDA:1106,321,0,0
BRDA:1106,321,1,0
BRDA:1106,321,2,0
BRDA:1106,321,3,0
BRDA:1106,321,4,0
BRDA:1106,321,5,0
BRDA:1112,322,0,0
BRDA:1112,322,1,0
BRDA:1113,323,0,0
BRDA:1113,323,1,0
BRDA:1113,324,0,0
BRDA:1113,324,1,0
BRDA:1118,325,0,0
BRDA:1118,325,1,0
BRDA:1118,326,0,0
BRDA:1118,326,1,0
BRDA:1123,327,0,0
BRDA:1123,327,1,0
BRDA:1123,328,0,0
BRDA:1123,328,1,0
BRDA:1124,329,0,0
BRDA:1124,329,1,0
BRDA:1134,330,0,0
BRDA:1134,330,1,0
BRDA:1142,331,0,0
BRDA:1142,331,1,0
BRDA:1143,332,0,0
BRDA:1143,332,1,0
BRDA:1144,333,0,0
BRDA:1144,333,1,0
BRDA:1144,334,0,0
BRDA:1144,334,1,0
BRDA:1145,335,0,0
BRDA:1145,335,1,0
BRDA:1146,336,0,0
BRDA:1146,336,1,0
BRDA:1147,337,0,0
BRDA:1147,337,1,0
BRDA:1161,338,0,27
BRDA:1161,338,1,1
BRDA:1169,339,0,27
BRDA:1169,339,1,1
BRDA:1172,340,0,27
BRDA:1172,340,1,7
BRDA:1172,340,2,7
BRDA:1172,340,3,7
BRDA:1172,340,4,7
BRDA:1172,340,5,7
BRDA:1172,340,6,0
BRDA:1172,340,7,0
BRDA:1172,340,8,0
BRDA:1182,341,0,0
BRDA:1182,341,1,27
BRDA:1186,342,0,27
BRDA:1186,342,1,7
BRDA:1186,342,2,7
BRDA:1186,342,3,7
BRDA:1186,342,4,7
BRDA:1186,342,5,0
BRDA:1192,343,0,27
BRDA:1192,343,1,0
BRDA:1193,344,0,0
BRDA:1193,344,1,27
BRDA:1193,345,0,27
BRDA:1193,345,1,27
BRDA:1198,346,0,0
BRDA:1198,346,1,27
BRDA:1200,347,0,27
BRDA:1200,347,1,0
BRDA:1201,348,0,0
BRDA:1201,348,1,27
BRDA:1205,349,0,10
BRDA:1205,349,1,17
BRDA:1205,350,0,27
BRDA:1205,350,1,17
BRDA:1213,351,0,17
BRDA:1213,351,1,0
BRDA:1214,352,0,0
BRDA:1214,352,1,17
BRDA:1216,353,0,0
BRDA:1216,353,1,17
BRDA:1216,354,0,17
BRDA:1216,354,1,17
BRDA:1220,355,0,17
BRDA:1220,355,1,17
BRDA:1220,356,0,17
BRDA:1220,356,1,0
BRDA:1221,357,0,0
BRDA:1221,357,1,17
BRDA:1229,358,0,17
BRDA:1229,358,1,0
BRDA:1237,359,0,17
BRDA:1237,359,1,17
BRDA:1238,360,0,17
BRDA:1238,360,1,15
BRDA:1239,361,0,0
BRDA:1239,361,1,17
BRDA:1239,362,0,17
BRDA:1239,362,1,17
BRDA:1240,363,0,0
BRDA:1240,363,1,0
BRDA:1241,364,0,0
BRDA:1241,364,1,0
BRDA:1242,365,0,0
BRDA:1242,365,1,0
BRDA:1269,366,0,27
BRDA:1269,366,1,28
BRDA:1280,367,0,0
BRDA:1280,367,1,1
BRDA:1301,368,0,1
BRDA:1302,369,0,1
BRDA:1306,370,0,1
BRDA:1306,370,1,0
BRDA:1307,371,0,0
BRDA:1307,371,1,1
BRDA:1309,372,0,0
BRDA:1309,372,1,1
BRDA:1311,373,0,0
BRDA:1311,373,1,1
BRDA:1314,374,0,1
BRDA:1314,374,1,0
BRDA:1319,375,0,1
BRDA:1319,375,1,1
BRDA:1320,376,0,1
BRDA:1320,376,1,1
BRDA:1322,377,0,0
BRDA:1322,377,1,1
BRDA:1325,378,0,0
BRDA:1325,378,1,1
BRDA:1328,379,0,0
BRDA:1328,379,1,1
BRDA:1335,380,0,0
BRDA:1335,380,1,1
BRDA:1338,381,0,0
BRDA:1338,381,1,1
BRDA:1340,382,0,0
BRDA:1340,382,1,0
BRDA:1347,383,0,1
BRDA:1347,383,1,1
BRDA:1348,384,0,1
BRDA:1348,384,1,1
BRDA:1349,385,0,0
BRDA:1349,385,1,1
BRDA:1349,386,0,1
BRDA:1349,386,1,1
BRDA:1351,387,0,0
BRDA:1351,387,1,0
BRDA:1354,388,0,0
BRDA:1354,388,1,0
BRDA:1366,389,0,1
BRDA:1366,389,1,1
BRDA:1367,390,0,0
BRDA:1367,390,1,1
BRDA:1373,391,0,1
BRDA:1373,391,1,0
BRDA:1374,392,0,1
BRDA:1374,392,1,0
BRDA:1374,393,0,1
BRDA:1374,393,1,1
BRDA:1375,394,0,0
BRDA:1375,394,1,1
BRDA:1375,395,0,1
BRDA:1375,395,1,0
BRDA:1376,396,0,0
BRDA:1376,396,1,0
BRDA:1376,396,2,0
BRDA:1377,397,0,0
BRDA:1377,397,1,0
BRDA:1384,398,0,0
BRDA:1384,398,1,1
BRDA:1419,399,0,0
BRDA:1419,399,1,0
BRDA:1428,400,0,0
BRDA:1428,400,1,0
BRDA:1457,401,0,0
BRDA:1457,401,1,0
BRDA:1464,402,0,0
BRDA:1464,402,1,0
BRDA:1465,403,0,0
BRDA:1465,403,1,0
BRDA:1466,404,0,0
BRDA:1466,404,1,0
BRDA:1466,405,0,0
BRDA:1466,405,1,0
BRDA:1468,406,0,0
BRDA:1468,406,1,0
BRDA:1471,407,0,0
BRDA:1471,407,1,0
BRDA:1478,408,0,0
BRDA:1478,408,1,0
BRDA:1483,409,0,0
BRDA:1483,409,1,0
BRDA:1488,410,0,0
BRDA:1488,410,1,0
BRF:896
BRH:530
end_of_record
TN:
SF:src\middlewares\errorHandler.js
FN:1,(anonymous_0)
FNF:1
FNH:0
FNDA:0,(anonymous_0)
DA:1,11
DA:2,0
DA:4,0
LF:3
LH:1
BRDA:4,0,0,0
BRDA:4,0,1,0
BRDA:6,1,0,0
BRDA:6,1,1,0
BRDA:7,2,0,0
BRDA:7,2,1,0
BRF:6
BRH:0
end_of_record
TN:
SF:src\middlewares\securityGuards.js
FN:5,(anonymous_0)
FN:6,(anonymous_1)
FN:12,(anonymous_2)
FN:24,(anonymous_3)
FN:30,(anonymous_4)
FN:76,(anonymous_5)
FNF:6
FNH:6
FNDA:51,(anonymous_0)
FNDA:51,(anonymous_1)
FNDA:51,(anonymous_2)
FNDA:99,(anonymous_3)
FNDA:99,(anonymous_4)
FNDA:115,(anonymous_5)
DA:1,11
DA:2,11
DA:3,11
DA:5,51
DA:6,11
DA:7,51
DA:8,51
DA:9,51
DA:12,11
DA:13,51
DA:17,51
DA:18,16
DA:19,16
DA:21,35
DA:24,11
DA:25,99
DA:26,99
DA:27,48
DA:30,11
DA:31,99
DA:33,99
DA:34,51
DA:35,35
DA:36,35
DA:41,35
DA:44,16
DA:50,48
DA:51,48
DA:52,32
DA:54,32
DA:61,32
DA:63,16
DA:69,16
DA:76,11
DA:77,115
DA:78,99
DA:81,16
DA:87,16
DA:93,11
LF:39
LH:39
BRDA:5,0,0,51
BRDA:5,0,1,0
BRDA:7,1,0,0
BRDA:7,1,1,51
BRDA:8,2,0,51
BRDA:8,2,1,35
BRDA:9,3,0,51
BRDA:9,3,1,35
BRDA:9,3,2,35
BRDA:12,4,0,0
BRDA:17,5,0,16
BRDA:17,5,1,35
BRDA:25,6,0,99
BRDA:25,6,1,51
BRDA:26,7,0,51
BRDA:26,7,1,48
BRDA:33,8,0,51
BRDA:33,8,1,48
BRDA:34,9,0,35
BRDA:34,9,1,16
BRDA:35,10,0,35
BRDA:35,10,1,35
BRDA:58,11,0,32
BRDA:58,11,1,0
BRDA:58,11,2,0
BRDA:77,12,0,99
BRDA:77,12,1,16
BRF:27
BRH:22
end_of_record
TN:
SF:src\models\Machine.js
FNF:0
FNH:0
DA:1,12
DA:3,12
DA:14,12
LF:3
LH:3
BRF:0
BRH:0
end_of_record
TN:
SF:src\models\Order.js
FN:14,(anonymous_0)
FNF:1
FNH:1
FNDA:3,(anonymous_0)
DA:1,12
DA:3,12
DA:11,12
DA:14,3
DA:30,12
LF:5
LH:5
BRF:0
BRH:0
end_of_record
TN:
SF:src\models\PurchaseOrder.js
FN:28,(anonymous_0)
FNF:1
FNH:1
FNDA:2,(anonymous_0)
DA:1,12
DA:3,12
DA:19,12
DA:28,2
DA:45,12
LF:5
LH:5
BRF:0
BRH:0
end_of_record
TN:
SF:src\models\SparePart.js
FN:3,(anonymous_0)
FN:5,(anonymous_1)
FN:50,(anonymous_2)
FN:58,(anonymous_3)
FN:60,(anonymous_4)
FN:135,(anonymous_5)
FNF:6
FNH:6
FNDA:69,(anonymous_0)
FNDA:69,(anonymous_1)
FNDA:51,(anonymous_2)
FNDA:28,(anonymous_3)
FNDA:27,(anonymous_4)
FNDA:46,(anonymous_5)
DA:1,13
DA:3,69
DA:5,13
DA:6,69
DA:7,69
DA:10,0
DA:13,13
DA:24,13
DA:43,13
DA:44,13
DA:45,13
DA:46,13
DA:47,13
DA:50,13
DA:51,51
DA:52,51
DA:53,51
DA:56,51
DA:58,28
DA:60,27
DA:63,51
DA:64,27
DA:67,51
DA:68,51
DA:69,51
DA:72,51
DA:73,51
DA:74,51
DA:75,51
DA:77,51
DA:78,46
DA:79,46
DA:81,46
DA:82,46
DA:84,46
DA:85,46
DA:86,46
DA:87,0
DA:88,0
DA:91,46
DA:92,0
DA:95,46
DA:96,0
DA:97,0
DA:100,46
DA:101,46
DA:102,46
DA:103,0
DA:104,0
DA:107,46
DA:108,46
DA:116,46
DA:117,46
DA:118,46
DA:119,45
DA:122,46
DA:130,51
DA:131,23
DA:134,51
DA:135,46
DA:136,23
DA:137,23
DA:143,51
DA:146,13
LF:64
LH:56
BRDA:3,0,0,69
BRDA:3,0,1,69
BRDA:5,1,0,0
BRDA:6,2,0,69
BRDA:6,2,1,0
BRDA:51,3,0,51
BRDA:51,3,1,0
BRDA:56,4,0,51
BRDA:56,4,1,0
BRDA:58,5,0,28
BRDA:58,5,1,1
BRDA:63,6,0,27
BRDA:63,6,1,24
BRDA:63,7,0,51
BRDA:63,7,1,27
BRDA:64,8,0,27
BRDA:64,8,1,0
BRDA:67,9,0,51
BRDA:67,9,1,0
BRDA:72,10,0,51
BRDA:72,10,1,0
BRDA:78,11,0,46
BRDA:78,11,1,0
BRDA:78,12,0,46
BRDA:78,12,1,46
BRDA:79,13,0,46
BRDA:79,13,1,5
BRDA:79,14,0,46
BRDA:79,14,1,0
BRDA:80,15,0,5
BRDA:80,15,1,0
BRDA:81,16,0,46
BRDA:81,16,1,0
BRDA:82,17,0,46
BRDA:82,17,1,0
BRDA:84,18,0,46
BRDA:84,18,1,0
BRDA:85,19,0,46
BRDA:85,19,1,0
BRDA:85,19,2,0
BRDA:86,20,0,0
BRDA:86,20,1,46
BRDA:86,21,0,46
BRDA:86,21,1,0
BRDA:91,22,0,0
BRDA:91,22,1,46
BRDA:95,23,0,0
BRDA:95,23,1,46
BRDA:100,24,0,46
BRDA:100,24,1,5
BRDA:100,24,2,0
BRDA:102,25,0,0
BRDA:102,25,1,46
BRDA:112,26,0,46
BRDA:112,26,1,6
BRDA:113,27,0,46
BRDA:113,27,1,0
BRDA:118,28,0,45
BRDA:118,28,1,1
BRDA:130,29,0,23
BRDA:130,29,1,28
BRDA:134,30,0,23
BRDA:134,30,1,28
BRDA:135,31,0,46
BRDA:135,31,1,1
BRDA:146,32,0,13
BRDA:146,32,1,13
BRF:67
BRH:45
end_of_record
TN:
SF:src\models\StoreOrder.js
FN:45,(anonymous_0)
FN:50,(anonymous_1)
FN:51,(anonymous_2)
FN:57,(anonymous_3)
FN:59,(anonymous_4)
FNF:5
FNH:0
FNDA:0,(anonymous_0)
FNDA:0,(anonymous_1)
FNDA:0,(anonymous_2)
FNDA:0,(anonymous_3)
FNDA:0,(anonymous_4)
DA:1,12
DA:3,12
DA:14,12
DA:23,12
DA:45,0
DA:50,0
DA:51,0
DA:57,12
DA:58,0
DA:59,0
DA:60,0
DA:63,12
DA:65,12
LF:13
LH:7
BRDA:45,0,0,0
BRDA:45,0,1,0
BRDA:58,1,0,0
BRDA:58,1,1,0
BRDA:59,2,0,0
BRDA:59,2,1,0
BRDA:65,3,0,12
BRDA:65,3,1,12
BRF:8
BRH:2
end_of_record
TN:
SF:src\models\Transfer.js
FNF:0
FNH:0
DA:1,12
DA:3,12
DA:10,12
DA:23,12
DA:32,12
DA:78,12
DA:79,12
DA:80,12
DA:81,12
DA:82,12
DA:83,12
DA:84,12
DA:85,12
DA:86,12
DA:87,12
DA:89,12
LF:16
LH:16
BRF:0
BRH:0
end_of_record
TN:
SF:src\models\index.js
FN:16,(anonymous_0)
FN:30,(anonymous_1)
FNF:2
FNH:2
FNDA:84,(anonymous_0)
FNDA:36,(anonymous_1)
DA:1,12
DA:3,12
DA:4,12
DA:7,12
DA:8,12
DA:9,12
DA:11,0
DA:12,0
DA:16,84
DA:17,12
DA:18,72
DA:19,60
DA:20,60
DA:21,60
DA:22,60
DA:24,0
DA:25,0
DA:30,12
DA:31,36
DA:32,12
DA:33,12
DA:34,12
DA:36,0
DA:37,0
DA:42,12
LF:25
LH:19
BRDA:16,0,0,84
BRDA:16,0,1,84
BRDA:18,1,0,12
BRDA:18,1,1,60
BRDA:31,2,0,12
BRDA:31,2,1,24
BRF:6
BRH:6
end_of_record
TN:
SF:src\routes\purchaseOrdersRoutes.js
FNF:0
FNH:0
DA:1,11
DA:2,11
DA:3,11
DA:4,11
DA:7,11
DA:10,11
DA:13,11
DA:16,11
DA:18,11
LF:9
LH:9
BRF:0
BRH:0
end_of_record
TN:
SF:src\routes\storeOrdersRoutes.js
FNF:0
FNH:0
DA:1,11
DA:2,11
DA:3,11
DA:4,11
DA:7,11
DA:10,11
DA:13,11
DA:16,11
DA:18,11
LF:9
LH:9
BRF:0
BRH:0
end_of_record
TN:
SF:src\routes\storeRoutes.js
FNF:0
FNH:0
DA:1,11
DA:2,11
DA:3,11
DA:4,11
DA:9,11
DA:11,11
DA:13,11
DA:15,11
DA:17,11
DA:19,11
LF:10
LH:10
BRF:0
BRH:0
end_of_record
TN:
SF:src\routes\transferRoutes.js
FNF:0
FNH:0
DA:1,11
DA:2,11
DA:3,11
DA:4,11
DA:7,11
DA:10,11
DA:13,11
DA:16,11
DA:18,11
DA:20,11
DA:23,11
DA:26,11
DA:28,11
LF:13
LH:13
BRF:0
BRH:0
end_of_record
TN:
SF:src\services\inventoryService.js
FN:5,(anonymous_0)
FN:7,(anonymous_1)
FN:15,(anonymous_2)
FN:33,(anonymous_3)
FN:50,(anonymous_4)
FN:100,(anonymous_5)
FNF:6
FNH:0
FNDA:0,(anonymous_0)
FNDA:0,(anonymous_1)
FNDA:0,(anonymous_2)
FNDA:0,(anonymous_3)
FNDA:0,(anonymous_4)
FNDA:0,(anonymous_5)
DA:1,11
DA:2,11
DA:3,11
DA:5,11
DA:7,11
DA:8,0
DA:9,0
DA:10,0
DA:12,0
DA:15,11
DA:16,0
DA:17,0
DA:18,0
DA:21,0
DA:22,0
DA:25,0
DA:26,0
DA:27,0
DA:30,0
DA:33,11
DA:34,0
DA:35,0
DA:36,0
DA:39,0
DA:50,11
DA:51,0
DA:52,0
DA:53,0
DA:56,0
DA:57,0
DA:58,0
DA:60,0
DA:61,0
DA:67,0
DA:70,0
DA:77,0
DA:78,0
DA:79,0
DA:81,0
DA:82,0
DA:85,0
DA:86,0
DA:87,0
DA:90,0
DA:96,0
DA:100,11
DA:101,0
DA:102,0
DA:103,0
DA:106,0
DA:107,0
DA:108,0
DA:110,0
DA:111,0
DA:114,0
DA:115,0
DA:116,0
DA:122,0
DA:128,0
DA:131,11
LF:60
LH:10
BRDA:5,0,0,0
BRDA:5,0,1,0
BRDA:8,1,0,0
BRDA:8,1,1,0
BRDA:9,2,0,0
BRDA:9,2,1,0
BRDA:9,3,0,0
BRDA:9,3,1,0
BRDA:17,4,0,0
BRDA:17,4,1,0
BRDA:21,5,0,0
BRDA:21,5,1,0
BRDA:21,6,0,0
BRDA:21,6,1,0
BRDA:26,7,0,0
BRDA:26,7,1,0
BRDA:33,8,0,0
BRDA:35,9,0,0
BRDA:35,9,1,0
BRDA:42,10,0,0
BRDA:42,10,1,0
BRDA:50,11,0,0
BRDA:50,12,0,0
BRDA:50,13,0,0
BRDA:50,14,0,0
BRDA:52,15,0,0
BRDA:52,15,1,0
BRDA:56,16,0,0
BRDA:56,16,1,0
BRDA:60,17,0,0
BRDA:60,17,1,0
BRDA:81,18,0,0
BRDA:81,18,1,0
BRDA:86,19,0,0
BRDA:86,19,1,0
BRDA:100,20,0,0
BRDA:100,21,0,0
BRDA:100,22,0,0
BRDA:102,23,0,0
BRDA:102,23,1,0
BRDA:106,24,0,0
BRDA:106,24,1,0
BRDA:110,25,0,0
BRDA:110,25,1,0
BRDA:111,26,0,0
BRDA:111,26,1,0
BRDA:114,27,0,0
BRDA:114,27,1,0
BRDA:115,28,0,0
BRDA:115,28,1,0
BRDA:118,29,0,0
BRDA:118,29,1,0
BRDA:118,29,2,0
BRF:53
BRH:0
end_of_record
TN:
SF:src\utils\sparePartDedup.js
FN:1,(anonymous_0)
FN:3,(anonymous_1)
FN:6,(anonymous_2)
FN:11,(anonymous_3)
FN:21,(anonymous_4)
FN:46,(anonymous_5)
FN:114,(anonymous_6)
FN:123,(anonymous_7)
FNF:8
FNH:4
FNDA:1,(anonymous_0)
FNDA:1,(anonymous_1)
FNDA:8,(anonymous_2)
FNDA:0,(anonymous_3)
FNDA:0,(anonymous_4)
FNDA:1,(anonymous_5)
FNDA:0,(anonymous_6)
FNDA:0,(anonymous_7)
DA:1,12
DA:3,12
DA:4,1
DA:6,8
DA:11,12
DA:12,0
DA:14,0
DA:15,0
DA:16,0
DA:17,0
DA:20,0
DA:21,0
DA:24,0
DA:25,0
DA:26,0
DA:27,0
DA:29,0
DA:30,0
DA:32,0
DA:35,0
DA:43,0
DA:46,12
DA:47,1
DA:48,0
DA:58,1
DA:59,1
DA:60,1
DA:61,1
DA:63,1
DA:64,1
DA:65,1
DA:66,0
DA:68,1
DA:69,0
DA:72,1
DA:76,0
DA:77,0
DA:87,0
DA:88,0
DA:90,0
DA:92,0
DA:93,0
DA:94,0
DA:96,0
DA:97,0
DA:98,0
DA:99,0
DA:101,0
DA:106,0
DA:107,0
DA:108,0
DA:111,0
DA:112,0
DA:113,0
DA:114,0
DA:120,0
DA:122,0
DA:123,0
DA:124,0
DA:127,0
DA:137,12
LF:61
LH:17
BRDA:1,0,0,1
BRDA:1,0,1,0
BRDA:3,1,0,0
BRDA:3,2,0,0
BRDA:5,3,0,1
BRDA:5,3,1,0
BRDA:5,4,0,1
BRDA:5,4,1,0
BRDA:6,5,0,8
BRDA:6,5,1,2
BRDA:11,6,0,0
BRDA:11,7,0,0
BRDA:12,8,0,0
BRDA:12,8,1,0
BRDA:14,9,0,0
BRDA:14,9,1,0
BRDA:15,10,0,0
BRDA:15,10,1,0
BRDA:16,11,0,0
BRDA:16,11,1,0
BRDA:21,12,0,0
BRDA:21,12,1,0
BRDA:24,13,0,0
BRDA:24,13,1,0
BRDA:25,14,0,0
BRDA:25,14,1,0
BRDA:25,15,0,0
BRDA:25,15,1,0
BRDA:26,16,0,0
BRDA:26,16,1,0
BRDA:26,17,0,0
BRDA:26,17,1,0
BRDA:29,18,0,0
BRDA:29,18,1,0
BRDA:29,19,0,0
BRDA:29,19,1,0
BRDA:37,20,0,0
BRDA:37,20,1,0
BRDA:38,21,0,0
BRDA:38,21,1,0
BRDA:39,22,0,0
BRDA:39,22,1,0
BRDA:46,23,0,1
BRDA:47,24,0,0
BRDA:47,24,1,1
BRDA:59,25,0,1
BRDA:59,25,1,1
BRDA:61,26,0,0
BRDA:61,26,1,1
BRDA:63,27,0,0
BRDA:63,27,1,1
BRDA:65,28,0,0
BRDA:65,28,1,1
BRDA:68,29,0,0
BRDA:68,29,1,1
BRDA:76,30,0,0
BRDA:76,30,1,0
BRDA:96,31,0,0
BRDA:96,31,1,0
BRDA:96,32,0,0
BRDA:96,32,1,0
BRDA:97,33,0,0
BRDA:97,33,1,0
BRDA:97,34,0,0
BRDA:97,34,1,0
BRDA:98,35,0,0
BRDA:98,35,1,0
BRDA:98,35,2,0
BRDA:106,36,0,0
BRDA:106,36,1,0
BRDA:111,37,0,0
BRDA:111,37,1,0
BRDA:111,38,0,0
BRDA:111,38,1,0
BRDA:113,39,0,0
BRDA:113,39,1,0
BRDA:114,40,0,0
BRDA:114,40,1,0
BRDA:122,41,0,0
BRDA:122,41,1,0
BRF:80
BRH:13
end_of_record
